PRT1
218
557
4 0 4 (2048 2240 1022.219971 ) (2048 2523.939941 1022.219971 ) (2048 2523.939941 -734.222046 ) (2048 2240 -734.222046 ) 
4 0 2 (2240 2240 -576 ) (2240 2240 1022.219971 ) (2048 2240 1022.219971 ) (2048 2240 -576 ) 
4 0 3 (2048 2240 -734.222046 ) (2240 2240 -734.222046 ) (2240 2240 -640 ) (2048 2240 -640 ) 
4 0 1 (2240 2240 -734.222046 ) (2523.939941 2240 -734.222046 ) (2523.939941 2240 1022.219971 ) (2240 2240 1022.219971 ) 
4 1 15 (2523.939941 2048 1022.219971 ) (2240 2048 1022.219971 ) (2240 2048 -734.222046 ) (2523.939941 2048 -734.222046 ) 
4 1 2 (2240 2240 1022.219971 ) (2240 2240 -576 ) (2240 2048 -576 ) (2240 2048 1022.219971 ) 
4 1 3 (2240 2240 -640 ) (2240 2240 -734.222046 ) (2240 2048 -734.222046 ) (2240 2048 -640 ) 
4 2 16 (2240 2048 1022.219971 ) (2048 2048 1022.219971 ) (2048 2048 -576 ) (2240 2048 -576 ) 
4 2 5 (2048 2048 -576 ) (2048 2048 1022.219971 ) (2048 2240 1022.219971 ) (2048 2240 -576 ) 
4 3 17 (2048 2048 -640 ) (2048 2048 -734.222046 ) (2240 2048 -734.222046 ) (2240 2048 -640 ) 
4 3 6 (2048 2048 -734.222046 ) (2048 2048 -640 ) (2048 2240 -640 ) (2048 2240 -734.222046 ) 
4 4 13 (1024 2523.939941 -576 ) (1024 2523.939941 -734.222046 ) (1024 2240 -734.222046 ) (1024 2240 -576 ) 
4 4 7 (1024 2240 1022.219971 ) (1024 2523.939941 1022.219971 ) (1024 2523.939941 -576 ) (1024 2240 -576 ) 
4 4 5 (2048 2240 -576 ) (2048 2240 1022.219971 ) (1024 2240 1022.219971 ) (1024 2240 -576 ) 
4 4 6 (1024 2240 -734.222046 ) (2048 2240 -734.222046 ) (2048 2240 -640 ) (1024 2240 -640 ) 
4 5 23 (1476 2048 -448 ) (1316 2048 -448 ) (1316 2048 -576 ) (1476 2048 -576 ) 
4 5 22 (2048 2048 -576 ) (2048 2048 -448 ) (1476 2048 -448 ) (1476 2048 -576 ) 
4 5 24 (1316 2048 -448 ) (1024 2048 -448 ) (1024 2048 -576 ) (1316 2048 -576 ) 
4 5 21 (2048 2048 -448 ) (2048 2048 1022.219971 ) (1024 2048 1022.219971 ) (1024 2048 -448 ) 
4 5 10 (1024 2048 -576 ) (1024 2048 1022.219971 ) (1024 2112 1022.219971 ) (1024 2112 -576 ) 
4 5 8 (1024 2112 1022.219971 ) (1024 2128 1022.219971 ) (1024 2128 -576 ) (1024 2112 -576 ) 
4 5 7 (1024 2128 1022.219971 ) (1024 2240 1022.219971 ) (1024 2240 -576 ) (1024 2128 -576 ) 
4 6 30 (2048 2048 -734.222046 ) (2048 2048 -640 ) (1024 2048 -640 ) (1024 2048 -734.222046 ) 
4 6 14 (1024 2048 -734.222046 ) (1024 2048 -640 ) (1024 2240 -640 ) (1024 2240 -734.222046 ) 
4 7 48 (0 2128 1022.219971 ) (0 2523.939941 1022.219971 ) (0 2523.939941 -576 ) (0 2128 -576 ) 
4 7 13 (1024 2523.939941 -576 ) (1024 2240 -576 ) (0 2240 -576 ) (0 2523.939941 -576 ) 
4 7 9 (144 2128 -448 ) (144 2128 1022.219971 ) (0 2128 1022.219971 ) (0 2128 -448 ) 
4 7 8 (144 2128 -576 ) (1024 2128 -576 ) (1024 2128 1022.219971 ) (144 2128 1022.219971 ) 
4 8 10 (144 2112 -576 ) (1024 2112 -576 ) (1024 2112 1022.219971 ) (144 2112 1022.219971 ) 
4 8 9 (144 2128 1022.219971 ) (144 2128 -448 ) (144 2112 -448 ) (144 2112 1022.219971 ) 
4 9 49 (0 2112 1022.219971 ) (0 2128 1022.219971 ) (0 2128 -448 ) (0 2112 -448 ) 
4 9 11 (144 2112 -448 ) (144 2112 1022.219971 ) (128 2112 1022.219971 ) (128 2112 -448 ) 
4 9 12 (128 2112 1022.219971 ) (0 2112 1022.219971 ) (0 2112 -448 ) (128 2112 -448 ) 
4 10 35 (932 2048 -448 ) (144 2048 -448 ) (144 2048 -576 ) (932 2048 -576 ) 
4 10 33 (948 2048 -448 ) (932 2048 -448 ) (932 2048 -576 ) (948 2048 -576 ) 
4 10 32 (1024 2048 -576 ) (1024 2048 -448 ) (948 2048 -448 ) (948 2048 -576 ) 
4 10 31 (1024 2048 -448 ) (1024 2048 1022.219971 ) (144 2048 1022.219971 ) (144 2048 -448 ) 
4 10 11 (144 2112 1022.219971 ) (144 2112 -448 ) (144 2048 -448 ) (144 2048 1022.219971 ) 
4 11 31 (144 2048 1022.219971 ) (128 2048 1022.219971 ) (128 2048 -448 ) (144 2048 -448 ) 
4 11 12 (128 2112 1022.219971 ) (128 2112 -448 ) (128 2048 -448 ) (128 2048 1022.219971 ) 
4 12 50 (0 2048 -576 ) (0 2048 1022.219971 ) (0 2112 1022.219971 ) (0 2112 -576 ) 
4 12 37 (0 2048 -448 ) (0 2048 -576 ) (128 2048 -576 ) (128 2048 -448 ) 
4 12 31 (128 2048 1022.219971 ) (0 2048 1022.219971 ) (0 2048 -448 ) (128 2048 -448 ) 
4 13 52 (0 2240 -576 ) (0 2523.939941 -576 ) (0 2523.939941 -734.222046 ) (0 2240 -734.222046 ) 
4 13 14 (0 2240 -734.222046 ) (1024 2240 -734.222046 ) (1024 2240 -640 ) (0 2240 -640 ) 
4 14 53 (0 2048 -734.222046 ) (0 2048 -640 ) (0 2240 -640 ) (0 2240 -734.222046 ) 
4 14 38 (1024 2048 -734.222046 ) (1024 2048 -640 ) (0 2048 -640 ) (0 2048 -734.222046 ) 
4 15 18 (2523.939941 1024 1022.219971 ) (2240 1024 1022.219971 ) (2240 1024 -734.222046 ) (2523.939941 1024 -734.222046 ) 
4 15 16 (2240 1024 -576 ) (2240 1024 1022.219971 ) (2240 2048 1022.219971 ) (2240 2048 -576 ) 
4 15 17 (2240 2048 -734.222046 ) (2240 1024 -734.222046 ) (2240 1024 -640 ) (2240 2048 -640 ) 
4 16 25 (2048 1850 -576 ) (2048 1024 -576 ) (2048 1024 -448 ) (2048 1850 -448 ) 
4 16 22 (2048 2048 -448 ) (2048 2048 -576 ) (2048 1850 -576 ) (2048 1850 -448 ) 
4 16 21 (2048 2048 1022.219971 ) (2048 2048 -448 ) (2048 1024 -448 ) (2048 1024 1022.219971 ) 
4 16 19 (2240 1024 1022.219971 ) (2048 1024 1022.219971 ) (2048 1024 -576 ) (2240 1024 -576 ) 
4 17 30 (2048 2048 -640 ) (2048 2048 -734.222046 ) (2048 1024 -734.222046 ) (2048 1024 -640 ) 
4 17 20 (2048 1024 -640 ) (2048 1024 -734.222046 ) (2240 1024 -734.222046 ) (2240 1024 -640 ) 
4 18 81 (2523.939941 0 1022.219971 ) (2240 0 1022.219971 ) (2240 0 -734.222046 ) (2523.939941 0 -734.222046 ) 
4 18 19 (2240 0 -576 ) (2240 0 1022.219971 ) (2240 1024 1022.219971 ) (2240 1024 -576 ) 
4 18 20 (2240 1024 -734.222046 ) (2240 0 -734.222046 ) (2240 0 -640 ) (2240 1024 -640 ) 
4 19 82 (2240 0 1022.219971 ) (2048 0 1022.219971 ) (2048 0 -576 ) (2240 0 -576 ) 
4 19 39 (2048 0 -576 ) (2048 0 1022.219971 ) (2048 1024 1022.219971 ) (2048 1024 -576 ) 
4 20 83 (2048 0 -640 ) (2048 0 -734.222046 ) (2240 0 -734.222046 ) (2240 0 -640 ) 
4 20 40 (2048 0 -734.222046 ) (2048 0 -640 ) (2048 1024 -640 ) (2048 1024 -734.222046 ) 
4 21 39 (2048 1024 -448 ) (2048 1024 1022.219971 ) (1024 1024 1022.219971 ) (1024 1024 -448 ) 
4 21 31 (1024 2048 1022.219971 ) (1024 2048 -448 ) (1024 1024 -448 ) (1024 1024 1022.219971 ) 
4 21 28 (1024 1338 -448 ) (1024 1850 -448 ) (1092 1850 -448 ) (1092 1338 -448 ) 
4 21 29 (1024 1024 -448 ) (1024 1322 -448 ) (1092 1322 -448 ) (1092 1024 -448 ) 
4 21 26 (1476 1690 -448 ) (1476 1024 -448 ) (1460 1024 -448 ) (1460 1690 -448 ) 
4 21 25 (1476 1850 -448 ) (2048 1850 -448 ) (2048 1024 -448 ) (1476 1024 -448 ) 
4 21 27 (1092 1850 -448 ) (1460 1850 -448 ) (1460 1024 -448 ) (1092 1024 -448 ) 
4 21 23 (1316 2048 -448 ) (1476 2048 -448 ) (1476 1866 -448 ) (1316 1866 -448 ) 
4 21 22 (1476 2048 -448 ) (2048 2048 -448 ) (2048 1850 -448 ) (1476 1850 -448 ) 
4 21 24 (1024 1850 -448 ) (1024 2048 -448 ) (1316 2048 -448 ) (1316 1850 -448 ) 
4 22 25 (1476 1850 -576 ) (2048 1850 -576 ) (2048 1850 -448 ) (1476 1850 -448 ) 
4 22 23 (1476 2048 -576 ) (1476 1866 -576 ) (1476 1866 -448 ) (1476 2048 -448 ) 
4 23 24 (1316 2048 -576 ) (1316 1866 -576 ) (1316 1866 -448 ) (1316 2048 -448 ) 
4 24 32 (1024 2048 -448 ) (1024 2048 -576 ) (1024 1850 -576 ) (1024 1850 -448 ) 
4 24 28 (1024 1850 -576 ) (1092 1850 -576 ) (1092 1850 -448 ) (1024 1850 -448 ) 
4 24 27 (1092 1850 -576 ) (1316 1850 -576 ) (1316 1850 -448 ) (1092 1850 -448 ) 
4 25 39 (2048 1024 -576 ) (2048 1024 -448 ) (1476 1024 -448 ) (1476 1024 -576 ) 
4 25 26 (1476 1690 -576 ) (1476 1024 -576 ) (1476 1024 -448 ) (1476 1690 -448 ) 
4 26 39 (1476 1024 -448 ) (1460 1024 -448 ) (1460 1024 -576 ) (1476 1024 -576 ) 
4 26 27 (1460 1690 -576 ) (1460 1024 -576 ) (1460 1024 -448 ) (1460 1690 -448 ) 
4 27 39 (1460 1024 -448 ) (1092 1024 -448 ) (1092 1024 -576 ) (1460 1024 -576 ) 
4 27 28 (1092 1850 -448 ) (1092 1850 -576 ) (1092 1338 -576 ) (1092 1338 -448 ) 
4 27 29 (1092 1322 -576 ) (1092 1024 -576 ) (1092 1024 -448 ) (1092 1322 -448 ) 
4 28 32 (1024 1850 -576 ) (1024 1338 -576 ) (1024 1338 -448 ) (1024 1850 -448 ) 
4 29 39 (1092 1024 -448 ) (1024 1024 -448 ) (1024 1024 -576 ) (1092 1024 -576 ) 
4 29 34 (1024 1322 -576 ) (1024 1024 -576 ) (1024 1024 -448 ) (1024 1322 -448 ) 
4 30 40 (2048 1024 -734.222046 ) (2048 1024 -640 ) (1024 1024 -640 ) (1024 1024 -734.222046 ) 
4 30 38 (1024 2048 -640 ) (1024 2048 -734.222046 ) (1024 1024 -734.222046 ) (1024 1024 -640 ) 
4 31 61 (0 1024 -448 ) (0 1024 1022.219971 ) (0 2048 1022.219971 ) (0 2048 -448 ) 
4 31 41 (1024 1024 -448 ) (1024 1024 1022.219971 ) (0 1024 1022.219971 ) (0 1024 -448 ) 
4 31 36 (144 1024 -448 ) (128 1024 -448 ) (128 1952 -448 ) (144 1952 -448 ) 
4 31 35 (932 1024 -448 ) (144 1024 -448 ) (144 2048 -448 ) (932 2048 -448 ) 
4 31 37 (128 1024 -448 ) (0 1024 -448 ) (0 2048 -448 ) (128 2048 -448 ) 
4 31 34 (1024 1024 -448 ) (932 1024 -448 ) (932 1322 -448 ) (1024 1322 -448 ) 
4 31 33 (932 1498 -448 ) (932 2048 -448 ) (948 2048 -448 ) (948 1498 -448 ) 
4 31 32 (948 2048 -448 ) (1024 2048 -448 ) (1024 1338 -448 ) (948 1338 -448 ) 
4 32 33 (948 2048 -576 ) (948 1498 -576 ) (948 1498 -448 ) (948 2048 -448 ) 
4 33 35 (932 2048 -576 ) (932 1498 -576 ) (932 1498 -448 ) (932 2048 -448 ) 
4 34 42 (1024 1024 -576 ) (1024 1024 -448 ) (932 1024 -448 ) (932 1024 -576 ) 
4 34 35 (932 1322 -576 ) (932 1024 -576 ) (932 1024 -448 ) (932 1322 -448 ) 
4 35 43 (798 1024 -448 ) (638 1024 -448 ) (638 1024 -576 ) (798 1024 -576 ) 
4 35 42 (932 1024 -448 ) (798 1024 -448 ) (798 1024 -576 ) (932 1024 -576 ) 
4 35 44 (638 1024 -448 ) (144 1024 -448 ) (144 1024 -576 ) (638 1024 -576 ) 
4 35 36 (144 1952 -576 ) (144 1024 -576 ) (144 1024 -448 ) (144 1952 -448 ) 
4 36 44 (144 1024 -448 ) (128 1024 -448 ) (128 1024 -576 ) (144 1024 -576 ) 
4 36 37 (128 1952 -576 ) (128 1024 -576 ) (128 1024 -448 ) (128 1952 -448 ) 
4 37 65 (0 1024 -576 ) (0 1024 -448 ) (0 1600 -448 ) (0 1600 -576 ) 
4 37 62 (0 1600 -448 ) (0 2048 -448 ) (0 2048 -576 ) (0 1600 -576 ) 
4 37 44 (128 1024 -448 ) (0 1024 -448 ) (0 1024 -576 ) (128 1024 -576 ) 
4 38 68 (0 1024 -734.222046 ) (0 1024 -640 ) (0 2048 -640 ) (0 2048 -734.222046 ) 
4 38 47 (1024 1024 -734.222046 ) (1024 1024 -640 ) (0 1024 -640 ) (0 1024 -734.222046 ) 
4 39 89 (2048 0 -576 ) (2048 0 1022.219971 ) (1024 0 1022.219971 ) (1024 0 -576 ) 
4 39 45 (1024 48 -576 ) (1024 0 -576 ) (1024 0 -448 ) (1024 48 -448 ) 
4 39 42 (1024 1024 -448 ) (1024 1024 -576 ) (1024 48 -576 ) (1024 48 -448 ) 
4 39 41 (1024 1024 1022.219971 ) (1024 1024 -448 ) (1024 0 -448 ) (1024 0 1022.219971 ) 
4 40 90 (2048 0 -734.222046 ) (2048 0 -640 ) (1024 0 -640 ) (1024 0 -734.222046 ) 
4 40 47 (1024 1024 -640 ) (1024 1024 -734.222046 ) (1024 0 -734.222046 ) (1024 0 -640 ) 
4 41 91 (1024 0 -448 ) (1024 0 1022.219971 ) (0 0 1022.219971 ) (0 0 -448 ) 
4 41 71 (0 0 -448 ) (0 0 1022.219971 ) (0 1024 1022.219971 ) (0 1024 -448 ) 
4 41 45 (1024 0 -448 ) (798 0 -448 ) (798 48 -448 ) (1024 48 -448 ) 
4 41 46 (782 0 -448 ) (0 0 -448 ) (0 48 -448 ) (782 48 -448 ) 
4 41 43 (638 1024 -448 ) (798 1024 -448 ) (798 64 -448 ) (638 64 -448 ) 
4 41 42 (798 1024 -448 ) (1024 1024 -448 ) (1024 48 -448 ) (798 48 -448 ) 
4 41 44 (0 48 -448 ) (0 1024 -448 ) (638 1024 -448 ) (638 48 -448 ) 
4 42 45 (798 48 -576 ) (1024 48 -576 ) (1024 48 -448 ) (798 48 -448 ) 
4 42 43 (798 1024 -576 ) (798 64 -576 ) (798 64 -448 ) (798 1024 -448 ) 
4 43 44 (638 1024 -576 ) (638 64 -576 ) (638 64 -448 ) (638 1024 -448 ) 
4 44 71 (0 48 -448 ) (0 1024 -448 ) (0 1024 -576 ) (0 48 -576 ) 
4 44 46 (0 48 -576 ) (638 48 -576 ) (638 48 -448 ) (0 48 -448 ) 
4 45 92 (1024 0 -576 ) (1024 0 -448 ) (798 0 -448 ) (798 0 -576 ) 
4 46 95 (270 0 -448 ) (254 0 -448 ) (254 0 -576 ) (270 0 -576 ) 
4 46 96 (254 0 -448 ) (0 0 -448 ) (0 0 -576 ) (254 0 -576 ) 
4 46 94 (782 0 -448 ) (270 0 -448 ) (270 0 -576 ) (782 0 -576 ) 
4 46 71 (0 0 -576 ) (0 0 -448 ) (0 48 -448 ) (0 48 -576 ) 
4 47 110 (1024 0 -734.222046 ) (1024 0 -640 ) (0 0 -640 ) (0 0 -734.222046 ) 
4 47 72 (0 0 -734.222046 ) (0 0 -640 ) (0 1024 -640 ) (0 1024 -734.222046 ) 
4 48 55 (-1024 2128 1022.219971 ) (-1024 2240 1022.219971 ) (-1024 2240 -576 ) (-1024 2128 -576 ) 
4 48 54 (-1024 2240 1022.219971 ) (-1024 2523.939941 1022.219971 ) (-1024 2523.939941 -576 ) (-1024 2240 -576 ) 
4 48 52 (-1024 2240 -576 ) (-1024 2523.939941 -576 ) (0 2523.939941 -576 ) (0 2240 -576 ) 
4 48 49 (0 2128 -448 ) (0 2128 1022.219971 ) (-16 2128 1022.219971 ) (-16 2128 -448 ) 
4 48 51 (-1024 2128 -576 ) (-16 2128 -576 ) (-16 2128 1022.219971 ) (-1024 2128 1022.219971 ) 
4 49 50 (-16 2112 1022.219971 ) (-16 2112 -448 ) (0 2112 -448 ) (0 2112 1022.219971 ) 
4 49 51 (-16 2128 1022.219971 ) (-16 2128 -448 ) (-16 2112 -448 ) (-16 2112 1022.219971 ) 
4 50 62 (0 2048 -576 ) (0 2048 -448 ) (-16 2048 -448 ) (-16 2048 -576 ) 
4 50 61 (0 2048 -448 ) (0 2048 1022.219971 ) (-16 2048 1022.219971 ) (-16 2048 -448 ) 
4 50 51 (-16 2112 -576 ) (-16 2048 -576 ) (-16 2048 1022.219971 ) (-16 2112 1022.219971 ) 
4 51 63 (-400 2048 -576 ) (-384 2048 -576 ) (-384 2048 -448 ) (-400 2048 -448 ) 
4 51 62 (-384 2048 -576 ) (-16 2048 -576 ) (-16 2048 -448 ) (-384 2048 -448 ) 
4 51 64 (-1024 2048 -448 ) (-1024 2048 -576 ) (-400 2048 -576 ) (-400 2048 -448 ) 
4 51 61 (-16 2048 1022.219971 ) (-1024 2048 1022.219971 ) (-1024 2048 -448 ) (-16 2048 -448 ) 
4 51 55 (-1024 2048 -576 ) (-1024 2048 1022.219971 ) (-1024 2128 1022.219971 ) (-1024 2128 -576 ) 
4 52 54 (-1024 2240 -576 ) (-1024 2523.939941 -576 ) (-1024 2523.939941 -734.222046 ) (-1024 2240 -734.222046 ) 
4 52 53 (-1024 2240 -734.222046 ) (0 2240 -734.222046 ) (0 2240 -640 ) (-1024 2240 -640 ) 
4 53 68 (0 2048 -734.222046 ) (0 2048 -640 ) (-1024 2048 -640 ) (-1024 2048 -734.222046 ) 
4 53 56 (-1024 2048 -734.222046 ) (-1024 2048 -640 ) (-1024 2240 -640 ) (-1024 2240 -734.222046 ) 
4 54 57 (-2048 2240 1022.219971 ) (-2048 2523.939941 1022.219971 ) (-2048 2523.939941 -734.222046 ) (-2048 2240 -734.222046 ) 
4 54 55 (-1024 2240 -576 ) (-1024 2240 1022.219971 ) (-2048 2240 1022.219971 ) (-2048 2240 -576 ) 
4 54 56 (-2048 2240 -734.222046 ) (-1024 2240 -734.222046 ) (-1024 2240 -640 ) (-2048 2240 -640 ) 
4 55 69 (-1024 2048 -576 ) (-1024 2048 1022.219971 ) (-2048 2048 1022.219971 ) (-2048 2048 -576 ) 
4 55 58 (-2048 2048 -576 ) (-2048 2048 1022.219971 ) (-2048 2240 1022.219971 ) (-2048 2240 -576 ) 
4 56 70 (-1024 2048 -734.222046 ) (-1024 2048 -640 ) (-2048 2048 -640 ) (-2048 2048 -734.222046 ) 
4 56 59 (-2048 2048 -734.222046 ) (-2048 2048 -640 ) (-2048 2240 -640 ) (-2048 2240 -734.222046 ) 
4 57 58 (-2048 2240 -576 ) (-2048 2240 1022.219971 ) (-2240 2240 1022.219971 ) (-2240 2240 -576 ) 
4 57 59 (-2240 2240 -734.222046 ) (-2048 2240 -734.222046 ) (-2048 2240 -640 ) (-2240 2240 -640 ) 
4 57 60 (-2523.939941 2240 1022.219971 ) (-2523.939941 2240 -734.222046 ) (-2240 2240 -734.222046 ) (-2240 2240 1022.219971 ) 
4 58 75 (-2048 2048 -576 ) (-2048 2048 1022.219971 ) (-2240 2048 1022.219971 ) (-2240 2048 -576 ) 
4 58 60 (-2240 2240 1022.219971 ) (-2240 2240 -576 ) (-2240 2048 -576 ) (-2240 2048 1022.219971 ) 
4 59 76 (-2048 2048 -734.222046 ) (-2048 2048 -640 ) (-2240 2048 -640 ) (-2240 2048 -734.222046 ) 
4 59 60 (-2240 2240 -640 ) (-2240 2240 -734.222046 ) (-2240 2048 -734.222046 ) (-2240 2048 -640 ) 
4 60 77 (-2240 2048 1022.219971 ) (-2523.939941 2048 1022.219971 ) (-2523.939941 2048 -734.222046 ) (-2240 2048 -734.222046 ) 
4 61 71 (0 1024 -448 ) (0 1024 1022.219971 ) (-1024 1024 1022.219971 ) (-1024 1024 -448 ) 
4 61 69 (-1024 2048 1022.219971 ) (-1024 2048 -448 ) (-1024 1024 -448 ) (-1024 1024 1022.219971 ) 
4 61 66 (-240 1584 -448 ) (-240 1024 -448 ) (-400 1024 -448 ) (-400 1584 -448 ) 
4 61 65 (-240 1600 -448 ) (0 1600 -448 ) (0 1024 -448 ) (-240 1024 -448 ) 
4 61 67 (-1024 1024 -448 ) (-1024 1600 -448 ) (-400 1600 -448 ) (-400 1024 -448 ) 
4 61 63 (-400 2048 -448 ) (-384 2048 -448 ) (-384 1760 -448 ) (-400 1760 -448 ) 
4 61 62 (-384 2048 -448 ) (0 2048 -448 ) (0 1600 -448 ) (-384 1600 -448 ) 
4 61 64 (-1024 1600 -448 ) (-1024 2048 -448 ) (-400 2048 -448 ) (-400 1600 -448 ) 
4 62 65 (-240 1600 -576 ) (0 1600 -576 ) (0 1600 -448 ) (-240 1600 -448 ) 
4 62 63 (-384 2048 -576 ) (-384 1760 -576 ) (-384 1760 -448 ) (-384 2048 -448 ) 
4 63 64 (-400 2048 -576 ) (-400 1760 -576 ) (-400 1760 -448 ) (-400 2048 -448 ) 
4 64 69 (-1024 2048 -448 ) (-1024 2048 -576 ) (-1024 1600 -576 ) (-1024 1600 -448 ) 
4 64 67 (-1024 1600 -576 ) (-400 1600 -576 ) (-400 1600 -448 ) (-1024 1600 -448 ) 
4 65 71 (0 1024 -576 ) (0 1024 -448 ) (-240 1024 -448 ) (-240 1024 -576 ) 
4 65 66 (-240 1584 -576 ) (-240 1024 -576 ) (-240 1024 -448 ) (-240 1584 -448 ) 
4 66 71 (-240 1024 -448 ) (-400 1024 -448 ) (-400 1024 -576 ) (-240 1024 -576 ) 
4 66 67 (-400 1584 -576 ) (-400 1024 -576 ) (-400 1024 -448 ) (-400 1584 -448 ) 
4 67 71 (-400 1024 -448 ) (-1024 1024 -448 ) (-1024 1024 -576 ) (-400 1024 -576 ) 
4 67 69 (-1024 1600 -576 ) (-1024 1024 -576 ) (-1024 1024 -448 ) (-1024 1600 -448 ) 
4 68 72 (0 1024 -734.222046 ) (0 1024 -640 ) (-1024 1024 -640 ) (-1024 1024 -734.222046 ) 
4 68 70 (-1024 2048 -640 ) (-1024 2048 -734.222046 ) (-1024 1024 -734.222046 ) (-1024 1024 -640 ) 
4 69 75 (-2048 2048 1022.219971 ) (-2048 2048 -576 ) (-2048 1024 -576 ) (-2048 1024 1022.219971 ) 
4 69 73 (-1024 1024 -576 ) (-1024 1024 1022.219971 ) (-2048 1024 1022.219971 ) (-2048 1024 -576 ) 
4 70 76 (-2048 2048 -640 ) (-2048 2048 -734.222046 ) (-2048 1024 -734.222046 ) (-2048 1024 -640 ) 
4 70 74 (-1024 1024 -734.222046 ) (-1024 1024 -640 ) (-2048 1024 -640 ) (-2048 1024 -734.222046 ) 
4 71 157 (0 0 -576 ) (0 0 1022.219971 ) (-1024 0 1022.219971 ) (-1024 0 -576 ) 
4 71 73 (-1024 1024 1022.219971 ) (-1024 1024 -576 ) (-1024 0 -576 ) (-1024 0 1022.219971 ) 
4 72 158 (0 0 -734.222046 ) (0 0 -640 ) (-1024 0 -640 ) (-1024 0 -734.222046 ) 
4 72 74 (-1024 1024 -640 ) (-1024 1024 -734.222046 ) (-1024 0 -734.222046 ) (-1024 0 -640 ) 
4 73 159 (-1024 0 -576 ) (-1024 0 1022.219971 ) (-2048 0 1022.219971 ) (-2048 0 -576 ) 
4 73 78 (-2048 0 -576 ) (-2048 0 1022.219971 ) (-2048 1024 1022.219971 ) (-2048 1024 -576 ) 
4 74 160 (-1024 0 -734.222046 ) (-1024 0 -640 ) (-2048 0 -640 ) (-2048 0 -734.222046 ) 
4 74 79 (-2048 0 -734.222046 ) (-2048 0 -640 ) (-2048 1024 -640 ) (-2048 1024 -734.222046 ) 
4 75 78 (-2048 1024 -576 ) (-2048 1024 1022.219971 ) (-2240 1024 1022.219971 ) (-2240 1024 -576 ) 
4 75 77 (-2240 1024 -576 ) (-2240 1024 1022.219971 ) (-2240 2048 1022.219971 ) (-2240 2048 -576 ) 
4 76 79 (-2048 1024 -734.222046 ) (-2048 1024 -640 ) (-2240 1024 -640 ) (-2240 1024 -734.222046 ) 
4 76 77 (-2240 2048 -734.222046 ) (-2240 1024 -734.222046 ) (-2240 1024 -640 ) (-2240 2048 -640 ) 
4 77 80 (-2240 1024 1022.219971 ) (-2523.939941 1024 1022.219971 ) (-2523.939941 1024 -734.222046 ) (-2240 1024 -734.222046 ) 
4 78 183 (-2048 0 -576 ) (-2048 0 1022.219971 ) (-2240 0 1022.219971 ) (-2240 0 -576 ) 
4 78 80 (-2240 0 -576 ) (-2240 0 1022.219971 ) (-2240 1024 1022.219971 ) (-2240 1024 -576 ) 
4 79 184 (-2048 0 -734.222046 ) (-2048 0 -640 ) (-2240 0 -640 ) (-2240 0 -734.222046 ) 
4 79 80 (-2240 1024 -734.222046 ) (-2240 0 -734.222046 ) (-2240 0 -640 ) (-2240 1024 -640 ) 
4 80 185 (-2240 0 1022.219971 ) (-2523.939941 0 1022.219971 ) (-2523.939941 0 -734.222046 ) (-2240 0 -734.222046 ) 
4 81 87 (2240 -1024 -576 ) (2240 -1024 -734.222046 ) (2523.939941 -1024 -734.222046 ) (2523.939941 -1024 -576 ) 
4 81 84 (2523.939941 -1024 1022.219971 ) (2240 -1024 1022.219971 ) (2240 -1024 -576 ) (2523.939941 -1024 -576 ) 
4 81 82 (2240 -1024 -576 ) (2240 -1024 1022.219971 ) (2240 0 1022.219971 ) (2240 0 -576 ) 
4 81 83 (2240 0 -734.222046 ) (2240 -1024 -734.222046 ) (2240 -1024 -640 ) (2240 0 -640 ) 
4 82 89 (2048 0 1022.219971 ) (2048 0 -576 ) (2048 -1024 -576 ) (2048 -1024 1022.219971 ) 
4 82 86 (2048 -1024 -569 ) (2048 -1024 -576 ) (2240 -1024 -576 ) (2240 -1024 -569 ) 
4 82 85 (2240 -1024 1022.219971 ) (2048 -1024 1022.219971 ) (2048 -1024 -569 ) (2240 -1024 -569 ) 
4 83 90 (2048 0 -640 ) (2048 0 -734.222046 ) (2048 -1024 -734.222046 ) (2048 -1024 -640 ) 
4 83 88 (2048 -1024 -640 ) (2048 -1024 -734.222046 ) (2240 -1024 -734.222046 ) (2240 -1024 -640 ) 
4 84 137 (2523.939941 -2048 1022.219971 ) (2240 -2048 1022.219971 ) (2240 -2048 -576 ) (2523.939941 -2048 -576 ) 
4 84 87 (2523.939941 -2048 -576 ) (2240 -2048 -576 ) (2240 -1024 -576 ) (2523.939941 -1024 -576 ) 
4 84 86 (2240 -1024 -576 ) (2240 -1734 -576 ) (2240 -1734 -569 ) (2240 -1024 -569 ) 
4 84 85 (2240 -2048 -569 ) (2240 -2048 1022.219971 ) (2240 -1024 1022.219971 ) (2240 -1024 -569 ) 
4 85 138 (2240 -2048 1022.219971 ) (2048 -2048 1022.219971 ) (2048 -2048 -569 ) (2240 -2048 -569 ) 
4 85 111 (2048 -2048 -569 ) (2048 -2048 1022.219971 ) (2048 -1024 1022.219971 ) (2048 -1024 -569 ) 
4 85 86 (2048 -1734 -569 ) (2048 -1024 -569 ) (2240 -1024 -569 ) (2240 -1734 -569 ) 
4 86 116 (2048 -1734 -569 ) (2048 -1024 -569 ) (2048 -1024 -576 ) (2048 -1734 -576 ) 
4 87 137 (2523.939941 -2048 -576 ) (2240 -2048 -576 ) (2240 -2048 -734.222046 ) (2523.939941 -2048 -734.222046 ) 
4 87 88 (2240 -1024 -734.222046 ) (2240 -2048 -734.222046 ) (2240 -2048 -640 ) (2240 -1024 -640 ) 
4 88 140 (2048 -2048 -640 ) (2048 -2048 -734.222046 ) (2240 -2048 -734.222046 ) (2240 -2048 -640 ) 
4 88 120 (2048 -2048 -734.222046 ) (2048 -2048 -640 ) (2048 -1024 -640 ) (2048 -1024 -734.222046 ) 
4 89 117 (1232 -1024 -569 ) (1090 -1024 -569 ) (1090 -1024 -576 ) (1232 -1024 -576 ) 
4 89 116 (2048 -1024 -576 ) (2048 -1024 -569 ) (1232 -1024 -569 ) (1232 -1024 -576 ) 
4 89 119 (1090 -1024 -569 ) (1024 -1024 -569 ) (1024 -1024 -576 ) (1090 -1024 -576 ) 
4 89 112 (1232 -1024 1022.219971 ) (1090 -1024 1022.219971 ) (1090 -1024 -569 ) (1232 -1024 -569 ) 
4 89 111 (2048 -1024 -569 ) (2048 -1024 1022.219971 ) (1232 -1024 1022.219971 ) (1232 -1024 -569 ) 
4 89 115 (1090 -1024 1022.219971 ) (1024 -1024 1022.219971 ) (1024 -1024 -569 ) (1090 -1024 -569 ) 
4 89 108 (1024 -822 -576 ) (1024 -1024 -576 ) (1024 -1024 -574 ) (1024 -822 -574 ) 
4 89 104 (1024 -1024 -574 ) (1024 -1024 -468 ) (1024 -822 -468 ) (1024 -822 -574 ) 
4 89 103 (1024 -1024 -468 ) (1024 -1024 -370 ) (1024 -822 -370 ) (1024 -822 -468 ) 
4 89 100 (1024 -1024 -370 ) (1024 -1024 1022.219971 ) (1024 -822 1022.219971 ) (1024 -822 -370 ) 
4 89 97 (1024 -464 -576 ) (1024 -822 -576 ) (1024 -822 -448 ) (1024 -464 -448 ) 
4 89 92 (1024 0 -448 ) (1024 0 -576 ) (1024 -464 -576 ) (1024 -464 -448 ) 
4 89 91 (1024 0 1022.219971 ) (1024 0 -448 ) (1024 -822 -448 ) (1024 -822 1022.219971 ) 
4 90 120 (2048 -1024 -734.222046 ) (2048 -1024 -640 ) (1024 -1024 -640 ) (1024 -1024 -734.222046 ) 
4 90 110 (1024 0 -640 ) (1024 0 -734.222046 ) (1024 -1024 -734.222046 ) (1024 -1024 -640 ) 
4 91 157 (0 0 1022.219971 ) (0 0 -448 ) (0 -822 -448 ) (0 -822 1022.219971 ) 
4 91 107 (0 -822 -370 ) (0 -822 -448 ) (384 -822 -448 ) (384 -822 -370 ) 
4 91 103 (768 -822 -448 ) (1024 -822 -448 ) (1024 -822 -370 ) (768 -822 -370 ) 
4 91 101 (768 -822 -368 ) (768 -822 1022.219971 ) (384 -822 1022.219971 ) (384 -822 -368 ) 
4 91 100 (768 -822 -370 ) (1024 -822 -370 ) (1024 -822 1022.219971 ) (768 -822 1022.219971 ) 
4 91 102 (0 -822 1022.219971 ) (0 -822 -370 ) (384 -822 -370 ) (384 -822 1022.219971 ) 
4 91 98 (414 -822 -448 ) (254 -822 -448 ) (254 -480 -448 ) (414 -480 -448 ) 
4 91 97 (1024 -822 -448 ) (414 -822 -448 ) (414 -464 -448 ) (1024 -464 -448 ) 
4 91 99 (254 -822 -448 ) (0 -822 -448 ) (0 -464 -448 ) (254 -464 -448 ) 
4 91 95 (254 0 -448 ) (270 0 -448 ) (270 -304 -448 ) (254 -304 -448 ) 
4 91 96 (0 -464 -448 ) (0 0 -448 ) (254 0 -448 ) (254 -464 -448 ) 
4 91 93 (798 -112 -448 ) (798 -464 -448 ) (782 -464 -448 ) (782 -112 -448 ) 
4 91 92 (798 0 -448 ) (1024 0 -448 ) (1024 -464 -448 ) (798 -464 -448 ) 
4 91 94 (270 0 -448 ) (782 0 -448 ) (782 -464 -448 ) (270 -464 -448 ) 
4 92 97 (798 -464 -576 ) (1024 -464 -576 ) (1024 -464 -448 ) (798 -464 -448 ) 
4 92 93 (798 -112 -576 ) (798 -464 -576 ) (798 -464 -448 ) (798 -112 -448 ) 
4 93 97 (782 -464 -576 ) (798 -464 -576 ) (798 -464 -448 ) (782 -464 -448 ) 
4 93 94 (782 -112 -576 ) (782 -464 -576 ) (782 -464 -448 ) (782 -112 -448 ) 
4 94 97 (414 -464 -576 ) (782 -464 -576 ) (782 -464 -448 ) (414 -464 -448 ) 
4 94 95 (270 0 -576 ) (270 -304 -576 ) (270 -304 -448 ) (270 0 -448 ) 
4 95 96 (254 0 -576 ) (254 -304 -576 ) (254 -304 -448 ) (254 0 -448 ) 
4 96 157 (0 0 -448 ) (0 0 -576 ) (0 -464 -576 ) (0 -464 -448 ) 
4 96 99 (0 -464 -576 ) (254 -464 -576 ) (254 -464 -448 ) (0 -464 -448 ) 
4 97 108 (768 -822 -576 ) (1024 -822 -576 ) (1024 -822 -574 ) (768 -822 -574 ) 
4 97 104 (1024 -822 -574 ) (1024 -822 -468 ) (768 -822 -468 ) (768 -822 -574 ) 
4 97 103 (1024 -822 -468 ) (1024 -822 -448 ) (768 -822 -448 ) (768 -822 -468 ) 
4 97 98 (414 -480 -576 ) (414 -822 -576 ) (414 -822 -448 ) (414 -480 -448 ) 
4 98 109 (254 -822 -576 ) (384 -822 -576 ) (384 -822 -574 ) (254 -822 -574 ) 
4 98 107 (384 -822 -448 ) (254 -822 -448 ) (254 -822 -574 ) (384 -822 -574 ) 
4 98 99 (254 -480 -576 ) (254 -822 -576 ) (254 -822 -448 ) (254 -480 -448 ) 
4 99 157 (0 -464 -576 ) (0 -822 -576 ) (0 -822 -448 ) (0 -464 -448 ) 
4 99 109 (0 -822 -574 ) (0 -822 -576 ) (254 -822 -576 ) (254 -822 -574 ) 
4 99 107 (0 -822 -448 ) (0 -822 -574 ) (254 -822 -574 ) (254 -822 -448 ) 
4 100 121 (1024 -1024 -370 ) (1024 -1024 1022.219971 ) (768 -1024 1022.219971 ) (768 -1024 -370 ) 
4 100 103 (1024 -1024 -370 ) (768 -1024 -370 ) (768 -822 -370 ) (1024 -822 -370 ) 
4 100 101 (768 -1024 -368 ) (768 -1024 1022.219971 ) (768 -822 1022.219971 ) (768 -822 -368 ) 
4 101 122 (768 -1024 1022.219971 ) (384 -1024 1022.219971 ) (384 -1024 -368 ) (768 -1024 -368 ) 
4 101 102 (384 -1024 -368 ) (384 -1024 1022.219971 ) (384 -822 1022.219971 ) (384 -822 -368 ) 
4 102 157 (0 -1024 -370 ) (0 -1024 1022.219971 ) (0 -822 1022.219971 ) (0 -822 -370 ) 
4 102 127 (384 -1024 1022.219971 ) (0 -1024 1022.219971 ) (0 -1024 -370 ) (384 -1024 -370 ) 
4 102 107 (384 -1024 -370 ) (0 -1024 -370 ) (0 -822 -370 ) (384 -822 -370 ) 
4 103 123 (1024 -1024 -468 ) (1024 -1024 -370 ) (768 -1024 -370 ) (768 -1024 -468 ) 
4 103 104 (1024 -1024 -468 ) (768 -1024 -468 ) (768 -822 -468 ) (1024 -822 -468 ) 
4 104 124 (1024 -1024 -574 ) (1024 -1024 -468 ) (768 -1024 -468 ) (768 -1024 -574 ) 
4 104 108 (768 -822 -574 ) (1024 -822 -574 ) (1024 -1024 -574 ) (768 -1024 -574 ) 
4 104 105 (768 -848 -574 ) (768 -892 -574 ) (768 -892 -468 ) (768 -848 -468 ) 
4 105 106 (766 -848 -574 ) (766 -892 -574 ) (766 -892 -468 ) (766 -848 -468 ) 
4 106 125 (766 -1024 -370 ) (386 -1024 -370 ) (386 -1024 -574 ) (766 -1024 -574 ) 
4 107 157 (0 -1024 -574 ) (0 -1024 -370 ) (0 -822 -370 ) (0 -822 -574 ) 
4 107 127 (384 -1024 -370 ) (0 -1024 -370 ) (0 -1024 -574 ) (384 -1024 -574 ) 
4 107 109 (0 -822 -574 ) (384 -822 -574 ) (384 -1024 -574 ) (0 -1024 -574 ) 
4 108 126 (1024 -1024 -576 ) (1024 -1024 -574 ) (768 -1024 -574 ) (768 -1024 -576 ) 
4 109 157 (0 -822 -576 ) (0 -1024 -576 ) (0 -1024 -574 ) (0 -822 -574 ) 
4 109 127 (384 -1024 -574 ) (0 -1024 -574 ) (0 -1024 -576 ) (384 -1024 -576 ) 
4 110 158 (0 0 -640 ) (0 0 -734.222046 ) (0 -1024 -734.222046 ) (0 -1024 -640 ) 
4 110 136 (1024 -1024 -734.222046 ) (1024 -1024 -640 ) (0 -1024 -640 ) (0 -1024 -734.222046 ) 
4 111 145 (2048 -2048 -569 ) (2048 -2048 1022.219971 ) (1232 -2048 1022.219971 ) (1232 -2048 -569 ) 
4 111 116 (1232 -1734 -569 ) (1232 -1024 -569 ) (2048 -1024 -569 ) (2048 -1734 -569 ) 
4 111 113 (1232 -1502 -416 ) (1232 -1502 1022.219971 ) (1232 -1500 1022.219971 ) (1232 -1500 -416 ) 
4 111 112 (1232 -1024 -569 ) (1232 -1500 -569 ) (1232 -1500 1022.219971 ) (1232 -1024 1022.219971 ) 
4 111 114 (1232 -1502 -569 ) (1232 -2048 -569 ) (1232 -2048 1022.219971 ) (1232 -1502 1022.219971 ) 
4 112 117 (1090 -1500 -569 ) (1090 -1024 -569 ) (1232 -1024 -569 ) (1232 -1500 -569 ) 
4 112 113 (1090 -1500 1022.219971 ) (1090 -1500 -416 ) (1232 -1500 -416 ) (1232 -1500 1022.219971 ) 
4 112 115 (1090 -1024 -569 ) (1090 -1500 -569 ) (1090 -1500 1022.219971 ) (1090 -1024 1022.219971 ) 
4 113 115 (1090 -1502 -416 ) (1090 -1502 1022.219971 ) (1090 -1500 1022.219971 ) (1090 -1500 -416 ) 
4 113 114 (1090 -1502 1022.219971 ) (1090 -1502 -416 ) (1232 -1502 -416 ) (1232 -1502 1022.219971 ) 
4 114 145 (1232 -2048 1022.219971 ) (1090 -2048 1022.219971 ) (1090 -2048 -569 ) (1232 -2048 -569 ) 
4 114 118 (1090 -1734 -569 ) (1090 -1502 -569 ) (1232 -1502 -569 ) (1232 -1734 -569 ) 
4 114 115 (1090 -1502 -569 ) (1090 -2048 -569 ) (1090 -2048 1022.219971 ) (1090 -1502 1022.219971 ) 
4 115 145 (1090 -2048 1022.219971 ) (1024 -2048 1022.219971 ) (1024 -2048 -569 ) (1090 -2048 -569 ) 
4 115 135 (1024 -1734 -569 ) (1024 -2048 -569 ) (1024 -2048 1022.219971 ) (1024 -1734 1022.219971 ) 
4 115 124 (1024 -1024 -468 ) (1024 -1024 -569 ) (1024 -1734 -569 ) (1024 -1734 -468 ) 
4 115 123 (1024 -1024 -370 ) (1024 -1024 -468 ) (1024 -1734 -468 ) (1024 -1734 -370 ) 
4 115 121 (1024 -1024 1022.219971 ) (1024 -1024 -370 ) (1024 -1734 -370 ) (1024 -1734 1022.219971 ) 
4 115 119 (1024 -1734 -569 ) (1024 -1024 -569 ) (1090 -1024 -569 ) (1090 -1734 -569 ) 
4 116 117 (1232 -1024 -576 ) (1232 -1500 -576 ) (1232 -1500 -569 ) (1232 -1024 -569 ) 
4 116 118 (1232 -1502 -576 ) (1232 -1734 -576 ) (1232 -1734 -569 ) (1232 -1502 -569 ) 
4 117 119 (1090 -1024 -576 ) (1090 -1500 -576 ) (1090 -1500 -569 ) (1090 -1024 -569 ) 
4 118 119 (1090 -1502 -576 ) (1090 -1734 -576 ) (1090 -1734 -569 ) (1090 -1502 -569 ) 
4 119 126 (1024 -1024 -574 ) (1024 -1024 -576 ) (1024 -1734 -576 ) (1024 -1734 -574 ) 
4 119 124 (1024 -1024 -569 ) (1024 -1024 -574 ) (1024 -1734 -574 ) (1024 -1734 -569 ) 
4 120 149 (2048 -2048 -734.222046 ) (2048 -2048 -640 ) (1024 -2048 -640 ) (1024 -2048 -734.222046 ) 
4 120 136 (1024 -1024 -640 ) (1024 -1024 -734.222046 ) (1024 -2048 -734.222046 ) (1024 -2048 -640 ) 
4 121 135 (1024 -1734 -370 ) (1024 -1734 1022.219971 ) (768 -1734 1022.219971 ) (768 -1734 -370 ) 
4 121 123 (1024 -1734 -370 ) (768 -1734 -370 ) (768 -1024 -370 ) (1024 -1024 -370 ) 
4 121 122 (768 -1734 -368 ) (768 -1734 1022.219971 ) (768 -1024 1022.219971 ) (768 -1024 -368 ) 
4 122 135 (768 -1734 1022.219971 ) (384 -1734 1022.219971 ) (384 -1734 -368 ) (768 -1734 -368 ) 
4 122 134 (384 -1734 -368 ) (384 -1734 1022.219971 ) (384 -1350 1022.219971 ) (384 -1350 -368 ) 
4 122 128 (384 -1350 1022.219971 ) (384 -1334 1022.219971 ) (384 -1334 -368 ) (384 -1350 -368 ) 
4 122 127 (384 -1334 1022.219971 ) (384 -1024 1022.219971 ) (384 -1024 -368 ) (384 -1334 -368 ) 
4 123 135 (1024 -1734 -468 ) (1024 -1734 -370 ) (768 -1734 -370 ) (768 -1734 -468 ) 
4 123 124 (1024 -1734 -468 ) (768 -1734 -468 ) (768 -1024 -468 ) (1024 -1024 -468 ) 
4 124 135 (1024 -1734 -569 ) (1024 -1734 -468 ) (768 -1734 -468 ) (768 -1734 -569 ) 
4 124 126 (1024 -1734 -574 ) (768 -1734 -574 ) (768 -1024 -574 ) (1024 -1024 -574 ) 
4 127 168 (0 -1024 -512 ) (0 -1024 -576 ) (0 -1334 -576 ) (0 -1334 -512 ) 
4 127 164 (0 -1024 -480 ) (0 -1024 -512 ) (0 -1334 -512 ) (0 -1334 -480 ) 
4 127 162 (0 -1024 -368 ) (0 -1024 -480 ) (0 -1334 -480 ) (0 -1334 -368 ) 
4 127 161 (0 -1024 1022.219971 ) (0 -1024 -368 ) (0 -1334 -368 ) (0 -1334 1022.219971 ) 
4 127 133 (2 -1334 -480 ) (0 -1334 -480 ) (0 -1334 -512 ) (2 -1334 -512 ) 
4 127 131 (162 -1334 -480 ) (130 -1334 -480 ) (130 -1334 -512 ) (162 -1334 -512 ) 
4 127 132 (98 -1334 -480 ) (66 -1334 -480 ) (66 -1334 -512 ) (98 -1334 -512 ) 
4 127 129 (346 -1334 -480 ) (308 -1334 -480 ) (308 -1334 -512 ) (346 -1334 -512 ) 
4 127 130 (270 -1334 -480 ) (232 -1334 -480 ) (232 -1334 -512 ) (270 -1334 -512 ) 
4 127 128 (384 -1334 -368 ) (384 -1334 1022.219971 ) (0 -1334 1022.219971 ) (0 -1334 -368 ) 
4 128 161 (0 -1334 1022.219971 ) (0 -1334 -368 ) (0 -1350 -368 ) (0 -1350 1022.219971 ) 
4 128 134 (0 -1350 1022.219971 ) (0 -1350 -368 ) (384 -1350 -368 ) (384 -1350 1022.219971 ) 
4 129 134 (308 -1350 -512 ) (346 -1350 -512 ) (346 -1350 -480 ) (308 -1350 -480 ) 
4 130 134 (232 -1350 -512 ) (270 -1350 -512 ) (270 -1350 -480 ) (232 -1350 -480 ) 
4 131 134 (130 -1350 -512 ) (162 -1350 -512 ) (162 -1350 -480 ) (130 -1350 -480 ) 
4 132 134 (66 -1350 -512 ) (98 -1350 -512 ) (98 -1350 -480 ) (66 -1350 -480 ) 
4 133 165 (0 -1334 -480 ) (0 -1334 -512 ) (0 -1350 -512 ) (0 -1350 -480 ) 
4 133 134 (0 -1350 -480 ) (0 -1350 -512 ) (2 -1350 -512 ) (2 -1350 -480 ) 
4 134 175 (0 -1714 -569 ) (0 -1734 -569 ) (0 -1734 1022.219971 ) (0 -1714 1022.219971 ) 
4 134 173 (0 -1712 -569 ) (0 -1714 -569 ) (0 -1714 -448 ) (0 -1712 -448 ) 
4 134 171 (0 -1350 -448 ) (0 -1350 -569 ) (0 -1712 -569 ) (0 -1712 -448 ) 
4 134 170 (0 -1350 1022.219971 ) (0 -1350 -448 ) (0 -1714 -448 ) (0 -1714 1022.219971 ) 
4 134 135 (0 -1734 1022.219971 ) (0 -1734 -569 ) (384 -1734 -569 ) (384 -1734 1022.219971 ) 
4 135 175 (0 -2048 -569 ) (0 -2048 1022.219971 ) (0 -1734 1022.219971 ) (0 -1734 -569 ) 
4 135 151 (1024 -2048 -569 ) (1024 -2048 1022.219971 ) (0 -2048 1022.219971 ) (0 -2048 -569 ) 
4 136 177 (0 -2048 -734.222046 ) (0 -2048 -640 ) (0 -1024 -640 ) (0 -1024 -734.222046 ) 
4 136 155 (1024 -2048 -734.222046 ) (1024 -2048 -640 ) (0 -2048 -640 ) (0 -2048 -734.222046 ) 
4 137 142 (2523.939941 -2240 -576 ) (2523.939941 -2240 -448 ) (2240 -2240 -448 ) (2240 -2240 -576 ) 
4 137 141 (2523.939941 -2240 -448 ) (2523.939941 -2240 1022.219971 ) (2240 -2240 1022.219971 ) (2240 -2240 -448 ) 
4 137 143 (2240 -2240 -734.222046 ) (2523.939941 -2240 -734.222046 ) (2523.939941 -2240 -576 ) (2240 -2240 -576 ) 
4 137 140 (2240 -2048 -734.222046 ) (2240 -2240 -734.222046 ) (2240 -2240 -640 ) (2240 -2048 -640 ) 
4 137 138 (2240 -2224 1022.219971 ) (2240 -2048 1022.219971 ) (2240 -2048 -569 ) (2240 -2224 -569 ) 
4 137 139 (2240 -2240 -576 ) (2240 -2240 1022.219971 ) (2240 -2224 1022.219971 ) (2240 -2224 -576 ) 
4 138 145 (2048 -2048 1022.219971 ) (2048 -2048 -569 ) (2048 -2224 -569 ) (2048 -2224 1022.219971 ) 
4 138 139 (2240 -2224 -569 ) (2240 -2224 1022.219971 ) (2048 -2224 1022.219971 ) (2048 -2224 -569 ) 
4 139 146 (2048 -2224 -576 ) (2048 -2240 -576 ) (2048 -2240 -569 ) (2048 -2224 -569 ) 
4 139 145 (2048 -2240 -569 ) (2048 -2240 1022.219971 ) (2048 -2224 1022.219971 ) (2048 -2224 -569 ) 
4 139 141 (2240 -2240 -448 ) (2240 -2240 1022.219971 ) (2048 -2240 1022.219971 ) (2048 -2240 -448 ) 
4 140 149 (2048 -2048 -640 ) (2048 -2048 -734.222046 ) (2048 -2240 -734.222046 ) (2048 -2240 -640 ) 
4 140 143 (2048 -2240 -734.222046 ) (2240 -2240 -734.222046 ) (2240 -2240 -640 ) (2048 -2240 -640 ) 
4 141 147 (2048 -2256 -448 ) (2048 -2256 1022.219971 ) (2048 -2240 1022.219971 ) (2048 -2240 -448 ) 
4 141 144 (2523.939941 -2256 -448 ) (2523.939941 -2256 1022.219971 ) (2048 -2256 1022.219971 ) (2048 -2256 -448 ) 
4 141 142 (2523.939941 -2256 -448 ) (2240 -2256 -448 ) (2240 -2240 -448 ) (2523.939941 -2240 -448 ) 
4 142 144 (2523.939941 -2256 -576 ) (2523.939941 -2256 -448 ) (2240 -2256 -448 ) (2240 -2256 -576 ) 
4 142 143 (2523.939941 -2256 -576 ) (2240 -2256 -576 ) (2240 -2240 -576 ) (2523.939941 -2240 -576 ) 
4 143 150 (2048 -2240 -734.222046 ) (2048 -2256 -734.222046 ) (2048 -2256 -576 ) (2048 -2240 -576 ) 
4 143 144 (2048 -2256 -734.222046 ) (2523.939941 -2256 -734.222046 ) (2523.939941 -2256 -576 ) (2048 -2256 -576 ) 
4 144 150 (2048 -2256 -734.222046 ) (2048 -2523.939941 -734.222046 ) (2048 -2523.939941 -576 ) (2048 -2256 -576 ) 
4 144 148 (2048 -2523.939941 -576 ) (2048 -2523.939941 1022.219971 ) (2048 -2256 1022.219971 ) (2048 -2256 -576 ) 
4 145 151 (1024 -2048 1022.219971 ) (1024 -2048 -569 ) (1024 -2240 -569 ) (1024 -2240 1022.219971 ) 
4 145 147 (1024 -2240 1022.219971 ) (1024 -2240 -448 ) (2048 -2240 -448 ) (2048 -2240 1022.219971 ) 
4 145 146 (2048 -2240 -569 ) (1024 -2240 -569 ) (1024 -2224 -569 ) (2048 -2224 -569 ) 
4 146 152 (1024 -2224 -576 ) (1024 -2240 -576 ) (1024 -2240 -569 ) (1024 -2224 -569 ) 
4 147 153 (1024 -2256 -448 ) (1024 -2256 1022.219971 ) (1024 -2240 1022.219971 ) (1024 -2240 -448 ) 
4 147 148 (2048 -2256 -448 ) (2048 -2256 1022.219971 ) (1024 -2256 1022.219971 ) (1024 -2256 -448 ) 
4 148 154 (1024 -2256 -576 ) (1024 -2523.939941 -576 ) (1024 -2523.939941 1022.219971 ) (1024 -2256 1022.219971 ) 
4 148 150 (1024 -2523.939941 -576 ) (1024 -2256 -576 ) (2048 -2256 -576 ) (2048 -2523.939941 -576 ) 
4 149 155 (1024 -2048 -640 ) (1024 -2048 -734.222046 ) (1024 -2240 -734.222046 ) (1024 -2240 -640 ) 
4 149 150 (1024 -2240 -734.222046 ) (2048 -2240 -734.222046 ) (2048 -2240 -640 ) (1024 -2240 -640 ) 
4 150 156 (1024 -2240 -734.222046 ) (1024 -2523.939941 -734.222046 ) (1024 -2523.939941 -576 ) (1024 -2240 -576 ) 
4 151 196 (0 -2048 1022.219971 ) (0 -2048 -569 ) (0 -2240 -569 ) (0 -2240 1022.219971 ) 
4 151 153 (0 -2240 1022.219971 ) (0 -2240 -448 ) (1024 -2240 -448 ) (1024 -2240 1022.219971 ) 
4 151 152 (1024 -2240 -569 ) (0 -2240 -569 ) (0 -2224 -569 ) (1024 -2224 -569 ) 
4 152 197 (0 -2224 -576 ) (0 -2240 -576 ) (0 -2240 -569 ) (0 -2224 -569 ) 
4 153 198 (0 -2240 1022.219971 ) (0 -2240 -448 ) (0 -2256 -448 ) (0 -2256 1022.219971 ) 
4 153 154 (1024 -2256 -448 ) (1024 -2256 1022.219971 ) (0 -2256 1022.219971 ) (0 -2256 -448 ) 
4 154 199 (0 -2523.939941 1022.219971 ) (0 -2256 1022.219971 ) (0 -2256 -576 ) (0 -2523.939941 -576 ) 
4 154 156 (1024 -2256 -576 ) (1024 -2523.939941 -576 ) (0 -2523.939941 -576 ) (0 -2256 -576 ) 
4 155 200 (0 -2048 -640 ) (0 -2048 -734.222046 ) (0 -2240 -734.222046 ) (0 -2240 -640 ) 
4 155 156 (0 -2240 -734.222046 ) (1024 -2240 -734.222046 ) (1024 -2240 -640 ) (0 -2240 -640 ) 
4 156 201 (0 -2523.939941 -576 ) (0 -2240 -576 ) (0 -2240 -734.222046 ) (0 -2523.939941 -734.222046 ) 
4 157 168 (0 -1024 -576 ) (0 -1024 -512 ) (-126 -1024 -512 ) (-126 -1024 -576 ) 
4 157 169 (-126 -1024 -512 ) (-1024 -1024 -512 ) (-1024 -1024 -576 ) (-126 -1024 -576 ) 
4 157 164 (0 -1024 -512 ) (0 -1024 -480 ) (-1024 -1024 -480 ) (-1024 -1024 -512 ) 
4 157 162 (0 -1024 -480 ) (0 -1024 -368 ) (-126 -1024 -368 ) (-126 -1024 -480 ) 
4 157 163 (-126 -1024 -368 ) (-1024 -1024 -368 ) (-1024 -1024 -480 ) (-126 -1024 -480 ) 
4 157 161 (0 -1024 -368 ) (0 -1024 1022.219971 ) (-1024 -1024 1022.219971 ) (-1024 -1024 -368 ) 
4 157 159 (-1024 0 1022.219971 ) (-1024 0 -576 ) (-1024 -1024 -576 ) (-1024 -1024 1022.219971 ) 
4 158 177 (0 -1024 -734.222046 ) (0 -1024 -640 ) (-1024 -1024 -640 ) (-1024 -1024 -734.222046 ) 
4 158 160 (-1024 0 -640 ) (-1024 0 -734.222046 ) (-1024 -1024 -734.222046 ) (-1024 -1024 -640 ) 
4 159 183 (-2048 0 1022.219971 ) (-2048 0 -576 ) (-2048 -1024 -576 ) (-2048 -1024 1022.219971 ) 
4 159 179 (-1024 -1024 -576 ) (-1024 -1024 -448 ) (-2048 -1024 -448 ) (-2048 -1024 -576 ) 
4 159 178 (-1024 -1024 -448 ) (-1024 -1024 1022.219971 ) (-2048 -1024 1022.219971 ) (-2048 -1024 -448 ) 
4 160 184 (-2048 0 -640 ) (-2048 0 -734.222046 ) (-2048 -1024 -734.222046 ) (-2048 -1024 -640 ) 
4 160 182 (-1024 -1024 -734.222046 ) (-1024 -1024 -640 ) (-2048 -1024 -640 ) (-2048 -1024 -734.222046 ) 
4 161 178 (-1024 -1024 1022.219971 ) (-1024 -1024 -368 ) (-1024 -1350 -368 ) (-1024 -1350 1022.219971 ) 
4 161 170 (0 -1350 -368 ) (0 -1350 1022.219971 ) (-1024 -1350 1022.219971 ) (-1024 -1350 -368 ) 
4 161 162 (-126 -1334 -368 ) (-126 -1024 -368 ) (0 -1024 -368 ) (0 -1334 -368 ) 
4 161 163 (-126 -1350 -368 ) (-1024 -1350 -368 ) (-1024 -1024 -368 ) (-126 -1024 -368 ) 
4 162 164 (-126 -1334 -480 ) (-126 -1024 -480 ) (0 -1024 -480 ) (0 -1334 -480 ) 
4 162 163 (-126 -1024 -480 ) (-126 -1334 -480 ) (-126 -1334 -368 ) (-126 -1024 -368 ) 
4 163 179 (-1024 -1024 -448 ) (-1024 -1024 -480 ) (-1024 -1350 -480 ) (-1024 -1350 -448 ) 
4 163 178 (-1024 -1024 -368 ) (-1024 -1024 -448 ) (-1024 -1350 -448 ) (-1024 -1350 -368 ) 
4 163 172 (-1024 -1350 -448 ) (-1024 -1350 -480 ) (-126 -1350 -480 ) (-126 -1350 -448 ) 
4 163 170 (-126 -1350 -368 ) (-1024 -1350 -368 ) (-1024 -1350 -448 ) (-126 -1350 -448 ) 
4 163 167 (-126 -1350 -480 ) (-1024 -1350 -480 ) (-1024 -1334 -480 ) (-126 -1334 -480 ) 
4 163 164 (-1024 -1334 -480 ) (-1024 -1024 -480 ) (-126 -1024 -480 ) (-126 -1334 -480 ) 
4 164 179 (-1024 -1024 -480 ) (-1024 -1024 -512 ) (-1024 -1334 -512 ) (-1024 -1334 -480 ) 
4 164 168 (-126 -1024 -512 ) (0 -1024 -512 ) (0 -1334 -512 ) (-126 -1334 -512 ) 
4 164 169 (-1024 -1334 -512 ) (-1024 -1024 -512 ) (-126 -1024 -512 ) (-126 -1334 -512 ) 
4 164 167 (-1024 -1334 -512 ) (-126 -1334 -512 ) (-126 -1334 -480 ) (-1024 -1334 -480 ) 
4 164 165 (-30 -1334 -512 ) (0 -1334 -512 ) (0 -1334 -480 ) (-30 -1334 -480 ) 
4 164 166 (-94 -1334 -512 ) (-62 -1334 -512 ) (-62 -1334 -480 ) (-94 -1334 -480 ) 
4 165 171 (0 -1350 -512 ) (0 -1350 -480 ) (-30 -1350 -480 ) (-30 -1350 -512 ) 
4 166 171 (-62 -1350 -480 ) (-94 -1350 -480 ) (-94 -1350 -512 ) (-62 -1350 -512 ) 
4 167 179 (-1024 -1334 -512 ) (-1024 -1350 -512 ) (-1024 -1350 -480 ) (-1024 -1334 -480 ) 
4 167 172 (-126 -1350 -480 ) (-1024 -1350 -480 ) (-1024 -1350 -512 ) (-126 -1350 -512 ) 
4 167 169 (-126 -1350 -512 ) (-1024 -1350 -512 ) (-1024 -1334 -512 ) (-126 -1334 -512 ) 
4 168 169 (-126 -1024 -576 ) (-126 -1334 -576 ) (-126 -1334 -512 ) (-126 -1024 -512 ) 
4 169 179 (-1024 -1024 -512 ) (-1024 -1024 -576 ) (-1024 -1350 -576 ) (-1024 -1350 -512 ) 
4 169 172 (-1024 -1350 -576 ) (-126 -1350 -576 ) (-126 -1350 -512 ) (-1024 -1350 -512 ) 
4 170 178 (-1024 -1714 -448 ) (-1024 -1714 1022.219971 ) (-1024 -1350 1022.219971 ) (-1024 -1350 -448 ) 
4 170 175 (-1024 -1714 1022.219971 ) (-1024 -1714 -448 ) (0 -1714 -448 ) (0 -1714 1022.219971 ) 
4 170 173 (0 -1714 -448 ) (-126 -1714 -448 ) (-126 -1712 -448 ) (0 -1712 -448 ) 
4 170 174 (-126 -1714 -448 ) (-158 -1714 -448 ) (-158 -1712 -448 ) (-126 -1712 -448 ) 
4 170 171 (-126 -1350 -448 ) (0 -1350 -448 ) (0 -1712 -448 ) (-126 -1712 -448 ) 
4 170 172 (-1024 -1712 -448 ) (-1024 -1350 -448 ) (-126 -1350 -448 ) (-126 -1712 -448 ) 
4 171 173 (0 -1712 -569 ) (0 -1712 -448 ) (-126 -1712 -448 ) (-126 -1712 -569 ) 
4 171 172 (-126 -1712 -569 ) (-126 -1712 -448 ) (-126 -1350 -448 ) (-126 -1350 -569 ) 
4 172 179 (-1024 -1350 -576 ) (-1024 -1712 -576 ) (-1024 -1712 -448 ) (-1024 -1350 -448 ) 
4 172 174 (-158 -1712 -576 ) (-126 -1712 -576 ) (-126 -1712 -448 ) (-158 -1712 -448 ) 
4 173 175 (0 -1714 -569 ) (0 -1714 -448 ) (-126 -1714 -448 ) (-126 -1714 -569 ) 
4 173 174 (-126 -1712 -448 ) (-126 -1712 -569 ) (-126 -1714 -569 ) (-126 -1714 -448 ) 
4 174 176 (-158 -1714 -576 ) (-126 -1714 -576 ) (-126 -1714 -569 ) (-158 -1714 -569 ) 
4 174 175 (-126 -1714 -569 ) (-126 -1714 -448 ) (-158 -1714 -448 ) (-158 -1714 -569 ) 
4 175 196 (0 -2048 -569 ) (0 -2048 1022.219971 ) (-1024 -2048 1022.219971 ) (-1024 -2048 -569 ) 
4 175 180 (-1024 -2048 -569 ) (-1024 -2048 1022.219971 ) (-1024 -1714 1022.219971 ) (-1024 -1714 -569 ) 
4 175 176 (-1024 -1734 -569 ) (-1024 -1714 -569 ) (-126 -1714 -569 ) (-126 -1734 -569 ) 
4 176 181 (-1024 -1714 -576 ) (-1024 -1734 -576 ) (-1024 -1734 -569 ) (-1024 -1714 -569 ) 
4 177 200 (0 -2048 -734.222046 ) (0 -2048 -640 ) (-1024 -2048 -640 ) (-1024 -2048 -734.222046 ) 
4 177 182 (-1024 -1024 -640 ) (-1024 -1024 -734.222046 ) (-1024 -2048 -734.222046 ) (-1024 -2048 -640 ) 
4 178 186 (-2048 -1024 1022.219971 ) (-2048 -1024 -448 ) (-2048 -1714 -448 ) (-2048 -1714 1022.219971 ) 
4 178 180 (-2048 -1714 1022.219971 ) (-2048 -1714 -448 ) (-1024 -1714 -448 ) (-1024 -1714 1022.219971 ) 
4 178 179 (-2048 -1712 -448 ) (-2048 -1024 -448 ) (-1024 -1024 -448 ) (-1024 -1712 -448 ) 
4 179 187 (-2048 -1024 -448 ) (-2048 -1024 -576 ) (-2048 -1712 -576 ) (-2048 -1712 -448 ) 
4 180 202 (-1024 -2048 -569 ) (-1024 -2048 1022.219971 ) (-2048 -2048 1022.219971 ) (-2048 -2048 -569 ) 
4 180 189 (-2048 -2048 -569 ) (-2048 -2048 -448 ) (-2048 -1714 -448 ) (-2048 -1714 -569 ) 
4 180 186 (-2048 -2048 -448 ) (-2048 -2048 1022.219971 ) (-2048 -1714 1022.219971 ) (-2048 -1714 -448 ) 
4 180 181 (-2048 -1714 -569 ) (-1024 -1714 -569 ) (-1024 -1734 -569 ) (-2048 -1734 -569 ) 
4 181 190 (-2048 -1734 -569 ) (-2048 -1714 -569 ) (-2048 -1714 -576 ) (-2048 -1734 -576 ) 
4 182 206 (-1024 -2048 -734.222046 ) (-1024 -2048 -640 ) (-2048 -2048 -640 ) (-2048 -2048 -734.222046 ) 
4 182 194 (-2048 -2048 -734.222046 ) (-2048 -2048 -640 ) (-2048 -1024 -640 ) (-2048 -1024 -734.222046 ) 
4 183 187 (-2048 -1024 -576 ) (-2048 -1024 -448 ) (-2240 -1024 -448 ) (-2240 -1024 -576 ) 
4 183 186 (-2048 -1024 -448 ) (-2048 -1024 1022.219971 ) (-2240 -1024 1022.219971 ) (-2240 -1024 -448 ) 
4 183 185 (-2240 -1024 -576 ) (-2240 -1024 1022.219971 ) (-2240 0 1022.219971 ) (-2240 0 -576 ) 
4 184 194 (-2048 -1024 -734.222046 ) (-2048 -1024 -640 ) (-2240 -1024 -640 ) (-2240 -1024 -734.222046 ) 
4 184 185 (-2240 0 -734.222046 ) (-2240 -1024 -734.222046 ) (-2240 -1024 -640 ) (-2240 0 -640 ) 
4 185 195 (-2523.939941 -1024 -576 ) (-2523.939941 -1024 -734.222046 ) (-2240 -1024 -734.222046 ) (-2240 -1024 -576 ) 
4 185 193 (-2256 -1024 1022.219971 ) (-2523.939941 -1024 1022.219971 ) (-2523.939941 -1024 -576 ) (-2256 -1024 -576 ) 
4 185 192 (-2256 -1024 -448 ) (-2256 -1024 -576 ) (-2240 -1024 -576 ) (-2240 -1024 -448 ) 
4 185 191 (-2240 -1024 1022.219971 ) (-2256 -1024 1022.219971 ) (-2256 -1024 -448 ) (-2240 -1024 -448 ) 
4 186 208 (-2048 -2048 -448 ) (-2048 -2048 1022.219971 ) (-2240 -2048 1022.219971 ) (-2240 -2048 -448 ) 
4 186 191 (-2240 -1024 1022.219971 ) (-2240 -1024 -448 ) (-2240 -2048 -448 ) (-2240 -2048 1022.219971 ) 
4 186 189 (-2240 -2048 -448 ) (-2240 -1714 -448 ) (-2048 -1714 -448 ) (-2048 -2048 -448 ) 
4 186 188 (-2240 -1714 -448 ) (-2240 -1712 -448 ) (-2238 -1712 -448 ) (-2238 -1714 -448 ) 
4 186 187 (-2240 -1712 -448 ) (-2240 -1024 -448 ) (-2048 -1024 -448 ) (-2048 -1712 -448 ) 
4 187 192 (-2240 -1024 -448 ) (-2240 -1024 -576 ) (-2240 -1600 -576 ) (-2240 -1600 -448 ) 
4 187 188 (-2238 -1712 -448 ) (-2240 -1712 -448 ) (-2240 -1712 -576 ) (-2238 -1712 -576 ) 
4 188 190 (-2240 -1714 -569 ) (-2240 -1714 -576 ) (-2238 -1714 -576 ) (-2238 -1714 -569 ) 
4 188 189 (-2238 -1714 -448 ) (-2240 -1714 -448 ) (-2240 -1714 -569 ) (-2238 -1714 -569 ) 
4 189 208 (-2048 -2048 -569 ) (-2048 -2048 -448 ) (-2240 -2048 -448 ) (-2240 -2048 -569 ) 
4 189 190 (-2240 -1734 -569 ) (-2240 -1714 -569 ) (-2048 -1714 -569 ) (-2048 -1734 -569 ) 
4 191 212 (-2256 -2048 1022.219971 ) (-2256 -2048 -448 ) (-2240 -2048 -448 ) (-2240 -2048 1022.219971 ) 
4 191 193 (-2256 -2048 -448 ) (-2256 -2048 1022.219971 ) (-2256 -1024 1022.219971 ) (-2256 -1024 -448 ) 
4 191 192 (-2256 -1600 -448 ) (-2256 -1024 -448 ) (-2240 -1024 -448 ) (-2240 -1600 -448 ) 
4 192 195 (-2256 -1024 -576 ) (-2240 -1024 -576 ) (-2240 -1600 -576 ) (-2256 -1600 -576 ) 
4 192 193 (-2256 -1024 -576 ) (-2256 -1600 -576 ) (-2256 -1600 -448 ) (-2256 -1024 -448 ) 
4 193 213 (-2523.939941 -2048 -576 ) (-2256 -2048 -576 ) (-2256 -2048 1022.219971 ) (-2523.939941 -2048 1022.219971 ) 
4 193 195 (-2523.939941 -1024 -576 ) (-2256 -1024 -576 ) (-2256 -2048 -576 ) (-2523.939941 -2048 -576 ) 
4 194 215 (-2048 -2048 -734.222046 ) (-2048 -2048 -640 ) (-2240 -2048 -640 ) (-2240 -2048 -734.222046 ) 
4 194 195 (-2240 -1024 -734.222046 ) (-2240 -2048 -734.222046 ) (-2240 -2048 -640 ) (-2240 -1024 -640 ) 
4 195 217 (-2240 -2048 -576 ) (-2523.939941 -2048 -576 ) (-2523.939941 -2048 -734.222046 ) (-2240 -2048 -734.222046 ) 
4 196 202 (-1024 -2048 1022.219971 ) (-1024 -2048 -569 ) (-1024 -2240 -569 ) (-1024 -2240 1022.219971 ) 
4 196 198 (-1024 -2240 1022.219971 ) (-1024 -2240 -448 ) (0 -2240 -448 ) (0 -2240 1022.219971 ) 
4 196 197 (0 -2240 -569 ) (-1024 -2240 -569 ) (-1024 -2224 -569 ) (0 -2224 -569 ) 
4 197 203 (-1024 -2224 -576 ) (-1024 -2240 -576 ) (-1024 -2240 -569 ) (-1024 -2224 -569 ) 
4 198 204 (-1024 -2256 -448 ) (-1024 -2256 1022.219971 ) (-1024 -2240 1022.219971 ) (-1024 -2240 -448 ) 
4 198 199 (0 -2256 -448 ) (0 -2256 1022.219971 ) (-1024 -2256 1022.219971 ) (-1024 -2256 -448 ) 
4 199 205 (-1024 -2256 -576 ) (-1024 -2523.939941 -576 ) (-1024 -2523.939941 1022.219971 ) (-1024 -2256 1022.219971 ) 
4 199 201 (-1024 -2523.939941 -576 ) (-1024 -2256 -576 ) (0 -2256 -576 ) (0 -2523.939941 -576 ) 
4 200 206 (-1024 -2048 -640 ) (-1024 -2048 -734.222046 ) (-1024 -2240 -734.222046 ) (-1024 -2240 -640 ) 
4 200 201 (-1024 -2240 -734.222046 ) (0 -2240 -734.222046 ) (0 -2240 -640 ) (-1024 -2240 -640 ) 
4 201 207 (-1024 -2240 -734.222046 ) (-1024 -2523.939941 -734.222046 ) (-1024 -2523.939941 -576 ) (-1024 -2240 -576 ) 
4 202 208 (-2048 -2048 1022.219971 ) (-2048 -2048 -569 ) (-2048 -2224 -569 ) (-2048 -2224 1022.219971 ) 
4 202 209 (-2048 -2224 -569 ) (-2048 -2240 -569 ) (-2048 -2240 1022.219971 ) (-2048 -2224 1022.219971 ) 
4 202 204 (-2048 -2240 1022.219971 ) (-2048 -2240 -448 ) (-1024 -2240 -448 ) (-1024 -2240 1022.219971 ) 
4 202 203 (-1024 -2240 -569 ) (-2048 -2240 -569 ) (-2048 -2224 -569 ) (-1024 -2224 -569 ) 
4 203 209 (-2048 -2224 -576 ) (-2048 -2240 -576 ) (-2048 -2240 -569 ) (-2048 -2224 -569 ) 
4 204 210 (-2048 -2256 -448 ) (-2048 -2256 1022.219971 ) (-2048 -2240 1022.219971 ) (-2048 -2240 -448 ) 
4 204 205 (-1024 -2256 -448 ) (-1024 -2256 1022.219971 ) (-2048 -2256 1022.219971 ) (-2048 -2256 -448 ) 
4 205 211 (-2048 -2256 -576 ) (-2048 -2523.939941 -576 ) (-2048 -2523.939941 1022.219971 ) (-2048 -2256 1022.219971 ) 
4 205 207 (-1024 -2256 -576 ) (-1024 -2523.939941 -576 ) (-2048 -2523.939941 -576 ) (-2048 -2256 -576 ) 
4 206 215 (-2048 -2048 -640 ) (-2048 -2048 -734.222046 ) (-2048 -2240 -734.222046 ) (-2048 -2240 -640 ) 
4 206 207 (-2048 -2240 -734.222046 ) (-1024 -2240 -734.222046 ) (-1024 -2240 -640 ) (-2048 -2240 -640 ) 
4 207 216 (-2048 -2240 -734.222046 ) (-2048 -2523.939941 -734.222046 ) (-2048 -2523.939941 -576 ) (-2048 -2240 -576 ) 
4 208 212 (-2240 -2048 1022.219971 ) (-2240 -2048 -448 ) (-2240 -2224 -448 ) (-2240 -2224 1022.219971 ) 
4 208 209 (-2048 -2224 1022.219971 ) (-2240 -2224 1022.219971 ) (-2240 -2224 -569 ) (-2048 -2224 -569 ) 
4 209 212 (-2240 -2240 -448 ) (-2240 -2240 1022.219971 ) (-2240 -2224 1022.219971 ) (-2240 -2224 -448 ) 
4 209 210 (-2048 -2240 1022.219971 ) (-2240 -2240 1022.219971 ) (-2240 -2240 -448 ) (-2048 -2240 -448 ) 
4 210 214 (-2240 -2256 -448 ) (-2240 -2256 1022.219971 ) (-2240 -2240 1022.219971 ) (-2240 -2240 -448 ) 
4 210 211 (-2048 -2256 1022.219971 ) (-2240 -2256 1022.219971 ) (-2240 -2256 -448 ) (-2048 -2256 -448 ) 
4 211 216 (-2240 -2523.939941 -576 ) (-2240 -2256 -576 ) (-2048 -2256 -576 ) (-2048 -2523.939941 -576 ) 
4 211 214 (-2240 -2256 -576 ) (-2240 -2523.939941 -576 ) (-2240 -2523.939941 1022.219971 ) (-2240 -2256 1022.219971 ) 
4 212 214 (-2240 -2240 -448 ) (-2240 -2240 1022.219971 ) (-2256 -2240 1022.219971 ) (-2256 -2240 -448 ) 
4 212 213 (-2256 -2240 -448 ) (-2256 -2240 1022.219971 ) (-2256 -2048 1022.219971 ) (-2256 -2048 -448 ) 
4 213 217 (-2523.939941 -2240 -576 ) (-2523.939941 -2048 -576 ) (-2256 -2048 -576 ) (-2256 -2240 -576 ) 
4 213 214 (-2523.939941 -2240 1022.219971 ) (-2523.939941 -2240 -576 ) (-2256 -2240 -576 ) (-2256 -2240 1022.219971 ) 
4 214 217 (-2523.939941 -2523.939941 -576 ) (-2523.939941 -2240 -576 ) (-2240 -2240 -576 ) (-2240 -2523.939941 -576 ) 
4 215 216 (-2240 -2240 -640 ) (-2240 -2240 -734.222046 ) (-2048 -2240 -734.222046 ) (-2048 -2240 -640 ) 
4 215 217 (-2240 -2048 -734.222046 ) (-2240 -2240 -734.222046 ) (-2240 -2240 -640 ) (-2240 -2048 -640 ) 
4 216 217 (-2240 -2240 -734.222046 ) (-2240 -2523.939941 -734.222046 ) (-2240 -2523.939941 -576 ) (-2240 -2240 -576 ) 
