PRT1
319
838
4 0 26 (2256 2048 -576 ) (2256 2048 -734.222046 ) (2523.939941 2048 -734.222046 ) (2523.939941 2048 -576 ) 
4 0 23 (2523.939941 2048 1022.219971 ) (2256 2048 1022.219971 ) (2256 2048 -576 ) (2523.939941 2048 -576 ) 
4 0 2 (2256 2523.939941 -448 ) (2256 2523.939941 -576 ) (2256 2240 -576 ) (2256 2240 -448 ) 
4 0 1 (2256 2523.939941 1022.219971 ) (2256 2523.939941 -448 ) (2256 2048 -448 ) (2256 2048 1022.219971 ) 
4 0 3 (2256 2523.939941 -576 ) (2256 2523.939941 -734.222046 ) (2256 2048 -734.222046 ) (2256 2048 -576 ) 
4 1 24 (2256 2048 1022.219971 ) (2240 2048 1022.219971 ) (2240 2048 -448 ) (2256 2048 -448 ) 
4 1 8 (2240 2048 -448 ) (2240 2048 1022.219971 ) (2240 2240 1022.219971 ) (2240 2240 -448 ) 
4 1 4 (2240 2240 1022.219971 ) (2240 2523.939941 1022.219971 ) (2240 2523.939941 -448 ) (2240 2240 -448 ) 
4 1 2 (2240 2240 -448 ) (2240 2523.939941 -448 ) (2256 2523.939941 -448 ) (2256 2240 -448 ) 
4 2 4 (2240 2240 -448 ) (2240 2523.939941 -448 ) (2240 2523.939941 -576 ) (2240 2240 -576 ) 
4 2 3 (2240 2240 -576 ) (2240 2523.939941 -576 ) (2256 2523.939941 -576 ) (2256 2240 -576 ) 
4 3 26 (2240 2048 -576 ) (2240 2048 -734.222046 ) (2256 2048 -734.222046 ) (2256 2048 -576 ) 
4 3 9 (2240 2240 -734.222046 ) (2240 2048 -734.222046 ) (2240 2048 -640 ) (2240 2240 -640 ) 
4 3 4 (2240 2523.939941 -734.222046 ) (2240 2240 -734.222046 ) (2240 2240 -576 ) (2240 2523.939941 -576 ) 
4 4 8 (2240 2240 -576 ) (2240 2240 1022.219971 ) (2080 2240 1022.219971 ) (2080 2240 -576 ) 
4 4 9 (2080 2240 -734.222046 ) (2240 2240 -734.222046 ) (2240 2240 -640 ) (2080 2240 -640 ) 
4 4 6 (2080 2240 -448 ) (2080 2240 1022.219971 ) (2080 2256 1022.219971 ) (2080 2256 -448 ) 
4 4 7 (2080 2256 -734.222046 ) (2080 2240 -734.222046 ) (2080 2240 -576 ) (2080 2256 -576 ) 
4 4 5 (2080 2523.939941 1022.219971 ) (2080 2523.939941 -734.222046 ) (2080 2256 -734.222046 ) (2080 2256 1022.219971 ) 
4 5 13 (2048 2523.939941 -576 ) (2048 2523.939941 -734.222046 ) (2048 2256 -734.222046 ) (2048 2256 -576 ) 
4 5 10 (2048 2256 1022.219971 ) (2048 2523.939941 1022.219971 ) (2048 2523.939941 -576 ) (2048 2256 -576 ) 
4 5 6 (2080 2256 -448 ) (2080 2256 1022.219971 ) (2048 2256 1022.219971 ) (2048 2256 -448 ) 
4 5 7 (2048 2256 -734.222046 ) (2080 2256 -734.222046 ) (2080 2256 -576 ) (2048 2256 -576 ) 
4 6 11 (2048 2240 1022.219971 ) (2048 2256 1022.219971 ) (2048 2256 -448 ) (2048 2240 -448 ) 
4 6 8 (2080 2240 -448 ) (2080 2240 1022.219971 ) (2048 2240 1022.219971 ) (2048 2240 -448 ) 
4 7 13 (2048 2256 -576 ) (2048 2256 -734.222046 ) (2048 2240 -734.222046 ) (2048 2240 -576 ) 
4 7 9 (2048 2240 -734.222046 ) (2080 2240 -734.222046 ) (2080 2240 -640 ) (2048 2240 -640 ) 
4 8 25 (2048 2048 -448 ) (2048 2048 -576 ) (2240 2048 -576 ) (2240 2048 -448 ) 
4 8 24 (2240 2048 1022.219971 ) (2048 2048 1022.219971 ) (2048 2048 -448 ) (2240 2048 -448 ) 
4 8 12 (2048 2048 -576 ) (2048 2048 -448 ) (2048 2240 -448 ) (2048 2240 -576 ) 
4 8 11 (2048 2048 -448 ) (2048 2048 1022.219971 ) (2048 2240 1022.219971 ) (2048 2240 -448 ) 
4 9 27 (2048 2048 -640 ) (2048 2048 -734.222046 ) (2240 2048 -734.222046 ) (2240 2048 -640 ) 
4 9 14 (2048 2048 -734.222046 ) (2048 2048 -640 ) (2048 2240 -640 ) (2048 2240 -734.222046 ) 
4 10 16 (1024 2523.939941 -576 ) (1024 2256 -576 ) (1024 2256 -448 ) (1024 2523.939941 -448 ) 
4 10 15 (1024 2256 -448 ) (1024 2256 1022.219971 ) (1024 2523.939941 1022.219971 ) (1024 2523.939941 -448 ) 
4 10 13 (2048 2523.939941 -576 ) (2048 2256 -576 ) (1024 2256 -576 ) (1024 2523.939941 -576 ) 
4 10 11 (1024 2256 1022.219971 ) (1024 2256 -448 ) (2048 2256 -448 ) (2048 2256 1022.219971 ) 
4 11 33 (2048 2048 -448 ) (2048 2048 1022.219971 ) (1024 2048 1022.219971 ) (1024 2048 -448 ) 
4 11 15 (1024 2048 -448 ) (1024 2048 1022.219971 ) (1024 2256 1022.219971 ) (1024 2256 -448 ) 
4 11 12 (2048 2240 -448 ) (2048 2048 -448 ) (1024 2048 -448 ) (1024 2240 -448 ) 
4 12 35 (1476 2048 -448 ) (1316 2048 -448 ) (1316 2048 -576 ) (1476 2048 -576 ) 
4 12 34 (2048 2048 -576 ) (2048 2048 -448 ) (1476 2048 -448 ) (1476 2048 -576 ) 
4 12 36 (1316 2048 -448 ) (1024 2048 -448 ) (1024 2048 -576 ) (1316 2048 -576 ) 
4 12 19 (1024 2048 -576 ) (1024 2048 -448 ) (1024 2112 -448 ) (1024 2112 -576 ) 
4 12 17 (1024 2112 -448 ) (1024 2240 -448 ) (1024 2240 -576 ) (1024 2112 -576 ) 
4 13 21 (1024 2240 -576 ) (1024 2523.939941 -576 ) (1024 2523.939941 -734.222046 ) (1024 2240 -734.222046 ) 
4 13 14 (1024 2240 -734.222046 ) (2048 2240 -734.222046 ) (2048 2240 -640 ) (1024 2240 -640 ) 
4 14 42 (2048 2048 -734.222046 ) (2048 2048 -640 ) (1024 2048 -640 ) (1024 2048 -734.222046 ) 
4 14 22 (1024 2048 -734.222046 ) (1024 2048 -640 ) (1024 2240 -640 ) (1024 2240 -734.222046 ) 
4 15 66 (0 2048 -448 ) (0 2048 1022.219971 ) (0 2523.939941 1022.219971 ) (0 2523.939941 -448 ) 
4 15 43 (1024 2048 -448 ) (1024 2048 1022.219971 ) (0 2048 1022.219971 ) (0 2048 -448 ) 
4 15 19 (1024 2048 -448 ) (144 2048 -448 ) (144 2112 -448 ) (1024 2112 -448 ) 
4 15 20 (128 2048 -448 ) (0 2048 -448 ) (0 2112 -448 ) (128 2112 -448 ) 
4 15 18 (0 2128 -448 ) (0 2240 -448 ) (144 2240 -448 ) (144 2128 -448 ) 
4 15 17 (144 2240 -448 ) (1024 2240 -448 ) (1024 2112 -448 ) (144 2112 -448 ) 
4 15 16 (0 2256 -448 ) (0 2523.939941 -448 ) (1024 2523.939941 -448 ) (1024 2256 -448 ) 
4 16 67 (0 2256 -448 ) (0 2523.939941 -448 ) (0 2523.939941 -576 ) (0 2256 -576 ) 
4 16 21 (1024 2523.939941 -576 ) (1024 2256 -576 ) (0 2256 -576 ) (0 2523.939941 -576 ) 
4 17 19 (144 2112 -576 ) (1024 2112 -576 ) (1024 2112 -448 ) (144 2112 -448 ) 
4 17 18 (144 2240 -448 ) (144 2240 -576 ) (144 2128 -576 ) (144 2128 -448 ) 
4 18 68 (0 2128 -448 ) (0 2240 -448 ) (0 2240 -576 ) (0 2128 -576 ) 
4 19 49 (695 2048 -448 ) (535 2048 -448 ) (535 2048 -576 ) (695 2048 -576 ) 
4 19 50 (535 2048 -448 ) (144 2048 -448 ) (144 2048 -576 ) (535 2048 -576 ) 
4 19 45 (948 2048 -448 ) (932 2048 -448 ) (932 2048 -576 ) (948 2048 -576 ) 
4 19 44 (1024 2048 -576 ) (1024 2048 -448 ) (948 2048 -448 ) (948 2048 -576 ) 
4 19 46 (932 2048 -448 ) (695 2048 -448 ) (695 2048 -576 ) (932 2048 -576 ) 
4 20 69 (0 2048 -576 ) (0 2048 -448 ) (0 2112 -448 ) (0 2112 -576 ) 
4 20 52 (128 2048 -448 ) (0 2048 -448 ) (0 2048 -576 ) (128 2048 -576 ) 
4 21 71 (0 2240 -576 ) (0 2523.939941 -576 ) (0 2523.939941 -734.222046 ) (0 2240 -734.222046 ) 
4 21 22 (0 2240 -734.222046 ) (1024 2240 -734.222046 ) (1024 2240 -640 ) (0 2240 -640 ) 
4 22 72 (0 2048 -734.222046 ) (0 2048 -640 ) (0 2240 -640 ) (0 2240 -734.222046 ) 
4 22 55 (1024 2048 -734.222046 ) (1024 2048 -640 ) (0 2048 -640 ) (0 2048 -734.222046 ) 
4 23 28 (2523.939941 1024 1022.219971 ) (2256 1024 1022.219971 ) (2256 1024 -576 ) (2523.939941 1024 -576 ) 
4 23 26 (2523.939941 1024 -576 ) (2256 1024 -576 ) (2256 2048 -576 ) (2523.939941 2048 -576 ) 
4 23 24 (2256 2048 1022.219971 ) (2256 2048 -448 ) (2256 1024 -448 ) (2256 1024 1022.219971 ) 
4 24 33 (2048 2048 1022.219971 ) (2048 2048 -448 ) (2048 1024 -448 ) (2048 1024 1022.219971 ) 
4 24 29 (2048 1024 1022.219971 ) (2048 1024 -448 ) (2256 1024 -448 ) (2256 1024 1022.219971 ) 
4 24 25 (2048 2048 -448 ) (2240 2048 -448 ) (2240 1024 -448 ) (2048 1024 -448 ) 
4 25 37 (2048 1850 -576 ) (2048 1024 -576 ) (2048 1024 -448 ) (2048 1850 -448 ) 
4 25 34 (2048 2048 -448 ) (2048 2048 -576 ) (2048 1850 -576 ) (2048 1850 -448 ) 
4 25 30 (2048 1024 -448 ) (2048 1024 -576 ) (2240 1024 -576 ) (2240 1024 -448 ) 
4 26 31 (2523.939941 1024 -576 ) (2240 1024 -576 ) (2240 1024 -734.222046 ) (2523.939941 1024 -734.222046 ) 
4 26 27 (2240 2048 -734.222046 ) (2240 1024 -734.222046 ) (2240 1024 -640 ) (2240 2048 -640 ) 
4 27 42 (2048 2048 -640 ) (2048 2048 -734.222046 ) (2048 1024 -734.222046 ) (2048 1024 -640 ) 
4 27 32 (2048 1024 -640 ) (2048 1024 -734.222046 ) (2240 1024 -734.222046 ) (2240 1024 -640 ) 
4 28 111 (2523.939941 0 1022.219971 ) (2256 0 1022.219971 ) (2256 0 -576 ) (2523.939941 0 -576 ) 
4 28 31 (2523.939941 0 -576 ) (2256 0 -576 ) (2256 1024 -576 ) (2523.939941 1024 -576 ) 
4 28 29 (2256 1024 1022.219971 ) (2256 1024 -448 ) (2256 0 -448 ) (2256 0 1022.219971 ) 
4 29 112 (2048 0 1022.219971 ) (2048 0 -448 ) (2256 0 -448 ) (2256 0 1022.219971 ) 
4 29 56 (2048 0 -448 ) (2048 0 1022.219971 ) (2048 1024 1022.219971 ) (2048 1024 -448 ) 
4 29 30 (2240 0 -448 ) (2048 0 -448 ) (2048 1024 -448 ) (2240 1024 -448 ) 
4 30 113 (2048 0 -448 ) (2048 0 -576 ) (2240 0 -576 ) (2240 0 -448 ) 
4 30 56 (2048 0 -576 ) (2048 0 -448 ) (2048 1024 -448 ) (2048 1024 -576 ) 
4 31 114 (2523.939941 0 -576 ) (2240 0 -576 ) (2240 0 -734.222046 ) (2523.939941 0 -734.222046 ) 
4 31 32 (2240 1024 -734.222046 ) (2240 0 -734.222046 ) (2240 0 -640 ) (2240 1024 -640 ) 
4 32 115 (2048 0 -640 ) (2048 0 -734.222046 ) (2240 0 -734.222046 ) (2240 0 -640 ) 
4 32 57 (2048 0 -734.222046 ) (2048 0 -640 ) (2048 1024 -640 ) (2048 1024 -734.222046 ) 
4 33 56 (2048 1024 -448 ) (2048 1024 1022.219971 ) (1024 1024 1022.219971 ) (1024 1024 -448 ) 
4 33 43 (1024 2048 1022.219971 ) (1024 2048 -448 ) (1024 1024 -448 ) (1024 1024 1022.219971 ) 
4 33 40 (1024 1338 -448 ) (1024 1850 -448 ) (1092 1850 -448 ) (1092 1338 -448 ) 
4 33 41 (1024 1024 -448 ) (1024 1322 -448 ) (1092 1322 -448 ) (1092 1024 -448 ) 
4 33 38 (1476 1690 -448 ) (1476 1024 -448 ) (1460 1024 -448 ) (1460 1690 -448 ) 
4 33 37 (1476 1850 -448 ) (2048 1850 -448 ) (2048 1024 -448 ) (1476 1024 -448 ) 
4 33 39 (1092 1850 -448 ) (1460 1850 -448 ) (1460 1024 -448 ) (1092 1024 -448 ) 
4 33 35 (1316 2048 -448 ) (1476 2048 -448 ) (1476 1866 -448 ) (1316 1866 -448 ) 
4 33 34 (1476 2048 -448 ) (2048 2048 -448 ) (2048 1850 -448 ) (1476 1850 -448 ) 
4 33 36 (1024 1850 -448 ) (1024 2048 -448 ) (1316 2048 -448 ) (1316 1850 -448 ) 
4 34 37 (1476 1850 -576 ) (2048 1850 -576 ) (2048 1850 -448 ) (1476 1850 -448 ) 
4 34 35 (1476 2048 -576 ) (1476 1866 -576 ) (1476 1866 -448 ) (1476 2048 -448 ) 
4 35 36 (1316 2048 -576 ) (1316 1866 -576 ) (1316 1866 -448 ) (1316 2048 -448 ) 
4 36 44 (1024 2048 -448 ) (1024 2048 -576 ) (1024 1850 -576 ) (1024 1850 -448 ) 
4 36 40 (1024 1850 -576 ) (1092 1850 -576 ) (1092 1850 -448 ) (1024 1850 -448 ) 
4 36 39 (1092 1850 -576 ) (1316 1850 -576 ) (1316 1850 -448 ) (1092 1850 -448 ) 
4 37 56 (2048 1024 -576 ) (2048 1024 -448 ) (1476 1024 -448 ) (1476 1024 -576 ) 
4 37 38 (1476 1690 -576 ) (1476 1024 -576 ) (1476 1024 -448 ) (1476 1690 -448 ) 
4 38 56 (1476 1024 -448 ) (1460 1024 -448 ) (1460 1024 -576 ) (1476 1024 -576 ) 
4 38 39 (1460 1690 -576 ) (1460 1024 -576 ) (1460 1024 -448 ) (1460 1690 -448 ) 
4 39 56 (1460 1024 -448 ) (1092 1024 -448 ) (1092 1024 -576 ) (1460 1024 -576 ) 
4 39 40 (1092 1850 -448 ) (1092 1850 -576 ) (1092 1338 -576 ) (1092 1338 -448 ) 
4 39 41 (1092 1322 -576 ) (1092 1024 -576 ) (1092 1024 -448 ) (1092 1322 -448 ) 
4 40 44 (1024 1850 -576 ) (1024 1338 -576 ) (1024 1338 -448 ) (1024 1850 -448 ) 
4 41 56 (1092 1024 -448 ) (1024 1024 -448 ) (1024 1024 -576 ) (1092 1024 -576 ) 
4 41 47 (1024 1322 -576 ) (1024 1024 -576 ) (1024 1024 -448 ) (1024 1322 -448 ) 
4 42 57 (2048 1024 -734.222046 ) (2048 1024 -640 ) (1024 1024 -640 ) (1024 1024 -734.222046 ) 
4 42 55 (1024 2048 -640 ) (1024 2048 -734.222046 ) (1024 1024 -734.222046 ) (1024 1024 -640 ) 
4 43 87 (0 1024 -448 ) (0 1024 1022.219971 ) (0 2048 1022.219971 ) (0 2048 -448 ) 
4 43 58 (1024 1024 -448 ) (1024 1024 1022.219971 ) (0 1024 1022.219971 ) (0 1024 -448 ) 
4 43 53 (695 1024 -448 ) (679 1024 -448 ) (679 1075 -448 ) (695 1075 -448 ) 
4 43 54 (679 1024 -448 ) (0 1024 -448 ) (0 1235 -448 ) (679 1235 -448 ) 
4 43 51 (144 1952 -448 ) (144 1235 -448 ) (128 1235 -448 ) (128 1952 -448 ) 
4 43 52 (0 1235 -448 ) (0 2048 -448 ) (128 2048 -448 ) (128 1235 -448 ) 
4 43 49 (535 2048 -448 ) (695 2048 -448 ) (695 1251 -448 ) (535 1251 -448 ) 
4 43 50 (144 2048 -448 ) (535 2048 -448 ) (535 1235 -448 ) (144 1235 -448 ) 
4 43 47 (1024 1024 -448 ) (932 1024 -448 ) (932 1322 -448 ) (1024 1322 -448 ) 
4 43 48 (932 1024 -448 ) (695 1024 -448 ) (695 1338 -448 ) (932 1338 -448 ) 
4 43 45 (932 2048 -448 ) (948 2048 -448 ) (948 1498 -448 ) (932 1498 -448 ) 
4 43 44 (948 2048 -448 ) (1024 2048 -448 ) (1024 1338 -448 ) (948 1338 -448 ) 
4 43 46 (695 1338 -448 ) (695 2048 -448 ) (932 2048 -448 ) (932 1338 -448 ) 
4 44 45 (948 2048 -576 ) (948 1498 -576 ) (948 1498 -448 ) (948 2048 -448 ) 
4 45 46 (932 2048 -576 ) (932 1498 -576 ) (932 1498 -448 ) (932 2048 -448 ) 
4 46 49 (695 2048 -576 ) (695 1338 -576 ) (695 1338 -448 ) (695 2048 -448 ) 
4 46 48 (695 1338 -448 ) (695 1338 -576 ) (932 1338 -576 ) (932 1338 -448 ) 
4 47 59 (1024 1024 -576 ) (1024 1024 -448 ) (932 1024 -448 ) (932 1024 -576 ) 
4 47 48 (932 1322 -576 ) (932 1024 -576 ) (932 1024 -448 ) (932 1322 -448 ) 
4 48 59 (932 1024 -448 ) (695 1024 -448 ) (695 1024 -576 ) (932 1024 -576 ) 
4 48 53 (695 1075 -576 ) (695 1024 -576 ) (695 1024 -448 ) (695 1075 -448 ) 
4 48 49 (695 1338 -576 ) (695 1251 -576 ) (695 1251 -448 ) (695 1338 -448 ) 
4 49 50 (535 2048 -576 ) (535 1251 -576 ) (535 1251 -448 ) (535 2048 -448 ) 
4 50 54 (144 1235 -576 ) (535 1235 -576 ) (535 1235 -448 ) (144 1235 -448 ) 
4 50 51 (144 1952 -576 ) (144 1235 -576 ) (144 1235 -448 ) (144 1952 -448 ) 
4 51 54 (128 1235 -576 ) (144 1235 -576 ) (144 1235 -448 ) (128 1235 -448 ) 
4 51 52 (128 1952 -576 ) (128 1235 -576 ) (128 1235 -448 ) (128 1952 -448 ) 
4 52 91 (0 1235 -448 ) (0 1600 -448 ) (0 1600 -576 ) (0 1235 -576 ) 
4 52 88 (0 1600 -448 ) (0 2048 -448 ) (0 2048 -576 ) (0 1600 -576 ) 
4 52 54 (0 1235 -576 ) (128 1235 -576 ) (128 1235 -448 ) (0 1235 -448 ) 
4 53 59 (695 1024 -448 ) (679 1024 -448 ) (679 1024 -576 ) (695 1024 -576 ) 
4 53 54 (679 1075 -576 ) (679 1024 -576 ) (679 1024 -448 ) (679 1075 -448 ) 
4 54 91 (0 1024 -576 ) (0 1024 -448 ) (0 1235 -448 ) (0 1235 -576 ) 
4 54 60 (167 1024 -448 ) (151 1024 -448 ) (151 1024 -576 ) (167 1024 -576 ) 
4 54 59 (679 1024 -448 ) (167 1024 -448 ) (167 1024 -576 ) (679 1024 -576 ) 
4 54 61 (151 1024 -448 ) (0 1024 -448 ) (0 1024 -576 ) (151 1024 -576 ) 
4 55 94 (0 1024 -734.222046 ) (0 1024 -640 ) (0 2048 -640 ) (0 2048 -734.222046 ) 
4 55 65 (1024 1024 -734.222046 ) (1024 1024 -640 ) (0 1024 -640 ) (0 1024 -734.222046 ) 
4 56 123 (2048 0 -576 ) (2048 0 1022.219971 ) (1024 0 1022.219971 ) (1024 0 -576 ) 
4 56 62 (1024 723 -576 ) (1024 0 -576 ) (1024 0 -448 ) (1024 723 -448 ) 
4 56 59 (1024 1024 -448 ) (1024 1024 -576 ) (1024 723 -576 ) (1024 723 -448 ) 
4 56 58 (1024 1024 1022.219971 ) (1024 1024 -448 ) (1024 0 -448 ) (1024 0 1022.219971 ) 
4 57 124 (2048 0 -734.222046 ) (2048 0 -640 ) (1024 0 -640 ) (1024 0 -734.222046 ) 
4 57 65 (1024 1024 -640 ) (1024 1024 -734.222046 ) (1024 0 -734.222046 ) (1024 0 -640 ) 
4 58 131 (0 0 -336 ) (0 0 -448 ) (958 0 -448 ) (958 0 -336 ) 
4 58 130 (958 0 1022.219971 ) (0 0 1022.219971 ) (0 0 -336 ) (958 0 -336 ) 
4 58 126 (976 0 1022.219971 ) (958 0 1022.219971 ) (958 0 -448 ) (976 0 -448 ) 
4 58 125 (1024 0 -448 ) (1024 0 1022.219971 ) (976 0 1022.219971 ) (976 0 -448 ) 
4 58 97 (0 0 -448 ) (0 0 1022.219971 ) (0 1024 1022.219971 ) (0 1024 -448 ) 
4 58 63 (311 0 -448 ) (151 0 -448 ) (151 707 -448 ) (311 707 -448 ) 
4 58 62 (1024 0 -448 ) (311 0 -448 ) (311 723 -448 ) (1024 723 -448 ) 
4 58 64 (151 0 -448 ) (0 0 -448 ) (0 723 -448 ) (151 723 -448 ) 
4 58 60 (151 1024 -448 ) (167 1024 -448 ) (167 883 -448 ) (151 883 -448 ) 
4 58 59 (167 1024 -448 ) (1024 1024 -448 ) (1024 723 -448 ) (167 723 -448 ) 
4 58 61 (0 723 -448 ) (0 1024 -448 ) (151 1024 -448 ) (151 723 -448 ) 
4 59 62 (311 723 -576 ) (1024 723 -576 ) (1024 723 -448 ) (311 723 -448 ) 
4 59 60 (167 1024 -576 ) (167 883 -576 ) (167 883 -448 ) (167 1024 -448 ) 
4 60 61 (151 1024 -576 ) (151 883 -576 ) (151 883 -448 ) (151 1024 -448 ) 
4 61 97 (0 723 -448 ) (0 1024 -448 ) (0 1024 -576 ) (0 723 -576 ) 
4 61 64 (0 723 -576 ) (151 723 -576 ) (151 723 -448 ) (0 723 -448 ) 
4 62 145 (960 0 -574.073975 ) (311 0 -574.073975 ) (311 0 -576 ) (960 0 -576 ) 
4 62 144 (1024 0 -576 ) (1024 0 -574.073975 ) (960 0 -574.073975 ) (960 0 -576 ) 
4 62 131 (958 0 -448 ) (311 0 -448 ) (311 0 -574.073975 ) (958 0 -574.073975 ) 
4 62 126 (976 0 -448 ) (958 0 -448 ) (958 0 -574.073975 ) (976 0 -574.073975 ) 
4 62 125 (1024 0 -574.073975 ) (1024 0 -448 ) (976 0 -448 ) (976 0 -574.073975 ) 
4 62 63 (311 707 -576 ) (311 0 -576 ) (311 0 -448 ) (311 707 -448 ) 
4 63 145 (151 0 -574.073975 ) (151 0 -576 ) (311 0 -576 ) (311 0 -574.073975 ) 
4 63 131 (311 0 -448 ) (151 0 -448 ) (151 0 -574.073975 ) (311 0 -574.073975 ) 
4 63 64 (151 707 -576 ) (151 0 -576 ) (151 0 -448 ) (151 707 -448 ) 
4 64 145 (0 0 -574.073975 ) (0 0 -576 ) (151 0 -576 ) (151 0 -574.073975 ) 
4 64 131 (151 0 -448 ) (0 0 -448 ) (0 0 -574.073975 ) (151 0 -574.073975 ) 
4 64 97 (0 0 -576 ) (0 0 -448 ) (0 723 -448 ) (0 723 -576 ) 
4 65 146 (1024 0 -734.222046 ) (1024 0 -640 ) (0 0 -640 ) (0 0 -734.222046 ) 
4 65 98 (0 0 -734.222046 ) (0 0 -640 ) (0 1024 -640 ) (0 1024 -734.222046 ) 
4 66 87 (0 2048 -448 ) (0 2048 1022.219971 ) (-1024 2048 1022.219971 ) (-1024 2048 -448 ) 
4 66 74 (-1024 2048 -448 ) (-1024 2048 1022.219971 ) (-1024 2256 1022.219971 ) (-1024 2256 -448 ) 
4 66 73 (-1024 2256 1022.219971 ) (-1024 2523.939941 1022.219971 ) (-1024 2523.939941 -448 ) (-1024 2256 -448 ) 
4 66 68 (-16 2240 -448 ) (0 2240 -448 ) (0 2128 -448 ) (-16 2128 -448 ) 
4 66 69 (0 2112 -448 ) (0 2048 -448 ) (-16 2048 -448 ) (-16 2112 -448 ) 
4 66 70 (-1024 2048 -448 ) (-1024 2240 -448 ) (-16 2240 -448 ) (-16 2048 -448 ) 
4 66 67 (-1024 2256 -448 ) (-1024 2523.939941 -448 ) (0 2523.939941 -448 ) (0 2256 -448 ) 
4 67 73 (-1024 2256 -448 ) (-1024 2523.939941 -448 ) (-1024 2523.939941 -576 ) (-1024 2256 -576 ) 
4 67 71 (-1024 2256 -576 ) (-1024 2523.939941 -576 ) (0 2523.939941 -576 ) (0 2256 -576 ) 
4 68 70 (-16 2240 -448 ) (-16 2240 -576 ) (-16 2128 -576 ) (-16 2128 -448 ) 
4 69 88 (0 2048 -576 ) (0 2048 -448 ) (-16 2048 -448 ) (-16 2048 -576 ) 
4 69 70 (-16 2112 -576 ) (-16 2048 -576 ) (-16 2048 -448 ) (-16 2112 -448 ) 
4 70 89 (-384 2048 -448 ) (-400 2048 -448 ) (-400 2048 -576 ) (-384 2048 -576 ) 
4 70 88 (-16 2048 -448 ) (-384 2048 -448 ) (-384 2048 -576 ) (-16 2048 -576 ) 
4 70 90 (-400 2048 -448 ) (-1024 2048 -448 ) (-1024 2048 -576 ) (-400 2048 -576 ) 
4 70 75 (-1024 2048 -576 ) (-1024 2048 -448 ) (-1024 2240 -448 ) (-1024 2240 -576 ) 
4 71 76 (-1024 2240 -576 ) (-1024 2523.939941 -576 ) (-1024 2523.939941 -734.222046 ) (-1024 2240 -734.222046 ) 
4 71 72 (-1024 2240 -734.222046 ) (0 2240 -734.222046 ) (0 2240 -640 ) (-1024 2240 -640 ) 
4 72 94 (0 2048 -734.222046 ) (0 2048 -640 ) (-1024 2048 -640 ) (-1024 2048 -734.222046 ) 
4 72 77 (-1024 2048 -734.222046 ) (-1024 2048 -640 ) (-1024 2240 -640 ) (-1024 2240 -734.222046 ) 
4 73 78 (-2048 2523.939941 -576 ) (-2048 2256 -576 ) (-2048 2256 1022.219971 ) (-2048 2523.939941 1022.219971 ) 
4 73 76 (-1024 2523.939941 -576 ) (-1024 2256 -576 ) (-2048 2256 -576 ) (-2048 2523.939941 -576 ) 
4 73 74 (-2048 2256 1022.219971 ) (-2048 2256 -448 ) (-1024 2256 -448 ) (-1024 2256 1022.219971 ) 
4 74 95 (-1024 2048 -448 ) (-1024 2048 1022.219971 ) (-2048 2048 1022.219971 ) (-2048 2048 -448 ) 
4 74 79 (-2048 2240 1022.219971 ) (-2048 2256 1022.219971 ) (-2048 2256 -448 ) (-2048 2240 -448 ) 
4 74 80 (-2048 2048 -448 ) (-2048 2048 1022.219971 ) (-2048 2240 1022.219971 ) (-2048 2240 -448 ) 
4 74 75 (-1024 2240 -448 ) (-1024 2048 -448 ) (-2048 2048 -448 ) (-2048 2240 -448 ) 
4 75 95 (-1024 2048 -576 ) (-1024 2048 -448 ) (-2048 2048 -448 ) (-2048 2048 -576 ) 
4 75 80 (-2048 2048 -576 ) (-2048 2048 -448 ) (-2048 2240 -448 ) (-2048 2240 -576 ) 
4 76 84 (-2048 2240 -576 ) (-2048 2523.939941 -576 ) (-2048 2523.939941 -734.222046 ) (-2048 2240 -734.222046 ) 
4 76 77 (-2048 2240 -734.222046 ) (-1024 2240 -734.222046 ) (-1024 2240 -640 ) (-2048 2240 -640 ) 
4 77 96 (-1024 2048 -734.222046 ) (-1024 2048 -640 ) (-2048 2048 -640 ) (-2048 2048 -734.222046 ) 
4 77 85 (-2048 2048 -734.222046 ) (-2048 2048 -640 ) (-2048 2240 -640 ) (-2048 2240 -734.222046 ) 
4 78 84 (-2048 2523.939941 -576 ) (-2048 2256 -576 ) (-2240 2256 -576 ) (-2240 2523.939941 -576 ) 
4 78 82 (-2240 2523.939941 -576 ) (-2240 2256 -576 ) (-2240 2256 -448 ) (-2240 2523.939941 -448 ) 
4 78 81 (-2240 2256 -448 ) (-2240 2256 1022.219971 ) (-2240 2523.939941 1022.219971 ) (-2240 2523.939941 -448 ) 
4 78 79 (-2240 2256 1022.219971 ) (-2240 2256 -448 ) (-2048 2256 -448 ) (-2048 2256 1022.219971 ) 
4 79 81 (-2240 2240 -448 ) (-2240 2240 1022.219971 ) (-2240 2256 1022.219971 ) (-2240 2256 -448 ) 
4 79 80 (-2240 2240 1022.219971 ) (-2240 2240 -448 ) (-2048 2240 -448 ) (-2048 2240 1022.219971 ) 
4 80 102 (-2048 2048 -576 ) (-2048 2048 -448 ) (-2240 2048 -448 ) (-2240 2048 -576 ) 
4 80 101 (-2048 2048 -448 ) (-2048 2048 1022.219971 ) (-2240 2048 1022.219971 ) (-2240 2048 -448 ) 
4 80 81 (-2240 2048 -448 ) (-2240 2048 1022.219971 ) (-2240 2240 1022.219971 ) (-2240 2240 -448 ) 
4 81 101 (-2240 2048 1022.219971 ) (-2256 2048 1022.219971 ) (-2256 2048 -448 ) (-2240 2048 -448 ) 
4 81 82 (-2256 2240 -448 ) (-2256 2523.939941 -448 ) (-2240 2523.939941 -448 ) (-2240 2240 -448 ) 
4 81 83 (-2256 2523.939941 1022.219971 ) (-2256 2523.939941 -448 ) (-2256 2048 -448 ) (-2256 2048 1022.219971 ) 
4 82 84 (-2240 2523.939941 -576 ) (-2240 2240 -576 ) (-2256 2240 -576 ) (-2256 2523.939941 -576 ) 
4 82 83 (-2256 2523.939941 -448 ) (-2256 2523.939941 -576 ) (-2256 2240 -576 ) (-2256 2240 -448 ) 
4 83 103 (-2256 2048 1022.219971 ) (-2523.939941 2048 1022.219971 ) (-2523.939941 2048 -576 ) (-2256 2048 -576 ) 
4 83 86 (-2256 2048 -576 ) (-2523.939941 2048 -576 ) (-2523.939941 2240 -576 ) (-2256 2240 -576 ) 
4 83 84 (-2523.939941 2240 -576 ) (-2523.939941 2523.939941 -576 ) (-2256 2523.939941 -576 ) (-2256 2240 -576 ) 
4 84 85 (-2240 2240 -734.222046 ) (-2048 2240 -734.222046 ) (-2048 2240 -640 ) (-2240 2240 -640 ) 
4 84 86 (-2523.939941 2240 -576 ) (-2523.939941 2240 -734.222046 ) (-2240 2240 -734.222046 ) (-2240 2240 -576 ) 
4 85 104 (-2048 2048 -734.222046 ) (-2048 2048 -640 ) (-2240 2048 -640 ) (-2240 2048 -734.222046 ) 
4 85 86 (-2240 2240 -640 ) (-2240 2240 -734.222046 ) (-2240 2048 -734.222046 ) (-2240 2048 -640 ) 
4 86 105 (-2240 2048 -576 ) (-2523.939941 2048 -576 ) (-2523.939941 2048 -734.222046 ) (-2240 2048 -734.222046 ) 
4 87 97 (0 1024 -448 ) (0 1024 1022.219971 ) (-1024 1024 1022.219971 ) (-1024 1024 -448 ) 
4 87 95 (-1024 2048 1022.219971 ) (-1024 2048 -448 ) (-1024 1024 -448 ) (-1024 1024 1022.219971 ) 
4 87 92 (-240 1584 -448 ) (-240 1024 -448 ) (-400 1024 -448 ) (-400 1584 -448 ) 
4 87 91 (-240 1600 -448 ) (0 1600 -448 ) (0 1024 -448 ) (-240 1024 -448 ) 
4 87 93 (-1024 1024 -448 ) (-1024 1600 -448 ) (-400 1600 -448 ) (-400 1024 -448 ) 
4 87 89 (-400 2048 -448 ) (-384 2048 -448 ) (-384 1760 -448 ) (-400 1760 -448 ) 
4 87 88 (-384 2048 -448 ) (0 2048 -448 ) (0 1600 -448 ) (-384 1600 -448 ) 
4 87 90 (-1024 1600 -448 ) (-1024 2048 -448 ) (-400 2048 -448 ) (-400 1600 -448 ) 
4 88 91 (-240 1600 -576 ) (0 1600 -576 ) (0 1600 -448 ) (-240 1600 -448 ) 
4 88 89 (-384 2048 -576 ) (-384 1760 -576 ) (-384 1760 -448 ) (-384 2048 -448 ) 
4 89 90 (-400 2048 -576 ) (-400 1760 -576 ) (-400 1760 -448 ) (-400 2048 -448 ) 
4 90 95 (-1024 2048 -448 ) (-1024 2048 -576 ) (-1024 1600 -576 ) (-1024 1600 -448 ) 
4 90 93 (-1024 1600 -576 ) (-400 1600 -576 ) (-400 1600 -448 ) (-1024 1600 -448 ) 
4 91 97 (0 1024 -576 ) (0 1024 -448 ) (-240 1024 -448 ) (-240 1024 -576 ) 
4 91 92 (-240 1584 -576 ) (-240 1024 -576 ) (-240 1024 -448 ) (-240 1584 -448 ) 
4 92 97 (-240 1024 -448 ) (-400 1024 -448 ) (-400 1024 -576 ) (-240 1024 -576 ) 
4 92 93 (-400 1584 -576 ) (-400 1024 -576 ) (-400 1024 -448 ) (-400 1584 -448 ) 
4 93 97 (-400 1024 -448 ) (-1024 1024 -448 ) (-1024 1024 -576 ) (-400 1024 -576 ) 
4 93 95 (-1024 1600 -576 ) (-1024 1024 -576 ) (-1024 1024 -448 ) (-1024 1600 -448 ) 
4 94 98 (0 1024 -734.222046 ) (0 1024 -640 ) (-1024 1024 -640 ) (-1024 1024 -734.222046 ) 
4 94 96 (-1024 2048 -640 ) (-1024 2048 -734.222046 ) (-1024 1024 -734.222046 ) (-1024 1024 -640 ) 
4 95 102 (-2048 2048 -448 ) (-2048 2048 -576 ) (-2048 1024 -576 ) (-2048 1024 -448 ) 
4 95 101 (-2048 2048 1022.219971 ) (-2048 2048 -448 ) (-2048 1024 -448 ) (-2048 1024 1022.219971 ) 
4 95 99 (-1024 1024 -576 ) (-1024 1024 1022.219971 ) (-2048 1024 1022.219971 ) (-2048 1024 -576 ) 
4 96 104 (-2048 2048 -640 ) (-2048 2048 -734.222046 ) (-2048 1024 -734.222046 ) (-2048 1024 -640 ) 
4 96 100 (-1024 1024 -734.222046 ) (-1024 1024 -640 ) (-2048 1024 -640 ) (-2048 1024 -734.222046 ) 
4 97 253 (0 0 -576 ) (0 0 -574.073975 ) (-318 0 -574.073975 ) (-318 0 -576 ) 
4 97 254 (-318 0 -574.073975 ) (-1024 0 -574.073975 ) (-1024 0 -576 ) (-318 0 -576 ) 
4 97 248 (-316 0 1022.219971 ) (-336 0 1022.219971 ) (-336 0 -574.073975 ) (-316 0 -574.073975 ) 
4 97 252 (-336 0 1022.219971 ) (-1024 0 1022.219971 ) (-1024 0 -574.073975 ) (-336 0 -574.073975 ) 
4 97 240 (0 0 -574.073975 ) (0 0 -336 ) (-316 0 -336 ) (-316 0 -574.073975 ) 
4 97 239 (0 0 -336 ) (0 0 1022.219971 ) (-316 0 1022.219971 ) (-316 0 -336 ) 
4 97 99 (-1024 1024 1022.219971 ) (-1024 1024 -576 ) (-1024 0 -576 ) (-1024 0 1022.219971 ) 
4 98 255 (0 0 -734.222046 ) (0 0 -640 ) (-1024 0 -640 ) (-1024 0 -734.222046 ) 
4 98 100 (-1024 1024 -640 ) (-1024 1024 -734.222046 ) (-1024 0 -734.222046 ) (-1024 0 -640 ) 
4 99 267 (-1024 0 -576 ) (-1024 0 1022.219971 ) (-2048 0 1022.219971 ) (-2048 0 -576 ) 
4 99 107 (-2048 0 -576 ) (-2048 0 -448 ) (-2048 1024 -448 ) (-2048 1024 -576 ) 
4 99 106 (-2048 0 -448 ) (-2048 0 1022.219971 ) (-2048 1024 1022.219971 ) (-2048 1024 -448 ) 
4 100 268 (-1024 0 -734.222046 ) (-1024 0 -640 ) (-2048 0 -640 ) (-2048 0 -734.222046 ) 
4 100 109 (-2048 0 -734.222046 ) (-2048 0 -640 ) (-2048 1024 -640 ) (-2048 1024 -734.222046 ) 
4 101 106 (-2048 1024 -448 ) (-2048 1024 1022.219971 ) (-2256 1024 1022.219971 ) (-2256 1024 -448 ) 
4 101 103 (-2256 2048 1022.219971 ) (-2256 2048 -448 ) (-2256 1024 -448 ) (-2256 1024 1022.219971 ) 
4 101 102 (-2048 1024 -448 ) (-2240 1024 -448 ) (-2240 2048 -448 ) (-2048 2048 -448 ) 
4 102 107 (-2048 1024 -576 ) (-2048 1024 -448 ) (-2240 1024 -448 ) (-2240 1024 -576 ) 
4 103 108 (-2523.939941 1024 -576 ) (-2256 1024 -576 ) (-2256 1024 1022.219971 ) (-2523.939941 1024 1022.219971 ) 
4 103 105 (-2256 1024 -576 ) (-2523.939941 1024 -576 ) (-2523.939941 2048 -576 ) (-2256 2048 -576 ) 
4 104 109 (-2048 1024 -734.222046 ) (-2048 1024 -640 ) (-2240 1024 -640 ) (-2240 1024 -734.222046 ) 
4 104 105 (-2240 2048 -734.222046 ) (-2240 1024 -734.222046 ) (-2240 1024 -640 ) (-2240 2048 -640 ) 
4 105 110 (-2240 1024 -576 ) (-2523.939941 1024 -576 ) (-2523.939941 1024 -734.222046 ) (-2240 1024 -734.222046 ) 
4 106 283 (-2048 0 -448 ) (-2048 0 1022.219971 ) (-2256 0 1022.219971 ) (-2256 0 -448 ) 
4 106 108 (-2256 1024 1022.219971 ) (-2256 1024 -448 ) (-2256 0 -448 ) (-2256 0 1022.219971 ) 
4 106 107 (-2240 1024 -448 ) (-2048 1024 -448 ) (-2048 0 -448 ) (-2240 0 -448 ) 
4 107 284 (-2048 0 -576 ) (-2048 0 -448 ) (-2240 0 -448 ) (-2240 0 -576 ) 
4 108 285 (-2523.939941 0 -576 ) (-2256 0 -576 ) (-2256 0 1022.219971 ) (-2523.939941 0 1022.219971 ) 
4 108 110 (-2523.939941 1024 -576 ) (-2256 1024 -576 ) (-2256 0 -576 ) (-2523.939941 0 -576 ) 
4 109 286 (-2048 0 -734.222046 ) (-2048 0 -640 ) (-2240 0 -640 ) (-2240 0 -734.222046 ) 
4 109 110 (-2240 1024 -734.222046 ) (-2240 0 -734.222046 ) (-2240 0 -640 ) (-2240 1024 -640 ) 
4 110 287 (-2240 0 -576 ) (-2523.939941 0 -576 ) (-2523.939941 0 -734.222046 ) (-2240 0 -734.222046 ) 
4 111 116 (2523.939941 -1024 1022.219971 ) (2256 -1024 1022.219971 ) (2256 -1024 -576 ) (2523.939941 -1024 -576 ) 
4 111 114 (2523.939941 -1024 -576 ) (2256 -1024 -576 ) (2256 0 -576 ) (2523.939941 0 -576 ) 
4 111 112 (2256 0 1022.219971 ) (2256 0 -448 ) (2256 -1024 -448 ) (2256 -1024 1022.219971 ) 
4 112 123 (2048 0 1022.219971 ) (2048 0 -448 ) (2048 -1024 -448 ) (2048 -1024 1022.219971 ) 
4 112 118 (2048 -1024 1022.219971 ) (2048 -1024 -448 ) (2240 -1024 -448 ) (2240 -1024 1022.219971 ) 
4 112 117 (2240 -1024 -448 ) (2256 -1024 -448 ) (2256 -1024 1022.219971 ) (2240 -1024 1022.219971 ) 
4 112 113 (2048 0 -448 ) (2240 0 -448 ) (2240 -1024 -448 ) (2048 -1024 -448 ) 
4 113 123 (2048 0 -448 ) (2048 0 -576 ) (2048 -1024 -576 ) (2048 -1024 -448 ) 
4 113 119 (2048 -1024 -448 ) (2048 -1024 -576 ) (2240 -1024 -576 ) (2240 -1024 -448 ) 
4 114 121 (2523.939941 -1024 -576 ) (2240 -1024 -576 ) (2240 -1024 -734.222046 ) (2523.939941 -1024 -734.222046 ) 
4 114 115 (2240 0 -734.222046 ) (2240 -1024 -734.222046 ) (2240 -1024 -640 ) (2240 0 -640 ) 
4 115 124 (2048 0 -640 ) (2048 0 -734.222046 ) (2048 -1024 -734.222046 ) (2048 -1024 -640 ) 
4 115 122 (2048 -1024 -640 ) (2048 -1024 -734.222046 ) (2240 -1024 -734.222046 ) (2240 -1024 -640 ) 
4 116 213 (2523.939941 -2048 1022.219971 ) (2256 -2048 1022.219971 ) (2256 -2048 -576 ) (2523.939941 -2048 -576 ) 
4 116 121 (2523.939941 -2048 -576 ) (2256 -2048 -576 ) (2256 -1024 -576 ) (2523.939941 -1024 -576 ) 
4 116 117 (2256 -2048 -448 ) (2256 -2048 1022.219971 ) (2256 -1024 1022.219971 ) (2256 -1024 -448 ) 
4 117 214 (2240 -2048 1022.219971 ) (2240 -2048 -448 ) (2256 -2048 -448 ) (2256 -2048 1022.219971 ) 
4 117 120 (2240 -1734 -448 ) (2240 -2048 -448 ) (2240 -2048 1022.219971 ) (2240 -1734 1022.219971 ) 
4 117 118 (2240 -1024 1022.219971 ) (2240 -1024 -448 ) (2240 -1734 -448 ) (2240 -1734 1022.219971 ) 
4 118 163 (2048 -1024 1022.219971 ) (2048 -1024 -448 ) (2048 -1734 -448 ) (2048 -1734 1022.219971 ) 
4 118 120 (2240 -1734 -448 ) (2240 -1734 1022.219971 ) (2048 -1734 1022.219971 ) (2048 -1734 -448 ) 
4 118 119 (2048 -1732 -448 ) (2048 -1024 -448 ) (2240 -1024 -448 ) (2240 -1732 -448 ) 
4 119 164 (2048 -1024 -448 ) (2048 -1024 -576 ) (2048 -1732 -576 ) (2048 -1732 -448 ) 
4 120 216 (2048 -2048 1022.219971 ) (2048 -2048 -569 ) (2240 -2048 -569 ) (2240 -2048 1022.219971 ) 
4 120 172 (2048 -2048 -569 ) (2048 -2048 -473 ) (2048 -1734 -473 ) (2048 -1734 -569 ) 
4 120 171 (2048 -2048 -473 ) (2048 -2048 1022.219971 ) (2048 -1734 1022.219971 ) (2048 -1734 -473 ) 
4 121 220 (2523.939941 -2048 -576 ) (2240 -2048 -576 ) (2240 -2048 -734.222046 ) (2523.939941 -2048 -734.222046 ) 
4 121 122 (2240 -1024 -734.222046 ) (2240 -2048 -734.222046 ) (2240 -2048 -640 ) (2240 -1024 -640 ) 
4 122 221 (2048 -2048 -640 ) (2048 -2048 -734.222046 ) (2240 -2048 -734.222046 ) (2240 -2048 -640 ) 
4 122 176 (2048 -2048 -734.222046 ) (2048 -2048 -640 ) (2048 -1024 -640 ) (2048 -1024 -734.222046 ) 
4 123 165 (1055 -1024 -448 ) (1044 -1024 -448 ) (1044 -1024 -576 ) (1055 -1024 -576 ) 
4 123 164 (2048 -1024 -576 ) (2048 -1024 -448 ) (1055 -1024 -448 ) (1055 -1024 -576 ) 
4 123 170 (1044 -1024 -448 ) (1024 -1024 -448 ) (1024 -1024 -576 ) (1044 -1024 -576 ) 
4 123 163 (2048 -1024 -448 ) (2048 -1024 1022.219971 ) (1024 -1024 1022.219971 ) (1024 -1024 -448 ) 
4 123 161 (1024 -822 -576 ) (1024 -1024 -576 ) (1024 -1024 -574 ) (1024 -822 -574 ) 
4 123 149 (1024 -1024 -574 ) (1024 -1024 -370 ) (1024 -822 -370 ) (1024 -822 -574 ) 
4 123 148 (1024 -1024 -370 ) (1024 -1024 -336 ) (1024 -822 -336 ) (1024 -822 -370 ) 
4 123 147 (1024 -1024 -336 ) (1024 -1024 1022.219971 ) (1024 -822 1022.219971 ) (1024 -822 -336 ) 
4 123 144 (1024 0 -574.073975 ) (1024 0 -576 ) (1024 -822 -576 ) (1024 -822 -574.073975 ) 
4 123 125 (1024 0 1022.219971 ) (1024 0 -574.073975 ) (1024 -822 -574.073975 ) (1024 -822 1022.219971 ) 
4 124 176 (2048 -1024 -734.222046 ) (2048 -1024 -640 ) (1024 -1024 -640 ) (1024 -1024 -734.222046 ) 
4 124 162 (1024 -822 -734.222046 ) (1024 -1024 -734.222046 ) (1024 -1024 -640 ) (1024 -822 -640 ) 
4 124 146 (1024 0 -640 ) (1024 0 -734.222046 ) (1024 -822 -734.222046 ) (1024 -822 -640 ) 
4 125 149 (1024 -822 -574.073975 ) (1024 -822 -370 ) (976 -822 -370 ) (976 -822 -574.073975 ) 
4 125 148 (1024 -822 -370 ) (1024 -822 -336 ) (976 -822 -336 ) (976 -822 -370 ) 
4 125 147 (1024 -822 -336 ) (1024 -822 1022.219971 ) (976 -822 1022.219971 ) (976 -822 -336 ) 
4 125 144 (1024 -822 -574.073975 ) (976 -822 -574.073975 ) (976 0 -574.073975 ) (1024 0 -574.073975 ) 
4 125 128 (976 -112 -574.073975 ) (976 -822 -574.073975 ) (976 -822 -370 ) (976 -112 -370 ) 
4 125 127 (976 -822 -336 ) (976 -822 1022.219971 ) (976 -112 1022.219971 ) (976 -112 -336 ) 
4 125 126 (976 0 -574.073975 ) (976 -112 -574.073975 ) (976 -112 1022.219971 ) (976 0 1022.219971 ) 
4 126 145 (958 -112 -574.073975 ) (958 0 -574.073975 ) (960 0 -574.073975 ) (960 -112 -574.073975 ) 
4 126 144 (960 0 -574.073975 ) (976 0 -574.073975 ) (976 -112 -574.073975 ) (960 -112 -574.073975 ) 
4 126 131 (958 0 -574.073975 ) (958 -112 -574.073975 ) (958 -112 -336 ) (958 0 -336 ) 
4 126 130 (958 -112 -336 ) (958 -112 1022.219971 ) (958 0 1022.219971 ) (958 0 -336 ) 
4 126 129 (958 -112 -370 ) (958 -112 -574.073975 ) (960 -112 -574.073975 ) (960 -112 -370 ) 
4 126 128 (976 -112 -574.073975 ) (976 -112 -370 ) (960 -112 -370 ) (960 -112 -574.073975 ) 
4 126 127 (976 -112 -336 ) (976 -112 1022.219971 ) (958 -112 1022.219971 ) (958 -112 -336 ) 
4 127 147 (976 -822 1022.219971 ) (958 -822 1022.219971 ) (958 -822 -336 ) (976 -822 -336 ) 
4 127 136 (958 -822 -336 ) (958 -822 1022.219971 ) (958 -806 1022.219971 ) (958 -806 -336 ) 
4 127 130 (958 -806 1022.219971 ) (958 -112 1022.219971 ) (958 -112 -336 ) (958 -806 -336 ) 
4 128 149 (960 -822 -574.073975 ) (976 -822 -574.073975 ) (976 -822 -370 ) (960 -822 -370 ) 
4 128 144 (976 -822 -574.073975 ) (960 -822 -574.073975 ) (960 -112 -574.073975 ) (976 -112 -574.073975 ) 
4 128 129 (960 -112 -370 ) (960 -112 -574.073975 ) (960 -128 -574.073975 ) (960 -128 -370 ) 
4 129 145 (958 -128 -574.073975 ) (958 -112 -574.073975 ) (960 -112 -574.073975 ) (960 -128 -574.073975 ) 
4 129 132 (958 -112 -574.073975 ) (958 -128 -574.073975 ) (958 -128 -370 ) (958 -112 -370 ) 
4 130 239 (0 0 1022.219971 ) (0 0 -336 ) (0 -806 -336 ) (0 -806 1022.219971 ) 
4 130 136 (0 -806 1022.219971 ) (0 -806 -336 ) (958 -806 -336 ) (958 -806 1022.219971 ) 
4 130 131 (0 -112 -336 ) (0 0 -336 ) (958 0 -336 ) (958 -112 -336 ) 
4 131 240 (0 0 -336 ) (0 0 -574.073975 ) (0 -112 -574.073975 ) (0 -112 -336 ) 
4 131 145 (0 -112 -574.073975 ) (0 0 -574.073975 ) (958 0 -574.073975 ) (958 -112 -574.073975 ) 
4 131 134 (0 -112 -574.073975 ) (368 -112 -574.073975 ) (368 -112 -370 ) (0 -112 -370 ) 
4 131 132 (368 -112 -574.073975 ) (958 -112 -574.073975 ) (958 -112 -370 ) (368 -112 -370 ) 
4 132 145 (368 -112 -574.073975 ) (958 -112 -574.073975 ) (958 -128 -574.073975 ) (368 -128 -574.073975 ) 
4 132 134 (368 -112 -370 ) (368 -112 -574.073975 ) (368 -128 -574.073975 ) (368 -128 -370 ) 
4 133 143 (490 -806 -574.073975 ) (534 -806 -574.073975 ) (534 -806 -570 ) (490 -806 -570 ) 
4 133 141 (534 -806 -541 ) (490 -806 -541 ) (490 -806 -570 ) (534 -806 -570 ) 
4 133 137 (534 -806 -465.875000 ) (490 -806 -465.875000 ) (490 -806 -541 ) (534 -806 -541 ) 
4 133 135 (368 -130 -574.073975 ) (368 -806 -574.073975 ) (368 -806 -370 ) (368 -130 -370 ) 
4 134 241 (0 -112 -574.073975 ) (0 -128 -574.073975 ) (0 -128 -370 ) (0 -112 -370 ) 
4 134 145 (0 -128 -574.073975 ) (0 -112 -574.073975 ) (368 -112 -574.073975 ) (368 -128 -574.073975 ) 
4 135 242 (0 -130 -574.073975 ) (0 -806 -574.073975 ) (0 -806 -370 ) (0 -130 -370 ) 
4 135 142 (0 -806 -541 ) (0 -806 -570 ) (95 -806 -570 ) (95 -806 -541 ) 
4 135 139 (158 -806 -541 ) (326 -806 -541 ) (326 -806 -442 ) (158 -806 -442 ) 
4 135 140 (0 -806 -442 ) (0 -806 -541 ) (95 -806 -541 ) (95 -806 -442 ) 
4 135 138 (158 -806 -442 ) (326 -806 -442 ) (326 -806 -413 ) (158 -806 -413 ) 
4 136 243 (0 -822 -336 ) (0 -822 1022.219971 ) (0 -806 1022.219971 ) (0 -806 -336 ) 
4 136 155 (0 -822 1022.219971 ) (0 -822 -336 ) (384 -822 -336 ) (384 -822 1022.219971 ) 
4 136 147 (384 -822 -336 ) (958 -822 -336 ) (958 -822 1022.219971 ) (384 -822 1022.219971 ) 
4 137 153 (490 -822 -541 ) (534 -822 -541 ) (534 -822 -465.875000 ) (490 -822 -465.875000 ) 
4 137 141 (490 -806 -541 ) (534 -806 -541 ) (534 -822 -541 ) (490 -822 -541 ) 
4 138 157 (158 -822 -442 ) (326 -822 -442 ) (326 -822 -413 ) (158 -822 -413 ) 
4 138 139 (158 -806 -442 ) (326 -806 -442 ) (326 -822 -442 ) (158 -822 -442 ) 
4 139 157 (158 -822 -541 ) (326 -822 -541 ) (326 -822 -442 ) (158 -822 -442 ) 
4 140 245 (0 -822 -541 ) (0 -822 -442 ) (0 -806 -442 ) (0 -806 -541 ) 
4 140 157 (0 -822 -442 ) (0 -822 -541 ) (95 -822 -541 ) (95 -822 -442 ) 
4 140 142 (0 -806 -541 ) (95 -806 -541 ) (95 -822 -541 ) (0 -822 -541 ) 
4 141 153 (490 -822 -570 ) (534 -822 -570 ) (534 -822 -541 ) (490 -822 -541 ) 
4 141 143 (490 -806 -570 ) (534 -806 -570 ) (534 -822 -570 ) (490 -822 -570 ) 
4 142 247 (0 -822 -570 ) (0 -822 -541 ) (0 -806 -541 ) (0 -806 -570 ) 
4 142 160 (0 -822 -569.500000 ) (0 -822 -570 ) (95 -822 -570 ) (95 -822 -569.500000 ) 
4 142 159 (0 -822 -569 ) (0 -822 -569.500000 ) (93 -822 -569.500000 ) (93 -822 -569 ) 
4 142 157 (0 -822 -541 ) (0 -822 -569 ) (95 -822 -569 ) (95 -822 -541 ) 
4 143 153 (490 -822 -574.073975 ) (534 -822 -574.073975 ) (534 -822 -570 ) (490 -822 -570 ) 
4 144 161 (1024 -822 -576 ) (1024 -822 -574.073975 ) (960 -822 -574.073975 ) (960 -822 -576 ) 
4 144 145 (960 0 -576 ) (960 -128 -576 ) (960 -128 -574.073975 ) (960 0 -574.073975 ) 
4 145 253 (0 0 -574.073975 ) (0 0 -576 ) (0 -128 -576 ) (0 -128 -574.073975 ) 
4 146 255 (0 0 -640 ) (0 0 -734.222046 ) (0 -822 -734.222046 ) (0 -822 -640 ) 
4 146 162 (1024 -822 -734.222046 ) (1024 -822 -640 ) (0 -822 -640 ) (0 -822 -734.222046 ) 
4 147 198 (394 -1024 1022.219971 ) (384 -1024 1022.219971 ) (384 -1024 -336 ) (394 -1024 -336 ) 
4 147 177 (1024 -1024 -336 ) (1024 -1024 1022.219971 ) (394 -1024 1022.219971 ) (394 -1024 -336 ) 
4 147 155 (384 -822 1022.219971 ) (384 -822 -336 ) (384 -1024 -336 ) (384 -1024 1022.219971 ) 
4 147 148 (976 -822 -336 ) (1024 -822 -336 ) (1024 -1024 -336 ) (976 -1024 -336 ) 
4 148 178 (1024 -1024 -370 ) (1024 -1024 -336 ) (976 -1024 -336 ) (976 -1024 -370 ) 
4 148 149 (1024 -1024 -370 ) (976 -1024 -370 ) (976 -822 -370 ) (1024 -822 -370 ) 
4 149 187 (1024 -1024 -574 ) (1024 -1024 -468 ) (960 -1024 -468 ) (960 -1024 -574 ) 
4 149 182 (1024 -1024 -468 ) (1024 -1024 -452 ) (960 -1024 -452 ) (960 -1024 -468 ) 
4 149 179 (1024 -1024 -452 ) (1024 -1024 -370 ) (960 -1024 -370 ) (960 -1024 -452 ) 
4 149 161 (1024 -1024 -574 ) (960 -1024 -574 ) (960 -822 -574 ) (1024 -822 -574 ) 
4 149 150 (960 -848 -574 ) (960 -892 -574 ) (960 -892 -468 ) (960 -848 -468 ) 
4 150 154 (950 -848 -574 ) (950 -892 -574 ) (950 -892 -468 ) (950 -848 -468 ) 
4 151 181 (950 -1024 -370 ) (394 -1024 -370 ) (394 -1024 -447 ) (950 -1024 -447 ) 
4 151 152 (394 -824 -447 ) (950 -824 -447 ) (950 -1024 -447 ) (394 -1024 -447 ) 
4 152 186 (394 -1024 -465.875000 ) (950 -1024 -465.875000 ) (950 -1024 -452 ) (394 -1024 -452 ) 
4 152 181 (950 -1024 -452 ) (950 -1024 -447 ) (394 -1024 -447 ) (394 -1024 -452 ) 
4 152 154 (394 -824 -465.875000 ) (950 -824 -465.875000 ) (950 -1024 -465.875000 ) (394 -1024 -465.875000 ) 
4 153 154 (490 -824 -574 ) (534 -824 -574 ) (534 -824 -465.875000 ) (490 -824 -465.875000 ) 
4 154 191 (394 -1024 -574 ) (950 -1024 -574 ) (950 -1024 -468 ) (394 -1024 -468 ) 
4 154 186 (950 -1024 -468 ) (950 -1024 -465.875000 ) (394 -1024 -465.875000 ) (394 -1024 -468 ) 
4 155 256 (0 -839 1022.219971 ) (0 -822 1022.219971 ) (0 -822 -336 ) (0 -839 -336 ) 
4 155 258 (0 -1024 -336 ) (0 -1024 1022.219971 ) (0 -839 1022.219971 ) (0 -839 -336 ) 
4 155 202 (368 -1024 -336 ) (384 -1024 -336 ) (384 -1024 1022.219971 ) (368 -1024 1022.219971 ) 
4 155 204 (0 -1024 1022.219971 ) (0 -1024 -336 ) (368 -1024 -336 ) (368 -1024 1022.219971 ) 
4 155 158 (368 -839 -336 ) (368 -1024 -336 ) (0 -1024 -336 ) (0 -839 -336 ) 
4 156 203 (368 -1024 -569 ) (384 -1024 -569 ) (384 -1024 -370 ) (368 -1024 -370 ) 
4 156 157 (368 -822 -569 ) (368 -839 -569 ) (368 -839 -370 ) (368 -822 -370 ) 
4 156 158 (368 -839 -569 ) (368 -1024 -569 ) (368 -1024 -370 ) (368 -839 -370 ) 
4 157 261 (0 -824 -569 ) (0 -839 -569 ) (0 -839 -448 ) (0 -824 -448 ) 
4 157 260 (0 -822 -448 ) (0 -822 -569 ) (0 -824 -569 ) (0 -824 -448 ) 
4 157 257 (0 -822 -370 ) (0 -822 -448 ) (0 -839 -448 ) (0 -839 -370 ) 
4 157 159 (0 -824 -569 ) (0 -822 -569 ) (93 -822 -569 ) (93 -824 -569 ) 
4 157 158 (0 -839 -569 ) (368 -839 -569 ) (368 -839 -370 ) (0 -839 -370 ) 
4 158 261 (0 -1024 -569 ) (0 -1024 -448 ) (0 -839 -448 ) (0 -839 -569 ) 
4 158 258 (0 -1024 -448 ) (0 -1024 -336 ) (0 -839 -336 ) (0 -839 -448 ) 
4 158 204 (0 -1024 -336 ) (0 -1024 -569 ) (368 -1024 -569 ) (368 -1024 -336 ) 
4 159 260 (0 -824 -569 ) (0 -822 -569 ) (0 -822 -569.500000 ) (0 -824 -569.500000 ) 
4 159 160 (0 -822 -569.500000 ) (93 -822 -569.500000 ) (93 -822.500000 -569.500000 ) (0 -822.500000 -569.500000 ) 
4 160 263 (0 -822.500000 -569.500000 ) (0 -822 -569.500000 ) (0 -822 -570 ) (0 -822.500000 -570 ) 
4 161 205 (1024 -1024 -576 ) (1024 -1024 -574 ) (960 -1024 -574 ) (960 -1024 -576 ) 
4 162 266 (0 -1024 -734.222046 ) (0 -1024 -640 ) (0 -822 -640 ) (0 -822 -734.222046 ) 
4 162 206 (1024 -1024 -734.222046 ) (1024 -1024 -640 ) (0 -1024 -640 ) (0 -1024 -734.222046 ) 
4 163 180 (1024 -1732 -448 ) (1024 -1734 -448 ) (1024 -1734 -370 ) (1024 -1732 -370 ) 
4 163 179 (1024 -1024 -370 ) (1024 -1024 -448 ) (1024 -1732 -448 ) (1024 -1732 -370 ) 
4 163 178 (1024 -1024 -336 ) (1024 -1024 -370 ) (1024 -1734 -370 ) (1024 -1734 -336 ) 
4 163 177 (1024 -1024 1022.219971 ) (1024 -1024 -336 ) (1024 -1734 -336 ) (1024 -1734 1022.219971 ) 
4 163 171 (1024 -1734 1022.219971 ) (1024 -1734 -448 ) (2048 -1734 -448 ) (2048 -1734 1022.219971 ) 
4 163 166 (1055 -1531 -448 ) (1055 -1659 -448 ) (1044 -1659 -448 ) (1044 -1531 -448 ) 
4 163 165 (1044 -1024 -448 ) (1055 -1024 -448 ) (1055 -1531 -448 ) (1044 -1531 -448 ) 
4 163 169 (1055 -1659 -448 ) (1055 -1732 -448 ) (1044 -1732 -448 ) (1044 -1659 -448 ) 
4 163 164 (1055 -1024 -448 ) (2048 -1024 -448 ) (2048 -1732 -448 ) (1055 -1732 -448 ) 
4 163 170 (1024 -1732 -448 ) (1024 -1024 -448 ) (1044 -1024 -448 ) (1044 -1732 -448 ) 
4 164 167 (1055 -1659 -574 ) (1055 -1659 -452 ) (1055 -1531 -452 ) (1055 -1531 -574 ) 
4 164 166 (1055 -1659 -452 ) (1055 -1659 -448 ) (1055 -1531 -448 ) (1055 -1531 -452 ) 
4 164 168 (1055 -1531 -576 ) (1055 -1659 -576 ) (1055 -1659 -574 ) (1055 -1531 -574 ) 
4 164 165 (1055 -1024 -576 ) (1055 -1531 -576 ) (1055 -1531 -448 ) (1055 -1024 -448 ) 
4 164 169 (1055 -1659 -576 ) (1055 -1732 -576 ) (1055 -1732 -448 ) (1055 -1659 -448 ) 
4 165 167 (1044 -1531 -452 ) (1044 -1531 -574 ) (1055 -1531 -574 ) (1055 -1531 -452 ) 
4 165 166 (1044 -1531 -448 ) (1044 -1531 -452 ) (1055 -1531 -452 ) (1055 -1531 -448 ) 
4 165 168 (1044 -1531 -574 ) (1044 -1531 -576 ) (1055 -1531 -576 ) (1055 -1531 -574 ) 
4 165 170 (1044 -1024 -576 ) (1044 -1531 -576 ) (1044 -1531 -448 ) (1044 -1024 -448 ) 
4 166 169 (1044 -1659 -448 ) (1044 -1659 -452 ) (1055 -1659 -452 ) (1055 -1659 -448 ) 
4 166 170 (1044 -1659 -452 ) (1044 -1659 -448 ) (1044 -1531 -448 ) (1044 -1531 -452 ) 
4 166 167 (1055 -1659 -452 ) (1044 -1659 -452 ) (1044 -1531 -452 ) (1055 -1531 -452 ) 
4 167 168 (1055 -1659 -574 ) (1044 -1659 -574 ) (1044 -1531 -574 ) (1055 -1531 -574 ) 
4 167 169 (1044 -1659 -452 ) (1044 -1659 -574 ) (1055 -1659 -574 ) (1055 -1659 -452 ) 
4 167 170 (1044 -1659 -574 ) (1044 -1659 -452 ) (1044 -1531 -452 ) (1044 -1531 -574 ) 
4 168 170 (1044 -1531 -576 ) (1044 -1659 -576 ) (1044 -1659 -574 ) (1044 -1531 -574 ) 
4 168 169 (1044 -1659 -574 ) (1044 -1659 -576 ) (1055 -1659 -576 ) (1055 -1659 -574 ) 
4 169 170 (1044 -1659 -576 ) (1044 -1732 -576 ) (1044 -1732 -448 ) (1044 -1659 -448 ) 
4 170 205 (1024 -1024 -574 ) (1024 -1024 -576 ) (1024 -1732 -576 ) (1024 -1732 -574 ) 
4 170 187 (1024 -1024 -468 ) (1024 -1024 -574 ) (1024 -1732 -574 ) (1024 -1732 -468 ) 
4 170 182 (1024 -1024 -452 ) (1024 -1024 -468 ) (1024 -1732 -468 ) (1024 -1732 -452 ) 
4 170 179 (1024 -1024 -448 ) (1024 -1024 -452 ) (1024 -1732 -452 ) (1024 -1732 -448 ) 
4 171 223 (2048 -2048 -473 ) (2048 -2048 1022.219971 ) (1024 -2048 1022.219971 ) (1024 -2048 -473 ) 
4 171 207 (1024 -2048 -473 ) (1024 -2048 1022.219971 ) (1024 -1734 1022.219971 ) (1024 -1734 -473 ) 
4 171 174 (1986 -2048 -473 ) (1984 -2048 -473 ) (1984 -1911 -473 ) (1986 -1911 -473 ) 
4 171 173 (1984 -1911 -473 ) (1984 -1734 -473 ) (1986 -1734 -473 ) (1986 -1911 -473 ) 
4 171 172 (2048 -2048 -473 ) (1986 -2048 -473 ) (1986 -1734 -473 ) (2048 -1734 -473 ) 
4 171 175 (1984 -2048 -473 ) (1024 -2048 -473 ) (1024 -1734 -473 ) (1984 -1734 -473 ) 
4 172 224 (2048 -2048 -569 ) (2048 -2048 -473 ) (1986 -2048 -473 ) (1986 -2048 -569 ) 
4 172 174 (1986 -1911 -569 ) (1986 -2048 -569 ) (1986 -2048 -473 ) (1986 -1911 -473 ) 
4 172 173 (1986 -1734 -569 ) (1986 -1911 -569 ) (1986 -1911 -473 ) (1986 -1734 -473 ) 
4 173 175 (1984 -1734 -569 ) (1984 -1911 -569 ) (1984 -1911 -473 ) (1984 -1734 -473 ) 
4 173 174 (1984 -1911 -473 ) (1984 -1911 -569 ) (1986 -1911 -569 ) (1986 -1911 -473 ) 
4 174 225 (1986 -2048 -473 ) (1984 -2048 -473 ) (1984 -2048 -569 ) (1986 -2048 -569 ) 
4 174 175 (1984 -1911 -569 ) (1984 -2048 -569 ) (1984 -2048 -473 ) (1984 -1911 -473 ) 
4 175 227 (1984 -2048 -473 ) (1024 -2048 -473 ) (1024 -2048 -569 ) (1984 -2048 -569 ) 
4 175 207 (1024 -2048 -569 ) (1024 -2048 -473 ) (1024 -1734 -473 ) (1024 -1734 -569 ) 
4 176 231 (2048 -2048 -734.222046 ) (2048 -2048 -640 ) (1024 -2048 -640 ) (1024 -2048 -734.222046 ) 
4 176 212 (1024 -1734 -734.222046 ) (1024 -2048 -734.222046 ) (1024 -2048 -640 ) (1024 -1734 -640 ) 
4 176 206 (1024 -1024 -640 ) (1024 -1024 -734.222046 ) (1024 -1734 -734.222046 ) (1024 -1734 -640 ) 
4 177 208 (976 -1734 1022.219971 ) (394 -1734 1022.219971 ) (394 -1734 -336 ) (976 -1734 -336 ) 
4 177 207 (1024 -1734 -336 ) (1024 -1734 1022.219971 ) (976 -1734 1022.219971 ) (976 -1734 -336 ) 
4 177 198 (394 -1734 -336 ) (394 -1734 1022.219971 ) (394 -1024 1022.219971 ) (394 -1024 -336 ) 
4 177 178 (1024 -1734 -336 ) (976 -1734 -336 ) (976 -1024 -336 ) (1024 -1024 -336 ) 
4 178 207 (1024 -1734 -370 ) (1024 -1734 -336 ) (976 -1734 -336 ) (976 -1734 -370 ) 
4 178 180 (1024 -1734 -370 ) (976 -1734 -370 ) (976 -1732 -370 ) (1024 -1732 -370 ) 
4 178 179 (976 -1732 -370 ) (976 -1024 -370 ) (1024 -1024 -370 ) (1024 -1732 -370 ) 
4 179 182 (960 -1732 -452 ) (960 -1024 -452 ) (1024 -1024 -452 ) (1024 -1732 -452 ) 
4 179 180 (960 -1732 -370 ) (960 -1732 -448 ) (1024 -1732 -448 ) (1024 -1732 -370 ) 
4 180 209 (976 -1734 -370 ) (960 -1734 -370 ) (960 -1734 -448 ) (976 -1734 -448 ) 
4 180 207 (1024 -1734 -448 ) (1024 -1734 -370 ) (976 -1734 -370 ) (976 -1734 -448 ) 
4 181 201 (394 -1504 -452 ) (394 -1632 -452 ) (394 -1632 -447 ) (394 -1504 -447 ) 
4 181 200 (394 -1280 -452 ) (394 -1408 -452 ) (394 -1408 -447 ) (394 -1280 -447 ) 
4 181 199 (394 -1056 -452 ) (394 -1184 -452 ) (394 -1184 -447 ) (394 -1056 -447 ) 
4 181 186 (394 -1724 -452 ) (394 -1024 -452 ) (950 -1024 -452 ) (950 -1724 -452 ) 
4 182 187 (960 -1732 -468 ) (960 -1024 -468 ) (1024 -1024 -468 ) (1024 -1732 -468 ) 
4 182 185 (960 -1504 -468 ) (960 -1632 -468 ) (960 -1632 -452 ) (960 -1504 -452 ) 
4 182 184 (960 -1280 -468 ) (960 -1408 -468 ) (960 -1408 -452 ) (960 -1280 -452 ) 
4 182 183 (960 -1056 -468 ) (960 -1184 -468 ) (960 -1184 -452 ) (960 -1056 -452 ) 
4 183 188 (950 -1184 -468 ) (950 -1056 -468 ) (960 -1056 -468 ) (960 -1184 -468 ) 
4 183 186 (950 -1056 -468 ) (950 -1184 -468 ) (950 -1184 -452 ) (950 -1056 -452 ) 
4 184 189 (950 -1408 -468 ) (950 -1280 -468 ) (960 -1280 -468 ) (960 -1408 -468 ) 
4 184 186 (950 -1280 -468 ) (950 -1408 -468 ) (950 -1408 -452 ) (950 -1280 -452 ) 
4 185 190 (950 -1632 -468 ) (950 -1504 -468 ) (960 -1504 -468 ) (960 -1632 -468 ) 
4 185 186 (950 -1504 -468 ) (950 -1632 -468 ) (950 -1632 -452 ) (950 -1504 -452 ) 
4 186 201 (394 -1632 -452 ) (394 -1504 -452 ) (394 -1504 -468 ) (394 -1632 -468 ) 
4 186 200 (394 -1408 -452 ) (394 -1280 -452 ) (394 -1280 -468 ) (394 -1408 -468 ) 
4 186 199 (394 -1184 -452 ) (394 -1056 -452 ) (394 -1056 -468 ) (394 -1184 -468 ) 
4 186 197 (394 -1724 -468 ) (394 -1632 -468 ) (950 -1632 -468 ) (950 -1724 -468 ) 
4 186 196 (394 -1632 -468 ) (394 -1504 -468 ) (950 -1504 -468 ) (950 -1632 -468 ) 
4 186 194 (394 -1408 -468 ) (394 -1280 -468 ) (950 -1280 -468 ) (950 -1408 -468 ) 
4 186 195 (394 -1504 -468 ) (394 -1408 -468 ) (950 -1408 -468 ) (950 -1504 -468 ) 
4 186 192 (394 -1184 -468 ) (394 -1056 -468 ) (950 -1056 -468 ) (950 -1184 -468 ) 
4 186 191 (394 -1056 -468 ) (394 -1024 -468 ) (950 -1024 -468 ) (950 -1056 -468 ) 
4 186 193 (394 -1280 -468 ) (394 -1184 -468 ) (950 -1184 -468 ) (950 -1280 -468 ) 
4 187 205 (960 -1732 -574 ) (960 -1024 -574 ) (1024 -1024 -574 ) (1024 -1732 -574 ) 
4 187 190 (960 -1504 -574 ) (960 -1632 -574 ) (960 -1632 -468 ) (960 -1504 -468 ) 
4 187 188 (960 -1056 -574 ) (960 -1184 -574 ) (960 -1184 -468 ) (960 -1056 -468 ) 
4 187 189 (960 -1280 -574 ) (960 -1408 -574 ) (960 -1408 -468 ) (960 -1280 -468 ) 
4 188 192 (950 -1056 -574 ) (950 -1184 -574 ) (950 -1184 -468 ) (950 -1056 -468 ) 
4 189 194 (950 -1280 -574 ) (950 -1408 -574 ) (950 -1408 -468 ) (950 -1280 -468 ) 
4 190 196 (950 -1504 -574 ) (950 -1632 -574 ) (950 -1632 -468 ) (950 -1504 -468 ) 
5 191 192 (950 -1056 -574 ) (950 -1056 -468 ) (394 -1056 -468 ) (394 -1056 -569 ) (416 -1056 -574 ) 
4 192 199 (394 -1184 -569 ) (394 -1184 -468 ) (394 -1056 -468 ) (394 -1056 -569 ) 
5 192 193 (950 -1184 -574 ) (950 -1184 -468 ) (394 -1184 -468 ) (394 -1184 -569 ) (416 -1184 -574 ) 
5 193 194 (950 -1280 -574 ) (950 -1280 -468 ) (394 -1280 -468 ) (394 -1280 -569 ) (416 -1280 -574 ) 
4 194 200 (394 -1408 -569 ) (394 -1408 -468 ) (394 -1280 -468 ) (394 -1280 -569 ) 
5 194 195 (950 -1408 -574 ) (950 -1408 -468 ) (394 -1408 -468 ) (394 -1408 -569 ) (416 -1408 -574 ) 
5 195 196 (950 -1504 -574 ) (950 -1504 -468 ) (394 -1504 -468 ) (394 -1504 -569 ) (416 -1504 -574 ) 
4 196 201 (394 -1632 -568.750000 ) (394 -1632 -468 ) (394 -1504 -468 ) (394 -1504 -568.750000 ) 
5 196 197 (950 -1632 -574 ) (950 -1632 -468 ) (394 -1632 -468 ) (394 -1632 -569 ) (416 -1632 -574 ) 
4 198 208 (384 -1734 1022.219971 ) (384 -1734 -336 ) (394 -1734 -336 ) (394 -1734 1022.219971 ) 
4 198 202 (384 -1734 -336 ) (384 -1734 1022.219971 ) (384 -1024 1022.219971 ) (384 -1024 -336 ) 
4 199 203 (384 -1056 -569 ) (384 -1184 -569 ) (384 -1184 -447 ) (384 -1056 -447 ) 
4 200 203 (384 -1280 -569 ) (384 -1408 -569 ) (384 -1408 -447 ) (384 -1280 -447 ) 
4 201 203 (384 -1632 -447 ) (384 -1504 -447 ) (384 -1504 -568.750000 ) (384 -1632 -568.750000 ) 
4 202 208 (384 -1734 -336 ) (384 -1734 1022.219971 ) (368 -1734 1022.219971 ) (368 -1734 -336 ) 
4 202 204 (368 -1734 -336 ) (368 -1734 1022.219971 ) (368 -1024 1022.219971 ) (368 -1024 -336 ) 
4 203 209 (368 -1734 -569 ) (384 -1734 -569 ) (384 -1734 -370 ) (368 -1734 -370 ) 
4 203 204 (368 -1024 -569 ) (368 -1734 -569 ) (368 -1734 -370 ) (368 -1024 -370 ) 
4 204 270 (0 -1734 -569 ) (0 -1734 -448 ) (0 -1024 -448 ) (0 -1024 -569 ) 
4 204 269 (0 -1734 -448 ) (0 -1734 1022.219971 ) (0 -1024 1022.219971 ) (0 -1024 -448 ) 
4 204 211 (0 -1734 1022.219971 ) (0 -1734 -569 ) (368 -1734 -569 ) (368 -1734 1022.219971 ) 
4 206 277 (0 -1734 -734.222046 ) (0 -1734 -640 ) (0 -1024 -640 ) (0 -1024 -734.222046 ) 
4 206 212 (1024 -1734 -734.222046 ) (1024 -1734 -640 ) (0 -1734 -640 ) (0 -1734 -734.222046 ) 
4 207 233 (1024 -2048 -569 ) (1024 -2048 1022.219971 ) (976 -2048 1022.219971 ) (976 -2048 -569 ) 
4 207 208 (976 -1752 -336 ) (976 -1752 1022.219971 ) (976 -1734 1022.219971 ) (976 -1734 -336 ) 
4 207 209 (976 -1734 -569 ) (976 -1752 -569 ) (976 -1752 -370 ) (976 -1734 -370 ) 
4 207 210 (976 -1752 -569 ) (976 -2048 -569 ) (976 -2048 1022.219971 ) (976 -1752 1022.219971 ) 
4 208 211 (368 -1752 -336 ) (368 -1752 1022.219971 ) (368 -1734 1022.219971 ) (368 -1734 -336 ) 
4 208 210 (368 -1752 1022.219971 ) (368 -1752 -336 ) (976 -1752 -336 ) (976 -1752 1022.219971 ) 
4 209 210 (368 -1752 -370 ) (368 -1752 -569 ) (976 -1752 -569 ) (976 -1752 -370 ) 
4 209 211 (368 -1734 -569 ) (368 -1752 -569 ) (368 -1752 -370 ) (368 -1734 -370 ) 
4 210 233 (976 -2048 1022.219971 ) (368 -2048 1022.219971 ) (368 -2048 -569 ) (976 -2048 -569 ) 
4 210 211 (368 -1752 -569 ) (368 -2048 -569 ) (368 -2048 1022.219971 ) (368 -1752 1022.219971 ) 
4 211 276 (0 -2048 -569 ) (0 -2048 1022.219971 ) (0 -1734 1022.219971 ) (0 -1734 -569 ) 
4 211 233 (368 -2048 1022.219971 ) (0 -2048 1022.219971 ) (0 -2048 -569 ) (368 -2048 -569 ) 
4 212 277 (0 -2048 -734.222046 ) (0 -2048 -640 ) (0 -1734 -640 ) (0 -1734 -734.222046 ) 
4 212 237 (1024 -2048 -734.222046 ) (1024 -2048 -640 ) (0 -2048 -640 ) (0 -2048 -734.222046 ) 
4 213 220 (2256 -2048 -576 ) (2523.939941 -2048 -576 ) (2523.939941 -2523.939941 -576 ) (2256 -2523.939941 -576 ) 
4 213 215 (2256 -2240 -576 ) (2256 -2523.939941 -576 ) (2256 -2523.939941 -448 ) (2256 -2240 -448 ) 
4 213 214 (2256 -2523.939941 -448 ) (2256 -2523.939941 1022.219971 ) (2256 -2048 1022.219971 ) (2256 -2048 -448 ) 
4 214 219 (2240 -2256 -448 ) (2240 -2523.939941 -448 ) (2240 -2523.939941 1022.219971 ) (2240 -2256 1022.219971 ) 
4 214 218 (2240 -2240 -448 ) (2240 -2256 -448 ) (2240 -2256 1022.219971 ) (2240 -2240 1022.219971 ) 
4 214 216 (2240 -2048 1022.219971 ) (2240 -2048 -448 ) (2240 -2224 -448 ) (2240 -2224 1022.219971 ) 
4 214 217 (2240 -2224 -448 ) (2240 -2240 -448 ) (2240 -2240 1022.219971 ) (2240 -2224 1022.219971 ) 
4 214 215 (2256 -2240 -448 ) (2256 -2523.939941 -448 ) (2240 -2523.939941 -448 ) (2240 -2240 -448 ) 
4 215 220 (2240 -2523.939941 -576 ) (2240 -2240 -576 ) (2256 -2240 -576 ) (2256 -2523.939941 -576 ) 
4 215 219 (2240 -2256 -576 ) (2240 -2523.939941 -576 ) (2240 -2523.939941 -448 ) (2240 -2256 -448 ) 
4 216 224 (2048 -2048 -473 ) (2048 -2048 -569 ) (2048 -2224 -569 ) (2048 -2224 -473 ) 
4 216 223 (2048 -2048 1022.219971 ) (2048 -2048 -473 ) (2048 -2224 -473 ) (2048 -2224 1022.219971 ) 
4 216 217 (2240 -2224 -569 ) (2240 -2224 1022.219971 ) (2048 -2224 1022.219971 ) (2048 -2224 -569 ) 
4 217 228 (2048 -2224 -576 ) (2048 -2240 -576 ) (2048 -2240 -569 ) (2048 -2224 -569 ) 
4 217 224 (2048 -2240 -569 ) (2048 -2240 -473 ) (2048 -2224 -473 ) (2048 -2224 -569 ) 
4 217 223 (2048 -2240 -473 ) (2048 -2240 1022.219971 ) (2048 -2224 1022.219971 ) (2048 -2224 -473 ) 
4 217 218 (2240 -2240 -448 ) (2240 -2240 1022.219971 ) (2048 -2240 1022.219971 ) (2048 -2240 -448 ) 
4 218 229 (2048 -2256 -448 ) (2048 -2256 1022.219971 ) (2048 -2240 1022.219971 ) (2048 -2240 -448 ) 
4 218 219 (2240 -2256 -448 ) (2240 -2256 1022.219971 ) (2048 -2256 1022.219971 ) (2048 -2256 -448 ) 
4 219 230 (2048 -2256 -576 ) (2048 -2523.939941 -576 ) (2048 -2523.939941 1022.219971 ) (2048 -2256 1022.219971 ) 
4 219 222 (2048 -2523.939941 -576 ) (2048 -2256 -576 ) (2240 -2256 -576 ) (2240 -2523.939941 -576 ) 
4 220 221 (2240 -2048 -734.222046 ) (2240 -2240 -734.222046 ) (2240 -2240 -640 ) (2240 -2048 -640 ) 
4 220 222 (2240 -2240 -734.222046 ) (2240 -2523.939941 -734.222046 ) (2240 -2523.939941 -576 ) (2240 -2240 -576 ) 
4 221 231 (2048 -2048 -640 ) (2048 -2048 -734.222046 ) (2048 -2240 -734.222046 ) (2048 -2240 -640 ) 
4 221 222 (2048 -2240 -734.222046 ) (2240 -2240 -734.222046 ) (2240 -2240 -640 ) (2048 -2240 -640 ) 
4 222 232 (2048 -2240 -734.222046 ) (2048 -2523.939941 -734.222046 ) (2048 -2523.939941 -576 ) (2048 -2240 -576 ) 
4 223 233 (1024 -2048 1022.219971 ) (1024 -2048 -473 ) (1024 -2240 -473 ) (1024 -2240 1022.219971 ) 
4 223 229 (1024 -2240 1022.219971 ) (1024 -2240 -448 ) (2048 -2240 -448 ) (2048 -2240 1022.219971 ) 
4 223 226 (1986 -2240 -473 ) (1984 -2240 -473 ) (1984 -2072 -473 ) (1986 -2072 -473 ) 
4 223 225 (1984 -2072 -473 ) (1984 -2048 -473 ) (1986 -2048 -473 ) (1986 -2072 -473 ) 
4 223 224 (2048 -2240 -473 ) (1986 -2240 -473 ) (1986 -2048 -473 ) (2048 -2048 -473 ) 
4 223 227 (1984 -2240 -473 ) (1024 -2240 -473 ) (1024 -2048 -473 ) (1984 -2048 -473 ) 
4 224 228 (2048 -2240 -569 ) (1986 -2240 -569 ) (1986 -2224 -569 ) (2048 -2224 -569 ) 
4 224 226 (1986 -2072 -569 ) (1986 -2240 -569 ) (1986 -2240 -473 ) (1986 -2072 -473 ) 
4 224 225 (1986 -2048 -569 ) (1986 -2072 -569 ) (1986 -2072 -473 ) (1986 -2048 -473 ) 
4 225 227 (1984 -2048 -569 ) (1984 -2072 -569 ) (1984 -2072 -473 ) (1984 -2048 -473 ) 
4 225 226 (1984 -2072 -473 ) (1984 -2072 -569 ) (1986 -2072 -569 ) (1986 -2072 -473 ) 
4 226 228 (1986 -2240 -569 ) (1984 -2240 -569 ) (1984 -2224 -569 ) (1986 -2224 -569 ) 
4 226 227 (1984 -2072 -569 ) (1984 -2240 -569 ) (1984 -2240 -473 ) (1984 -2072 -473 ) 
4 227 233 (1024 -2048 -473 ) (1024 -2048 -569 ) (1024 -2240 -569 ) (1024 -2240 -473 ) 
4 227 228 (1984 -2240 -569 ) (1024 -2240 -569 ) (1024 -2224 -569 ) (1984 -2224 -569 ) 
4 228 234 (1024 -2224 -576 ) (1024 -2240 -576 ) (1024 -2240 -569 ) (1024 -2224 -569 ) 
4 229 235 (1024 -2256 -448 ) (1024 -2256 1022.219971 ) (1024 -2240 1022.219971 ) (1024 -2240 -448 ) 
4 229 230 (2048 -2256 -448 ) (2048 -2256 1022.219971 ) (1024 -2256 1022.219971 ) (1024 -2256 -448 ) 
4 230 236 (1024 -2256 -576 ) (1024 -2523.939941 -576 ) (1024 -2523.939941 1022.219971 ) (1024 -2256 1022.219971 ) 
4 230 232 (1024 -2523.939941 -576 ) (1024 -2256 -576 ) (2048 -2256 -576 ) (2048 -2523.939941 -576 ) 
4 231 237 (1024 -2048 -640 ) (1024 -2048 -734.222046 ) (1024 -2240 -734.222046 ) (1024 -2240 -640 ) 
4 231 232 (1024 -2240 -734.222046 ) (2048 -2240 -734.222046 ) (2048 -2240 -640 ) (1024 -2240 -640 ) 
4 232 238 (1024 -2240 -734.222046 ) (1024 -2523.939941 -734.222046 ) (1024 -2523.939941 -576 ) (1024 -2240 -576 ) 
4 233 297 (0 -2048 1022.219971 ) (0 -2048 -569 ) (0 -2240 -569 ) (0 -2240 1022.219971 ) 
4 233 235 (0 -2240 1022.219971 ) (0 -2240 -448 ) (1024 -2240 -448 ) (1024 -2240 1022.219971 ) 
4 233 234 (1024 -2240 -569 ) (0 -2240 -569 ) (0 -2224 -569 ) (1024 -2224 -569 ) 
4 234 298 (0 -2224 -576 ) (0 -2240 -576 ) (0 -2240 -569 ) (0 -2224 -569 ) 
4 235 299 (0 -2240 1022.219971 ) (0 -2240 -448 ) (0 -2256 -448 ) (0 -2256 1022.219971 ) 
4 235 236 (1024 -2256 -448 ) (1024 -2256 1022.219971 ) (0 -2256 1022.219971 ) (0 -2256 -448 ) 
4 236 300 (0 -2523.939941 1022.219971 ) (0 -2256 1022.219971 ) (0 -2256 -576 ) (0 -2523.939941 -576 ) 
4 236 238 (1024 -2256 -576 ) (1024 -2523.939941 -576 ) (0 -2523.939941 -576 ) (0 -2256 -576 ) 
4 237 301 (0 -2048 -640 ) (0 -2048 -734.222046 ) (0 -2240 -734.222046 ) (0 -2240 -640 ) 
4 237 238 (0 -2240 -734.222046 ) (1024 -2240 -734.222046 ) (1024 -2240 -640 ) (0 -2240 -640 ) 
4 238 302 (0 -2523.939941 -576 ) (0 -2240 -576 ) (0 -2240 -734.222046 ) (0 -2523.939941 -734.222046 ) 
4 239 249 (-316 -806 -336 ) (-316 -806 1022.219971 ) (-316 -112 1022.219971 ) (-316 -112 -336 ) 
4 239 248 (-316 -112 1022.219971 ) (-316 0 1022.219971 ) (-316 0 -336 ) (-316 -112 -336 ) 
4 239 243 (-316 -806 1022.219971 ) (-316 -806 -336 ) (0 -806 -336 ) (0 -806 1022.219971 ) 
4 239 240 (-316 -112 -336 ) (-316 0 -336 ) (0 0 -336 ) (0 -112 -336 ) 
4 240 253 (-316 -112 -574.073975 ) (-316 0 -574.073975 ) (0 0 -574.073975 ) (0 -112 -574.073975 ) 
4 240 248 (-316 0 -574.073975 ) (-316 -112 -574.073975 ) (-316 -112 -336 ) (-316 0 -336 ) 
4 240 241 (-316 -112 -370 ) (-316 -112 -574.073975 ) (0 -112 -574.073975 ) (0 -112 -370 ) 
4 241 253 (-316 -128 -574.073975 ) (-316 -112 -574.073975 ) (0 -112 -574.073975 ) (0 -128 -574.073975 ) 
4 241 250 (-316 -112 -574.073975 ) (-316 -128 -574.073975 ) (-316 -128 -370 ) (-316 -112 -370 ) 
4 242 247 (-33 -806 -570 ) (0 -806 -570 ) (0 -806 -541 ) (-33 -806 -541 ) 
4 242 245 (-33 -806 -541 ) (0 -806 -541 ) (0 -806 -442 ) (-33 -806 -442 ) 
4 242 246 (-256 -806 -541 ) (-88 -806 -541 ) (-88 -806 -442 ) (-256 -806 -442 ) 
4 242 244 (-88 -806 -413 ) (-256 -806 -413 ) (-256 -806 -442 ) (-88 -806 -442 ) 
4 243 256 (0 -822 -336 ) (0 -822 1022.219971 ) (-316 -822 1022.219971 ) (-316 -822 -336 ) 
4 243 249 (-316 -822 -336 ) (-316 -822 1022.219971 ) (-316 -806 1022.219971 ) (-316 -806 -336 ) 
4 244 257 (-88 -822 -413 ) (-256 -822 -413 ) (-256 -822 -442 ) (-88 -822 -442 ) 
4 244 246 (-88 -822 -442 ) (-256 -822 -442 ) (-256 -806 -442 ) (-88 -806 -442 ) 
4 245 262 (-31 -822 -448 ) (-33 -822 -448 ) (-33 -822 -541 ) (-31 -822 -541 ) 
4 245 260 (0 -822 -541 ) (0 -822 -448 ) (-31 -822 -448 ) (-31 -822 -541 ) 
4 245 257 (0 -822 -448 ) (0 -822 -442 ) (-33 -822 -442 ) (-33 -822 -448 ) 
4 245 247 (0 -822 -541 ) (-33 -822 -541 ) (-33 -806 -541 ) (0 -806 -541 ) 
4 246 264 (-256 -822 -448 ) (-256 -822 -541 ) (-88 -822 -541 ) (-88 -822 -448 ) 
4 246 257 (-88 -822 -442 ) (-256 -822 -442 ) (-256 -822 -448 ) (-88 -822 -448 ) 
4 247 263 (0 -822 -570 ) (0 -822 -569.500000 ) (-33 -822 -569.500000 ) (-33 -822 -570 ) 
4 247 262 (-31 -822 -541 ) (-33 -822 -541 ) (-33 -822 -569 ) (-31 -822 -569 ) 
4 247 260 (0 -822 -569.500000 ) (0 -822 -541 ) (-31 -822 -541 ) (-31 -822 -569.500000 ) 
4 248 253 (-318 0 -574.073975 ) (-316 0 -574.073975 ) (-316 -112 -574.073975 ) (-318 -112 -574.073975 ) 
4 248 254 (-336 -112 -574.073975 ) (-336 0 -574.073975 ) (-318 0 -574.073975 ) (-318 -112 -574.073975 ) 
4 248 251 (-336 -112 -370 ) (-336 -112 -574.073975 ) (-318 -112 -574.073975 ) (-318 -112 -370 ) 
4 248 250 (-318 -112 -574.073975 ) (-316 -112 -574.073975 ) (-316 -112 -370 ) (-318 -112 -370 ) 
4 248 249 (-336 -112 1022.219971 ) (-336 -112 -336 ) (-316 -112 -336 ) (-316 -112 1022.219971 ) 
4 248 252 (-336 0 -574.073975 ) (-336 -112 -574.073975 ) (-336 -112 1022.219971 ) (-336 0 1022.219971 ) 
4 249 256 (-316 -822 -336 ) (-316 -822 1022.219971 ) (-336 -822 1022.219971 ) (-336 -822 -336 ) 
4 249 252 (-336 -822 -336 ) (-336 -822 1022.219971 ) (-336 -112 1022.219971 ) (-336 -112 -336 ) 
4 250 253 (-318 -128 -574.073975 ) (-318 -112 -574.073975 ) (-316 -112 -574.073975 ) (-316 -128 -574.073975 ) 
4 250 251 (-318 -112 -370 ) (-318 -112 -574.073975 ) (-318 -128 -574.073975 ) (-318 -128 -370 ) 
4 251 265 (-336 -822 -574.073975 ) (-318 -822 -574.073975 ) (-318 -822 -448 ) (-336 -822 -448 ) 
4 251 257 (-318 -822 -448 ) (-318 -822 -370 ) (-336 -822 -370 ) (-336 -822 -448 ) 
4 251 254 (-318 -822 -574.073975 ) (-336 -822 -574.073975 ) (-336 -112 -574.073975 ) (-318 -112 -574.073975 ) 
4 251 252 (-336 -112 -574.073975 ) (-336 -822 -574.073975 ) (-336 -822 -370 ) (-336 -112 -370 ) 
4 252 267 (-1024 0 1022.219971 ) (-1024 0 -574.073975 ) (-1024 -822 -574.073975 ) (-1024 -822 1022.219971 ) 
4 252 265 (-1024 -822 -448 ) (-1024 -822 -574.073975 ) (-336 -822 -574.073975 ) (-336 -822 -448 ) 
4 252 259 (-1024 -822 1022.219971 ) (-1024 -822 -448 ) (-336 -822 -448 ) (-336 -822 1022.219971 ) 
4 252 254 (-336 -822 -574.073975 ) (-1024 -822 -574.073975 ) (-1024 0 -574.073975 ) (-336 0 -574.073975 ) 
4 253 254 (-318 0 -576 ) (-318 -128 -576 ) (-318 -128 -574.073975 ) (-318 0 -574.073975 ) 
4 254 267 (-1024 0 -574.073975 ) (-1024 0 -576 ) (-1024 -822 -576 ) (-1024 -822 -574.073975 ) 
4 254 265 (-318 -822 -574.073975 ) (-1024 -822 -574.073975 ) (-1024 -822 -576 ) (-318 -822 -576 ) 
4 255 268 (-1024 0 -640 ) (-1024 0 -734.222046 ) (-1024 -822 -734.222046 ) (-1024 -822 -640 ) 
4 255 266 (0 -822 -734.222046 ) (0 -822 -640 ) (-1024 -822 -640 ) (-1024 -822 -734.222046 ) 
4 256 259 (-336 -839 -336 ) (-336 -839 1022.219971 ) (-336 -822 1022.219971 ) (-336 -822 -336 ) 
4 256 258 (-336 -839 1022.219971 ) (-336 -839 -336 ) (0 -839 -336 ) (0 -839 1022.219971 ) 
4 257 265 (-336 -839 -448 ) (-336 -822 -448 ) (-318 -822 -448 ) (-318 -839 -448 ) 
4 257 264 (-316 -822 -448 ) (-33 -822 -448 ) (-33 -839 -448 ) (-316 -839 -448 ) 
4 257 262 (-33 -822 -448 ) (-31 -822 -448 ) (-31 -839 -448 ) (-33 -839 -448 ) 
4 257 261 (0 -824 -448 ) (0 -839 -448 ) (-31 -839 -448 ) (-31 -824 -448 ) 
4 257 260 (-31 -822 -448 ) (0 -822 -448 ) (0 -824 -448 ) (-31 -824 -448 ) 
4 257 258 (-336 -839 -370 ) (-336 -839 -448 ) (0 -839 -448 ) (0 -839 -370 ) 
4 257 259 (-336 -822 -448 ) (-336 -839 -448 ) (-336 -839 -370 ) (-336 -822 -370 ) 
4 258 269 (0 -1024 -448 ) (0 -1024 1022.219971 ) (-336 -1024 1022.219971 ) (-336 -1024 -448 ) 
4 258 265 (-318 -1024 -448 ) (-336 -1024 -448 ) (-336 -839 -448 ) (-318 -839 -448 ) 
4 258 264 (-33 -1024 -448 ) (-316 -1024 -448 ) (-316 -839 -448 ) (-33 -839 -448 ) 
4 258 262 (-31 -1024 -448 ) (-33 -1024 -448 ) (-33 -839 -448 ) (-31 -839 -448 ) 
4 258 261 (0 -1024 -448 ) (-31 -1024 -448 ) (-31 -839 -448 ) (0 -839 -448 ) 
4 258 259 (-336 -839 -448 ) (-336 -1024 -448 ) (-336 -1024 1022.219971 ) (-336 -839 1022.219971 ) 
4 259 269 (-336 -1024 1022.219971 ) (-1024 -1024 1022.219971 ) (-1024 -1024 -448 ) (-336 -1024 -448 ) 
4 259 267 (-1024 -1024 -448 ) (-1024 -1024 1022.219971 ) (-1024 -822 1022.219971 ) (-1024 -822 -448 ) 
4 259 265 (-336 -1024 -448 ) (-1024 -1024 -448 ) (-1024 -822 -448 ) (-336 -822 -448 ) 
4 260 263 (-31 -822.500000 -569.500000 ) (-31 -822 -569.500000 ) (0 -822 -569.500000 ) (0 -822.500000 -569.500000 ) 
4 260 262 (-31 -824 -569 ) (-31 -824 -448 ) (-31 -822 -448 ) (-31 -822 -569 ) 
4 260 261 (-31 -824 -448 ) (-31 -824 -569 ) (0 -824 -569 ) (0 -824 -448 ) 
4 261 270 (0 -1024 -569 ) (0 -1024 -448 ) (-31 -1024 -448 ) (-31 -1024 -569 ) 
4 261 262 (-31 -1024 -569 ) (-31 -1024 -448 ) (-31 -824 -448 ) (-31 -824 -569 ) 
4 262 271 (-31 -1024 -448 ) (-33 -1024 -448 ) (-33 -1024 -569 ) (-31 -1024 -569 ) 
4 262 264 (-33 -1024 -569 ) (-33 -1024 -448 ) (-33 -822 -448 ) (-33 -822 -569 ) 
4 264 272 (-33 -1024 -448 ) (-316 -1024 -448 ) (-316 -1024 -569 ) (-33 -1024 -569 ) 
4 265 274 (-318 -1024 -448 ) (-1024 -1024 -448 ) (-1024 -1024 -576 ) (-318 -1024 -576 ) 
4 265 267 (-1024 -1024 -576 ) (-1024 -1024 -448 ) (-1024 -822 -448 ) (-1024 -822 -576 ) 
4 266 277 (0 -1024 -734.222046 ) (0 -1024 -640 ) (-1024 -1024 -640 ) (-1024 -1024 -734.222046 ) 
4 266 268 (-1024 -1024 -734.222046 ) (-1024 -1024 -640 ) (-1024 -822 -640 ) (-1024 -822 -734.222046 ) 
4 267 284 (-2048 0 -448 ) (-2048 0 -576 ) (-2048 -1024 -576 ) (-2048 -1024 -448 ) 
4 267 283 (-2048 0 1022.219971 ) (-2048 0 -448 ) (-2048 -1024 -448 ) (-2048 -1024 1022.219971 ) 
4 267 279 (-1024 -1024 -576 ) (-1024 -1024 -448 ) (-2048 -1024 -448 ) (-2048 -1024 -576 ) 
4 267 278 (-1024 -1024 -448 ) (-1024 -1024 1022.219971 ) (-2048 -1024 1022.219971 ) (-2048 -1024 -448 ) 
4 268 286 (-2048 0 -640 ) (-2048 0 -734.222046 ) (-2048 -1024 -734.222046 ) (-2048 -1024 -640 ) 
4 268 282 (-1024 -1024 -734.222046 ) (-1024 -1024 -640 ) (-2048 -1024 -640 ) (-2048 -1024 -734.222046 ) 
4 269 280 (-1024 -1714 -448 ) (-1024 -1734 -448 ) (-1024 -1734 1022.219971 ) (-1024 -1714 1022.219971 ) 
4 269 278 (-1024 -1024 1022.219971 ) (-1024 -1024 -448 ) (-1024 -1714 -448 ) (-1024 -1714 1022.219971 ) 
4 269 276 (-1024 -1734 1022.219971 ) (-1024 -1734 -448 ) (0 -1734 -448 ) (0 -1734 1022.219971 ) 
4 269 274 (-1024 -1712 -448 ) (-1024 -1024 -448 ) (-318 -1024 -448 ) (-318 -1712 -448 ) 
4 269 275 (-318 -1734 -448 ) (-1024 -1734 -448 ) (-1024 -1714 -448 ) (-318 -1714 -448 ) 
4 269 273 (-316 -1734 -448 ) (-318 -1734 -448 ) (-318 -1714 -448 ) (-316 -1714 -448 ) 
4 269 272 (-33 -1734 -448 ) (-316 -1734 -448 ) (-316 -1024 -448 ) (-33 -1024 -448 ) 
4 269 271 (-31 -1734 -448 ) (-33 -1734 -448 ) (-33 -1024 -448 ) (-31 -1024 -448 ) 
4 269 270 (0 -1734 -448 ) (-31 -1734 -448 ) (-31 -1024 -448 ) (0 -1024 -448 ) 
4 270 276 (0 -1734 -569 ) (0 -1734 -448 ) (-31 -1734 -448 ) (-31 -1734 -569 ) 
4 270 271 (-31 -1734 -569 ) (-31 -1734 -448 ) (-31 -1024 -448 ) (-31 -1024 -569 ) 
4 271 276 (-31 -1734 -448 ) (-33 -1734 -448 ) (-33 -1734 -569 ) (-31 -1734 -569 ) 
4 271 272 (-33 -1734 -569 ) (-33 -1734 -448 ) (-33 -1024 -448 ) (-33 -1024 -569 ) 
4 272 276 (-33 -1734 -569 ) (-33 -1734 -448 ) (-316 -1734 -448 ) (-316 -1734 -569 ) 
4 272 273 (-316 -1734 -569 ) (-316 -1734 -448 ) (-316 -1714 -448 ) (-316 -1714 -569 ) 
4 273 276 (-316 -1734 -569 ) (-316 -1734 -448 ) (-318 -1734 -448 ) (-318 -1734 -569 ) 
4 273 275 (-318 -1714 -576 ) (-318 -1734 -576 ) (-318 -1734 -448 ) (-318 -1714 -448 ) 
4 274 279 (-1024 -1024 -448 ) (-1024 -1024 -576 ) (-1024 -1712 -576 ) (-1024 -1712 -448 ) 
4 275 281 (-1024 -1714 -576 ) (-1024 -1734 -576 ) (-1024 -1734 -569 ) (-1024 -1714 -569 ) 
4 275 280 (-1024 -1734 -569 ) (-1024 -1734 -448 ) (-1024 -1714 -448 ) (-1024 -1714 -569 ) 
4 275 276 (-1024 -1734 -448 ) (-1024 -1734 -569 ) (-318 -1734 -569 ) (-318 -1734 -448 ) 
4 276 297 (0 -2048 -569 ) (0 -2048 1022.219971 ) (-1024 -2048 1022.219971 ) (-1024 -2048 -569 ) 
4 276 280 (-1024 -2048 -569 ) (-1024 -2048 1022.219971 ) (-1024 -1734 1022.219971 ) (-1024 -1734 -569 ) 
4 277 301 (0 -2048 -734.222046 ) (0 -2048 -640 ) (-1024 -2048 -640 ) (-1024 -2048 -734.222046 ) 
4 277 282 (-1024 -1024 -640 ) (-1024 -1024 -734.222046 ) (-1024 -2048 -734.222046 ) (-1024 -2048 -640 ) 
4 278 288 (-2048 -1024 1022.219971 ) (-2048 -1024 -448 ) (-2048 -1714 -448 ) (-2048 -1714 1022.219971 ) 
4 278 280 (-2048 -1714 1022.219971 ) (-2048 -1714 -448 ) (-1024 -1714 -448 ) (-1024 -1714 1022.219971 ) 
4 278 279 (-2048 -1712 -448 ) (-2048 -1024 -448 ) (-1024 -1024 -448 ) (-1024 -1712 -448 ) 
4 279 289 (-2048 -1024 -448 ) (-2048 -1024 -576 ) (-2048 -1712 -576 ) (-2048 -1712 -448 ) 
4 280 303 (-1024 -2048 -569 ) (-1024 -2048 1022.219971 ) (-2048 -2048 1022.219971 ) (-2048 -2048 -569 ) 
4 280 291 (-2048 -2048 -569 ) (-2048 -2048 -448 ) (-2048 -1714 -448 ) (-2048 -1714 -569 ) 
4 280 288 (-2048 -2048 -448 ) (-2048 -2048 1022.219971 ) (-2048 -1714 1022.219971 ) (-2048 -1714 -448 ) 
4 280 281 (-2048 -1714 -569 ) (-1024 -1714 -569 ) (-1024 -1734 -569 ) (-2048 -1734 -569 ) 
4 281 292 (-2048 -1734 -569 ) (-2048 -1714 -569 ) (-2048 -1714 -576 ) (-2048 -1734 -576 ) 
4 282 307 (-1024 -2048 -734.222046 ) (-1024 -2048 -640 ) (-2048 -2048 -640 ) (-2048 -2048 -734.222046 ) 
4 282 295 (-2048 -2048 -734.222046 ) (-2048 -2048 -640 ) (-2048 -1024 -640 ) (-2048 -1024 -734.222046 ) 
4 283 293 (-2240 -1024 1022.219971 ) (-2256 -1024 1022.219971 ) (-2256 -1024 -448 ) (-2240 -1024 -448 ) 
4 283 288 (-2048 -1024 -448 ) (-2048 -1024 1022.219971 ) (-2240 -1024 1022.219971 ) (-2240 -1024 -448 ) 
4 283 285 (-2256 0 1022.219971 ) (-2256 0 -448 ) (-2256 -1024 -448 ) (-2256 -1024 1022.219971 ) 
4 283 284 (-2048 -1024 -448 ) (-2240 -1024 -448 ) (-2240 0 -448 ) (-2048 0 -448 ) 
4 284 289 (-2048 -1024 -576 ) (-2048 -1024 -448 ) (-2240 -1024 -448 ) (-2240 -1024 -576 ) 
4 285 294 (-2523.939941 -1024 -576 ) (-2256 -1024 -576 ) (-2256 -1024 1022.219971 ) (-2523.939941 -1024 1022.219971 ) 
4 285 287 (-2256 -1024 -576 ) (-2523.939941 -1024 -576 ) (-2523.939941 0 -576 ) (-2256 0 -576 ) 
4 286 295 (-2048 -1024 -734.222046 ) (-2048 -1024 -640 ) (-2240 -1024 -640 ) (-2240 -1024 -734.222046 ) 
4 286 287 (-2240 0 -734.222046 ) (-2240 -1024 -734.222046 ) (-2240 -1024 -640 ) (-2240 0 -640 ) 
4 287 296 (-2240 -1024 -576 ) (-2523.939941 -1024 -576 ) (-2523.939941 -1024 -734.222046 ) (-2240 -1024 -734.222046 ) 
4 288 309 (-2048 -2048 -448 ) (-2048 -2048 1022.219971 ) (-2240 -2048 1022.219971 ) (-2240 -2048 -448 ) 
4 288 293 (-2240 -1024 1022.219971 ) (-2240 -1024 -448 ) (-2240 -2048 -448 ) (-2240 -2048 1022.219971 ) 
4 288 291 (-2240 -2048 -448 ) (-2240 -1714 -448 ) (-2048 -1714 -448 ) (-2048 -2048 -448 ) 
4 288 290 (-2240 -1714 -448 ) (-2240 -1712 -448 ) (-2238 -1712 -448 ) (-2238 -1714 -448 ) 
4 288 289 (-2240 -1712 -448 ) (-2240 -1024 -448 ) (-2048 -1024 -448 ) (-2048 -1712 -448 ) 
4 289 290 (-2238 -1712 -448 ) (-2240 -1712 -448 ) (-2240 -1712 -576 ) (-2238 -1712 -576 ) 
4 290 292 (-2240 -1714 -569 ) (-2240 -1714 -576 ) (-2238 -1714 -576 ) (-2238 -1714 -569 ) 
4 290 291 (-2238 -1714 -448 ) (-2240 -1714 -448 ) (-2240 -1714 -569 ) (-2238 -1714 -569 ) 
4 291 309 (-2048 -2048 -569 ) (-2048 -2048 -448 ) (-2240 -2048 -448 ) (-2240 -2048 -569 ) 
4 291 292 (-2240 -1734 -569 ) (-2240 -1714 -569 ) (-2048 -1714 -569 ) (-2048 -1734 -569 ) 
4 293 313 (-2256 -2048 1022.219971 ) (-2256 -2048 -448 ) (-2240 -2048 -448 ) (-2240 -2048 1022.219971 ) 
4 293 294 (-2256 -2048 -448 ) (-2256 -2048 1022.219971 ) (-2256 -1024 1022.219971 ) (-2256 -1024 -448 ) 
4 294 314 (-2523.939941 -2048 -576 ) (-2256 -2048 -576 ) (-2256 -2048 1022.219971 ) (-2523.939941 -2048 1022.219971 ) 
4 294 296 (-2523.939941 -1024 -576 ) (-2256 -1024 -576 ) (-2256 -2048 -576 ) (-2523.939941 -2048 -576 ) 
4 295 316 (-2048 -2048 -734.222046 ) (-2048 -2048 -640 ) (-2240 -2048 -640 ) (-2240 -2048 -734.222046 ) 
4 295 296 (-2240 -1024 -734.222046 ) (-2240 -2048 -734.222046 ) (-2240 -2048 -640 ) (-2240 -1024 -640 ) 
4 296 318 (-2240 -2048 -576 ) (-2523.939941 -2048 -576 ) (-2523.939941 -2048 -734.222046 ) (-2240 -2048 -734.222046 ) 
4 297 303 (-1024 -2048 1022.219971 ) (-1024 -2048 -569 ) (-1024 -2240 -569 ) (-1024 -2240 1022.219971 ) 
4 297 299 (-1024 -2240 1022.219971 ) (-1024 -2240 -448 ) (0 -2240 -448 ) (0 -2240 1022.219971 ) 
4 297 298 (0 -2240 -569 ) (-1024 -2240 -569 ) (-1024 -2224 -569 ) (0 -2224 -569 ) 
4 298 304 (-1024 -2224 -576 ) (-1024 -2240 -576 ) (-1024 -2240 -569 ) (-1024 -2224 -569 ) 
4 299 305 (-1024 -2256 -448 ) (-1024 -2256 1022.219971 ) (-1024 -2240 1022.219971 ) (-1024 -2240 -448 ) 
4 299 300 (0 -2256 -448 ) (0 -2256 1022.219971 ) (-1024 -2256 1022.219971 ) (-1024 -2256 -448 ) 
4 300 306 (-1024 -2256 -576 ) (-1024 -2523.939941 -576 ) (-1024 -2523.939941 1022.219971 ) (-1024 -2256 1022.219971 ) 
4 300 302 (-1024 -2523.939941 -576 ) (-1024 -2256 -576 ) (0 -2256 -576 ) (0 -2523.939941 -576 ) 
4 301 307 (-1024 -2048 -640 ) (-1024 -2048 -734.222046 ) (-1024 -2240 -734.222046 ) (-1024 -2240 -640 ) 
4 301 302 (-1024 -2240 -734.222046 ) (0 -2240 -734.222046 ) (0 -2240 -640 ) (-1024 -2240 -640 ) 
4 302 308 (-1024 -2240 -734.222046 ) (-1024 -2523.939941 -734.222046 ) (-1024 -2523.939941 -576 ) (-1024 -2240 -576 ) 
4 303 309 (-2048 -2048 1022.219971 ) (-2048 -2048 -569 ) (-2048 -2224 -569 ) (-2048 -2224 1022.219971 ) 
4 303 310 (-2048 -2224 -569 ) (-2048 -2240 -569 ) (-2048 -2240 1022.219971 ) (-2048 -2224 1022.219971 ) 
4 303 305 (-2048 -2240 1022.219971 ) (-2048 -2240 -448 ) (-1024 -2240 -448 ) (-1024 -2240 1022.219971 ) 
4 303 304 (-1024 -2240 -569 ) (-2048 -2240 -569 ) (-2048 -2224 -569 ) (-1024 -2224 -569 ) 
4 304 310 (-2048 -2224 -576 ) (-2048 -2240 -576 ) (-2048 -2240 -569 ) (-2048 -2224 -569 ) 
4 305 311 (-2048 -2256 -448 ) (-2048 -2256 1022.219971 ) (-2048 -2240 1022.219971 ) (-2048 -2240 -448 ) 
4 305 306 (-1024 -2256 -448 ) (-1024 -2256 1022.219971 ) (-2048 -2256 1022.219971 ) (-2048 -2256 -448 ) 
4 306 312 (-2048 -2256 -576 ) (-2048 -2523.939941 -576 ) (-2048 -2523.939941 1022.219971 ) (-2048 -2256 1022.219971 ) 
4 306 308 (-1024 -2256 -576 ) (-1024 -2523.939941 -576 ) (-2048 -2523.939941 -576 ) (-2048 -2256 -576 ) 
4 307 316 (-2048 -2048 -640 ) (-2048 -2048 -734.222046 ) (-2048 -2240 -734.222046 ) (-2048 -2240 -640 ) 
4 307 308 (-2048 -2240 -734.222046 ) (-1024 -2240 -734.222046 ) (-1024 -2240 -640 ) (-2048 -2240 -640 ) 
4 308 317 (-2048 -2240 -734.222046 ) (-2048 -2523.939941 -734.222046 ) (-2048 -2523.939941 -576 ) (-2048 -2240 -576 ) 
4 309 313 (-2240 -2048 1022.219971 ) (-2240 -2048 -448 ) (-2240 -2224 -448 ) (-2240 -2224 1022.219971 ) 
4 309 310 (-2048 -2224 1022.219971 ) (-2240 -2224 1022.219971 ) (-2240 -2224 -569 ) (-2048 -2224 -569 ) 
4 310 313 (-2240 -2240 -448 ) (-2240 -2240 1022.219971 ) (-2240 -2224 1022.219971 ) (-2240 -2224 -448 ) 
4 310 311 (-2048 -2240 1022.219971 ) (-2240 -2240 1022.219971 ) (-2240 -2240 -448 ) (-2048 -2240 -448 ) 
4 311 315 (-2240 -2256 -448 ) (-2240 -2256 1022.219971 ) (-2240 -2240 1022.219971 ) (-2240 -2240 -448 ) 
4 311 312 (-2048 -2256 1022.219971 ) (-2240 -2256 1022.219971 ) (-2240 -2256 -448 ) (-2048 -2256 -448 ) 
4 312 317 (-2240 -2523.939941 -576 ) (-2240 -2256 -576 ) (-2048 -2256 -576 ) (-2048 -2523.939941 -576 ) 
4 312 315 (-2240 -2256 -576 ) (-2240 -2523.939941 -576 ) (-2240 -2523.939941 1022.219971 ) (-2240 -2256 1022.219971 ) 
4 313 315 (-2240 -2240 -448 ) (-2240 -2240 1022.219971 ) (-2256 -2240 1022.219971 ) (-2256 -2240 -448 ) 
4 313 314 (-2256 -2240 -448 ) (-2256 -2240 1022.219971 ) (-2256 -2048 1022.219971 ) (-2256 -2048 -448 ) 
4 314 318 (-2523.939941 -2240 -576 ) (-2523.939941 -2048 -576 ) (-2256 -2048 -576 ) (-2256 -2240 -576 ) 
4 314 315 (-2523.939941 -2240 1022.219971 ) (-2523.939941 -2240 -576 ) (-2256 -2240 -576 ) (-2256 -2240 1022.219971 ) 
4 315 318 (-2523.939941 -2523.939941 -576 ) (-2523.939941 -2240 -576 ) (-2240 -2240 -576 ) (-2240 -2523.939941 -576 ) 
4 316 317 (-2240 -2240 -640 ) (-2240 -2240 -734.222046 ) (-2048 -2240 -734.222046 ) (-2048 -2240 -640 ) 
4 316 318 (-2240 -2048 -734.222046 ) (-2240 -2240 -734.222046 ) (-2240 -2240 -640 ) (-2240 -2048 -640 ) 
4 317 318 (-2240 -2240 -734.222046 ) (-2240 -2523.939941 -734.222046 ) (-2240 -2523.939941 -576 ) (-2240 -2240 -576 ) 
